#
# A fatal error has been detected by the Java Runtime Environment:
#
#  EXCEPTION_ACCESS_VIOLATION (0xc0000005) at pc=0x00007ffa948f4c11, pid=6004, tid=4544
#
# JRE version: OpenJDK Runtime Environment (11.0.2+9) (build 11.0.2+9)
# Java VM: OpenJDK 64-Bit Server VM (11.0.2+9, mixed mode, tiered, compressed oops, g1 gc, windows-amd64)
# Problematic frame:
# C  [librdi_simdata.dll+0x44c11]
#
# No core dump will be written. Minidumps are not enabled by default on client versions of Windows
#
# If you would like to submit a bug report, please visit:
#   http://bugreport.java.com/bugreport/crash.jsp
# The crash happened outside the Java Virtual Machine in native code.
# See problematic frame for where to report the bug.
#

---------------  S U M M A R Y ------------

Command Line: -Dsun.java2d.pmoffscreen=false -Dhttps.protocols=TLSv1,TLSv1.1,TLSv1.2 -Dsun.java2d.xrender=false -Dsun.java2d.d3d=false -Dsun.awt.nopixfmt=true -Dsun.java2d.dpiaware=true -Dsun.java2d.uiScale.enabled=false -Xverify:none -Dswing.aatext=true -XX:-UsePerfData -Djdk.map.althashing.threshold=512 -XX:StringTableSize=4072 --add-opens=java.base/java.nio=ALL-UNNAMED --add-opens=java.desktop/sun.swing=ALL-UNNAMED --add-opens=java.desktop/javax.swing=ALL-UNNAMED --add-opens=java.desktop/javax.swing.tree=ALL-UNNAMED --add-opens=java.desktop/javax.swing.plaf.basic=ALL-UNNAMED --add-opens=java.desktop/javax.swing.plaf.synth=ALL-UNNAMED --add-opens=java.desktop/com.sun.awt=ALL-UNNAMED -XX:NewSize=60m -XX:MaxNewSize=60m -Xms128m -Xmx3072m -Xss5m 

Host: Intel(R) Core(TM) i7-7700HQ CPU @ 2.80GHz, 8 cores, 15G,  Windows 10 , 64 bit Build 19041 (10.0.19041.1023)
Time: Thu Jul 29 17:26:59 2021 ora legale Europa occidentale elapsed time: 18502 seconds (0d 5h 8m 22s)

---------------  T H R E A D  ---------------

Current thread (0x000001f021cab800):  JavaThread "AWT-EventQueue-0" [_thread_in_native, id=4544, stack(0x000000d6f6b00000,0x000000d6f7000000)]

Stack: [0x000000d6f6b00000,0x000000d6f7000000],  sp=0x000000d6f6ffafb0,  free space=5099k
Native frames: (J=compiled Java code, j=interpreted, Vv=VM code, C=native code)
C  [librdi_simdata.dll+0x44c11]
C  [librdi_simdata.dll+0x935ff]
C  0x000001f0327bc5ad

Java frames: (J=compiled Java code, j=interpreted, Vv=VM code)
J 17666  ui.views.simulator.executive.simulationi.SimulationExecutive_canSimulationStep(J)Z (0 bytes) @ 0x000001f0327bc511 [0x000001f0327bc4c0+0x0000000000000051]
J 17596 c1 ui.views.c.t.a.k.aKj()Z (33 bytes) @ 0x000001f02c6c154c [0x000001f02c6c0dc0+0x000000000000078c]
J 20927 c2 ui.frmwork.cmd.d.setEnabled(Z)V (178 bytes) @ 0x000001f032bca1c0 [0x000001f032bca100+0x00000000000000c0]
J 17638 c2 ui.bo.a(Ljava/util/HashMap;Z)V (57 bytes) @ 0x000001f0327b7170 [0x000001f0327b6f60+0x0000000000000210]
J 19274 c1 ui.bo.aIL()V (43 bytes) @ 0x000001f02c99ec1c [0x000001f02c99eae0+0x000000000000013c]
J 23039 c1 ui.bo.aIK()V (180 bytes) @ 0x000001f02b80a60c [0x000001f02b80a040+0x00000000000005cc]
j  ui.utils.q.bRf()V+31
j  ui.frmwork.cmd.a.hsT()Z+183
j  ui.frmwork.cmd.d.htb()V+42
j  ui.bm.actionPerformed(Ljava/awt/event/ActionEvent;)V+25
j  javax.swing.AbstractButton.fireActionPerformed(Ljava/awt/event/ActionEvent;)V+83 java.desktop@11.0.2
j  ui.utils.swing.b.E.fireActionPerformed(Ljava/awt/event/ActionEvent;)V+7
j  javax.swing.AbstractButton$Handler.actionPerformed(Ljava/awt/event/ActionEvent;)V+5 java.desktop@11.0.2
j  javax.swing.DefaultButtonModel.fireActionPerformed(Ljava/awt/event/ActionEvent;)V+34 java.desktop@11.0.2
j  javax.swing.DefaultButtonModel.setPressed(Z)V+117 java.desktop@11.0.2
j  javax.swing.plaf.basic.BasicButtonListener.mouseReleased(Ljava/awt/event/MouseEvent;)V+35 java.desktop@11.0.2
j  com.jidesoft.plaf.basic.BasicJideButtonListener.mouseReleased(Ljava/awt/event/MouseEvent;)V+61
J 22000 c1 java.awt.AWTEventMulticaster.mouseReleased(Ljava/awt/event/MouseEvent;)V java.desktop@11.0.2 (27 bytes) @ 0x000001f02bc39e2c [0x000001f02bc39c00+0x000000000000022c]
J 22000 c1 java.awt.AWTEventMulticaster.mouseReleased(Ljava/awt/event/MouseEvent;)V java.desktop@11.0.2 (27 bytes) @ 0x000001f02bc39e2c [0x000001f02bc39c00+0x000000000000022c]
J 22000 c1 java.awt.AWTEventMulticaster.mouseReleased(Ljava/awt/event/MouseEvent;)V java.desktop@11.0.2 (27 bytes) @ 0x000001f02bc39e2c [0x000001f02bc39c00+0x000000000000022c]
J 22000 c1 java.awt.AWTEventMulticaster.mouseReleased(Ljava/awt/event/MouseEvent;)V java.desktop@11.0.2 (27 bytes) @ 0x000001f02bc39e2c [0x000001f02bc39c00+0x000000000000022c]
J 17339 c1 java.awt.Component.processMouseEvent(Ljava/awt/event/MouseEvent;)V java.desktop@11.0.2 (100 bytes) @ 0x000001f02c60513c [0x000001f02c604cc0+0x000000000000047c]
J 17338 c1 javax.swing.JComponent.processMouseEvent(Ljava/awt/event/MouseEvent;)V java.desktop@11.0.2 (27 bytes) @ 0x000001f02c6047f4 [0x000001f02c6045e0+0x0000000000000214]
J 19763 c2 java.awt.Container.processEvent(Ljava/awt/AWTEvent;)V java.desktop@11.0.2 (22 bytes) @ 0x000001f0329f39a0 [0x000001f0329f3820+0x0000000000000180]
J 22701 c2 java.awt.Component.dispatchEventImpl(Ljava/awt/AWTEvent;)V java.desktop@11.0.2 (777 bytes) @ 0x000001f03222f4a8 [0x000001f03222ec20+0x0000000000000888]
J 19112 c2 java.awt.Container.dispatchEventImpl(Ljava/awt/AWTEvent;)V java.desktop@11.0.2 (129 bytes) @ 0x000001f0329106e0 [0x000001f032910680+0x0000000000000060]
J 18387 c2 java.awt.LightweightDispatcher.retargetMouseEvent(Ljava/awt/Component;ILjava/awt/event/MouseEvent;)V java.desktop@11.0.2 (372 bytes) @ 0x000001f032804df4 [0x000001f032804840+0x00000000000005b4]
J 19112 c2 java.awt.Container.dispatchEventImpl(Ljava/awt/AWTEvent;)V java.desktop@11.0.2 (129 bytes) @ 0x000001f032911674 [0x000001f032910680+0x0000000000000ff4]
J 19902 c2 java.awt.Window.dispatchEventImpl(Ljava/awt/AWTEvent;)V java.desktop@11.0.2 (23 bytes) @ 0x000001f032a4058c [0x000001f032a40540+0x000000000000004c]
J 14452 c2 java.awt.EventQueue$4.run()Ljava/lang/Object; java.desktop@11.0.2 (5 bytes) @ 0x000001f03233fe30 [0x000001f03233fce0+0x0000000000000150]
v  ~StubRoutines::call_stub
J 3775  java.security.AccessController.doPrivileged(Ljava/security/PrivilegedAction;Ljava/security/AccessControlContext;)Ljava/lang/Object; java.base@11.0.2 (0 bytes) @ 0x000001f0318b9536 [0x000001f0318b94c0+0x0000000000000076]
J 18419 c2 java.awt.EventQueue$5.run()Ljava/lang/Object; java.desktop@11.0.2 (5 bytes) @ 0x000001f032826bf4 [0x000001f032826980+0x0000000000000274]
v  ~StubRoutines::call_stub
J 3775  java.security.AccessController.doPrivileged(Ljava/security/PrivilegedAction;Ljava/security/AccessControlContext;)Ljava/lang/Object; java.base@11.0.2 (0 bytes) @ 0x000001f0318b9536 [0x000001f0318b94c0+0x0000000000000076]
J 18369 c2 java.awt.EventQueue.dispatchEvent(Ljava/awt/AWTEvent;)V java.desktop@11.0.2 (80 bytes) @ 0x000001f0327fede8 [0x000001f0327fea40+0x00000000000003a8]
J 23654% c2 java.awt.EventDispatchThread.pumpEventsForFilter(ILjava/awt/Conditional;Ljava/awt/EventFilter;)V java.desktop@11.0.2 (47 bytes) @ 0x000001f032f38218 [0x000001f032f37e00+0x0000000000000418]
j  java.awt.EventDispatchThread.pumpEventsForHierarchy(ILjava/awt/Conditional;Ljava/awt/Component;)V+11 java.desktop@11.0.2
j  java.awt.EventDispatchThread.pumpEvents(ILjava/awt/Conditional;)V+4 java.desktop@11.0.2
j  java.awt.EventDispatchThread.pumpEvents(Ljava/awt/Conditional;)V+3 java.desktop@11.0.2
j  java.awt.EventDispatchThread.run()V+9 java.desktop@11.0.2
v  ~StubRoutines::call_stub

siginfo: EXCEPTION_ACCESS_VIOLATION (0xc0000005), reading address 0xffffffffffffffff


Register to memory mapping:

RIP=0x00007ffa948f4c11 librdi_simdata.dll
RAX=0x000001f04c558b88 points into unknown readable memory: 64 00 6c 00 2f 00 64 00
RBX=0x000001f03b43d4c0 points into unknown readable memory: 10 70 a6 94 fa 7f 00 00
RCX=0x000001f04c558b88 points into unknown readable memory: 64 00 6c 00 2f 00 64 00
RDX=0x0000000000000005 is an unknown value
RSP=0x000000d6f6ffafb0 is pointing into the stack for thread: 0x000001f021cab800
RBP=0x000000d6f6ffb110 is pointing into the stack for thread: 0x000001f021cab800
RSI=0x000001f02248f9d0 points into unknown readable memory: e0 25 36 4c f0 01 00 00
RDI=0x000001f02248f9d0 points into unknown readable memory: e0 25 36 4c f0 01 00 00
R8 =0x0064002f006c0064 is an unknown value
R9 =0x00007ffa94a8a100 librdi_simdata.dll
R10=0x00007ffa948b0000 librdi_simdata.dll
R11=0x000000d6f6ffaf80 is pointing into the stack for thread: 0x000001f021cab800
R12=0x0 is NULL
R13=0x0000000000000011 is an unknown value
R14=0x000000d6f6ffb100 is pointing into the stack for thread: 0x000001f021cab800
R15=0x000001f021cab800 is a thread


Registers:
RAX=0x000001f04c558b88, RBX=0x000001f03b43d4c0, RCX=0x000001f04c558b88, RDX=0x0000000000000005
RSP=0x000000d6f6ffafb0, RBP=0x000000d6f6ffb110, RSI=0x000001f02248f9d0, RDI=0x000001f02248f9d0
R8 =0x0064002f006c0064, R9 =0x00007ffa94a8a100, R10=0x00007ffa948b0000, R11=0x000000d6f6ffaf80
R12=0x0000000000000000, R13=0x0000000000000011, R14=0x000000d6f6ffb100, R15=0x000001f021cab800
RIP=0x00007ffa948f4c11, EFLAGS=0x0000000000010202

Top of Stack: (sp=0x000000d6f6ffafb0)
0x000000d6f6ffafb0:   0000000000000000 0000000000000b32
0x000000d6f6ffafc0:   000001f02248f9d0 00000000e897c92b
0x000000d6f6ffafd0:   0000000000000000 0000000000000000
0x000000d6f6ffafe0:   0000000000005f60 00007ffa949435ff
0x000000d6f6ffaff0:   0000000000000b32 000001f032bcf854
0x000000d6f6ffb000:   0000000700000000 00000007455ee808
0x000000d6f6ffb010:   000001f021cabb40 fffffffffffffffe
0x000000d6f6ffb020:   0000000741135f38 000001f031f0bdad
0x000000d6f6ffb030:   0000007600000000 0000000753a393e0
0x000000d6f6ffb040:   0000000742586378 000001f031fde408
0x000000d6f6ffb050:   0000000000000000 0000003d0000003d
0x000000d6f6ffb060:   0000000741994128 00005d1f39a59e22
0x000000d6f6ffb070:   0000000745a13410 000001f031f0bdad
0x000000d6f6ffb080:   0000000000000007 000000070000003d
0x000000d6f6ffb090:   0000000000000079 0000fd52844c2128
0x000000d6f6ffb0a0:   0000000000000003 000001f0327bc5ad 

Instructions: (pc=0x00007ffa948f4c11)
0x00007ffa948f4bf1:   b8 00 00 00 48 85 c0 74 34 48 8b 13 48 8b cb ff
0x00007ffa948f4c01:   92 b8 00 00 00 ba 05 00 00 00 48 8b c8 4c 8b 00
0x00007ffa948f4c11:   41 ff 90 20 01 00 00 84 c0 74 12 48 8b cf 48 8b
0x00007ffa948f4c21:   5c 24 40 48 83 c4 30 5f e9 c2 fe ff ff 48 8b 5c 


Stack slot to memory mapping:
stack at sp + 0 slots: 0x0 is NULL
stack at sp + 1 slots: 0x0000000000000b32 is an unknown value
stack at sp + 2 slots: 0x000001f02248f9d0 points into unknown readable memory: e0 25 36 4c f0 01 00 00
stack at sp + 3 slots: 3902261547 is a compressed pointer to object: ui.data.design.G 
{0x0000000744be4958} - klass: 'ui/data/design/G'
stack at sp + 4 slots: 0x0 is NULL
stack at sp + 5 slots: 0x0 is NULL
stack at sp + 6 slots: 0x0000000000005f60 is an unknown value
stack at sp + 7 slots: 0x00007ffa949435ff librdi_simdata.dll


---------------  P R O C E S S  ---------------

Threads class SMR info:
_java_thread_list=0x000001f03bde6380, length=31, elements={
0x000001f04531f000, 0x000001f045895800, 0x000001f024b61000, 0x000001f00d1ad800,
0x000001f00d1ae000, 0x000001f044ff2800, 0x000001f044ff4000, 0x000001f044ff5000,
0x000001f0466b8000, 0x000001f0466c6000, 0x000001f00d378800, 0x000001f00d719800,
0x000001f00d87b800, 0x000001f00e05a800, 0x000001f021cab800, 0x000001f02148a800,
0x000001f020f02800, 0x000001f0215af800, 0x000001f02161a800, 0x000001f021619800,
0x000001f02161d000, 0x000001f021620000, 0x000001f02161c000, 0x000001f03c355000,
0x000001f03c354000, 0x000001f03c356000, 0x000001f03c351000, 0x000001f03c350000,
0x000001f03cb89800, 0x000001f03cb87800, 0x000001f03cb8e800
}

Java Threads: ( => current thread )
  0x000001f04531f000 JavaThread "main" [_thread_blocked, id=13880, stack(0x000000d6f0c00000,0x000000d6f0d00000)]
  0x000001f045895800 JavaThread "Reference Handler" daemon [_thread_blocked, id=4836, stack(0x000000d6f2a00000,0x000000d6f2f00000)]
  0x000001f024b61000 JavaThread "Finalizer" daemon [_thread_blocked, id=4276, stack(0x000000d6f2f00000,0x000000d6f3400000)]
  0x000001f00d1ad800 JavaThread "Signal Dispatcher" daemon [_thread_blocked, id=11524, stack(0x000000d6f3400000,0x000000d6f3900000)]
  0x000001f00d1ae000 JavaThread "Attach Listener" daemon [_thread_blocked, id=14360, stack(0x000000d6f3900000,0x000000d6f3e00000)]
  0x000001f044ff2800 JavaThread "C2 CompilerThread0" daemon [_thread_blocked, id=560, stack(0x000000d6f3e00000,0x000000d6f3f00000)]
  0x000001f044ff4000 JavaThread "C1 CompilerThread0" daemon [_thread_blocked, id=14804, stack(0x000000d6f3f00000,0x000000d6f4000000)]
  0x000001f044ff5000 JavaThread "Sweeper thread" daemon [_thread_blocked, id=7664, stack(0x000000d6f4000000,0x000000d6f4500000)]
  0x000001f0466b8000 JavaThread "Common-Cleaner" daemon [_thread_blocked, id=10440, stack(0x000000d6f4500000,0x000000d6f4a00000)]
  0x000001f0466c6000 JavaThread "Service Thread" daemon [_thread_blocked, id=4088, stack(0x000000d6f4a00000,0x000000d6f4f00000)]
  0x000001f00d378800 JavaThread "Java2D Disposer" daemon [_thread_blocked, id=8456, stack(0x000000d6f5000000,0x000000d6f5500000)]
  0x000001f00d719800 JavaThread "AWT-Shutdown" [_thread_blocked, id=13784, stack(0x000000d6f5500000,0x000000d6f5a00000)]
  0x000001f00d87b800 JavaThread "AWT-Windows" daemon [_thread_in_native, id=10980, stack(0x000000d6f5a00000,0x000000d6f5f00000)]
  0x000001f00e05a800 JavaThread "TimerQueue" daemon [_thread_blocked, id=7596, stack(0x000000d6f6000000,0x000000d6f6500000)]
=>0x000001f021cab800 JavaThread "AWT-EventQueue-0" [_thread_in_native, id=4544, stack(0x000000d6f6b00000,0x000000d6f7000000)]
  0x000001f02148a800 JavaThread "Thread-1" [_thread_in_native, id=8672, stack(0x000000d6f0d00000,0x000000d6f2100000)]
  0x000001f020f02800 JavaThread "Process Messages Thread" [_thread_blocked, id=14836, stack(0x000000d6f7c00000,0x000000d6f8100000)]
  0x000001f0215af800 JavaThread "Batik CleanerThread" daemon [_thread_blocked, id=14404, stack(0x000000d6f7000000,0x000000d6f7500000)]
  0x000001f02161a800 JavaThread "SyntheticaCleanerThread" daemon [_thread_blocked, id=3240, stack(0x000000d6f8900000,0x000000d6f8e00000)]
  0x000001f021619800 JavaThread "Monitor HEventQueue Thread" [_thread_blocked, id=11548, stack(0x000000d6f9100000,0x000000d6f9600000)]
  0x000001f02161d000 JavaThread "SyntheticaAnimation 50" daemon [_thread_blocked, id=11328, stack(0x000000d6f9600000,0x000000d6f9b00000)]
  0x000001f021620000 JavaThread "SyntheticaAnimation 25" daemon [_thread_blocked, id=1216, stack(0x000000d6f9b00000,0x000000d6fa000000)]
  0x000001f02161c000 JavaThread "SyntheticaAnimation 70" daemon [_thread_blocked, id=11020, stack(0x000000d6fa500000,0x000000d6faa00000)]
  0x000001f03c355000 JavaThread "Refresh Filesets Swing Worker Thread" [_thread_blocked, id=13176, stack(0x000000d6f8200000,0x000000d6f8700000)]
  0x000001f03c354000 JavaThread "hw_ila_monitor" [_thread_blocked, id=3708, stack(0x000000d6faa00000,0x000000d6faf00000)]
  0x000001f03c356000 JavaThread "pool-2-thread-1" [_thread_blocked, id=6720, stack(0x000000d6f6500000,0x000000d6f6a00000)]
  0x000001f03c351000 JavaThread "pool-3-thread-1" [_thread_blocked, id=14988, stack(0x000000d6fb900000,0x000000d6fbe00000)]
  0x000001f03c350000 JavaThread "pool-4-thread-1" [_thread_blocked, id=15284, stack(0x000000d6fbe00000,0x000000d6fc300000)]
  0x000001f03cb89800 JavaThread "Update Runs Swing Worker Thread" [_thread_blocked, id=13876, stack(0x000000d6fc800000,0x000000d6fcd00000)]
  0x000001f03cb87800 JavaThread "SyntheticaAnimation 50" daemon [_thread_blocked, id=3296, stack(0x000000d6fb400000,0x000000d6fb900000)]
  0x000001f03cb8e800 JavaThread "Image Animator 3" daemon [_thread_blocked, id=15036, stack(0x000000d6faf00000,0x000000d6fb400000)]

Other Threads:
  0x000001f045892800 VMThread "VM Thread" [stack: 0x000000d6f2900000,0x000000d6f2a00000] [id=3492]
  0x000001f0466e4000 WatcherThread [stack: 0x000000d6f4f00000,0x000000d6f5000000] [id=5080]
  0x000001f024c08800 GCTaskThread "GC Thread#0" [stack: 0x000000d6f2400000,0x000000d6f2500000] [id=7952]
  0x000001f021001800 GCTaskThread "GC Thread#1" [stack: 0x000000d6f7500000,0x000000d6f7600000] [id=11876]
  0x000001f0215f0000 GCTaskThread "GC Thread#2" [stack: 0x000000d6f7600000,0x000000d6f7700000] [id=13124]
  0x000001f0215f0800 GCTaskThread "GC Thread#3" [stack: 0x000000d6f7700000,0x000000d6f7800000] [id=12896]
  0x000001f00d97b000 GCTaskThread "GC Thread#4" [stack: 0x000000d6f7800000,0x000000d6f7900000] [id=9636]
  0x000001f00d97c000 GCTaskThread "GC Thread#5" [stack: 0x000000d6f7900000,0x000000d6f7a00000] [id=3868]
  0x000001f00d97c800 GCTaskThread "GC Thread#6" [stack: 0x000000d6f7a00000,0x000000d6f7b00000] [id=13460]
  0x000001f021941000 GCTaskThread "GC Thread#7" [stack: 0x000000d6f7b00000,0x000000d6f7c00000] [id=7660]
  0x000001f046141800 ConcurrentGCThread "G1 Main Marker" [stack: 0x000000d6f2500000,0x000000d6f2600000] [id=14440]
  0x000001f042e02000 ConcurrentGCThread "G1 Conc#0" [stack: 0x000000d6f2600000,0x000000d6f2700000] [id=8408]
  0x000001f0217d3000 ConcurrentGCThread "G1 Conc#1" [stack: 0x000000d6f8100000,0x000000d6f8200000] [id=1372]
  0x000001f046112800 ConcurrentGCThread "G1 Refine#0" [stack: 0x000000d6f2700000,0x000000d6f2800000] [id=7676]
  0x000001f02145a000 ConcurrentGCThread "G1 Refine#1" [stack: 0x000000d6f8700000,0x000000d6f8800000] [id=10776]
  0x000001f02145b000 ConcurrentGCThread "G1 Refine#2" [stack: 0x000000d6f8800000,0x000000d6f8900000] [id=15112]
  0x000001f04520e800 ConcurrentGCThread "G1 Young RemSet Sampling" [stack: 0x000000d6f2800000,0x000000d6f2900000] [id=9972]

Threads with active compile tasks:

VM state:not at safepoint (normal execution)

VM Mutex/Monitor currently owned by a thread: None

Heap address: 0x0000000740000000, size: 3072 MB, Compressed Oops mode: Zero based, Oop shift amount: 3
Narrow klass base: 0x0000000800000000, Narrow klass shift: 0
Compressed class space size: 1073741824 Address: 0x0000000800000000

Heap:
 garbage-first heap   total 335872K, used 145186K [0x0000000740000000, 0x0000000800000000)
  region size 1024K, 15 young (15360K), 1 survivors (1024K)
 Metaspace       used 97825K, capacity 100662K, committed 100816K, reserved 1136640K
  class space    used 13330K, capacity 14599K, committed 14720K, reserved 1048576K
Heap Regions: E=young(eden), S=young(survivor), O=old, HS=humongous(starts), HC=humongous(continues), CS=collection set, F=free, A=archive, TAMS=top-at-mark-start (previous, next)
|   0|0x0000000740000000, 0x0000000740100000, 0x0000000740100000|100%|HS|  |TAMS 0x0000000740000000, 0x0000000740000000| Untracked 
|   1|0x0000000740100000, 0x0000000740200000, 0x0000000740200000|100%|HC|  |TAMS 0x0000000740100000, 0x0000000740100000| Untracked 
|   2|0x0000000740200000, 0x0000000740300000, 0x0000000740300000|100%|HS|  |TAMS 0x0000000740200000, 0x0000000740200000| Untracked 
|   3|0x0000000740300000, 0x00000007403ffff8, 0x0000000740400000| 99%| O|  |TAMS 0x0000000740300000, 0x0000000740300000| Untracked 
|   4|0x0000000740400000, 0x00000007404ffff8, 0x0000000740500000| 99%| O|  |TAMS 0x0000000740400000, 0x0000000740400000| Untracked 
|   5|0x0000000740500000, 0x00000007405ffff0, 0x0000000740600000| 99%| O|  |TAMS 0x0000000740500000, 0x0000000740500000| Untracked 
|   6|0x0000000740600000, 0x00000007406ffff0, 0x0000000740700000| 99%| O|  |TAMS 0x0000000740600000, 0x0000000740600000| Untracked 
|   7|0x0000000740700000, 0x00000007407ffff0, 0x0000000740800000| 99%| O|  |TAMS 0x0000000740700000, 0x0000000740700000| Untracked 
|   8|0x0000000740800000, 0x0000000740900000, 0x0000000740900000|100%| O|  |TAMS 0x0000000740800000, 0x0000000740800000| Untracked 
|   9|0x0000000740900000, 0x00000007409ffff8, 0x0000000740a00000| 99%| O|  |TAMS 0x0000000740900000, 0x0000000740900000| Untracked 
|  10|0x0000000740a00000, 0x0000000740aff388, 0x0000000740b00000| 99%| O|  |TAMS 0x0000000740a00000, 0x0000000740a00000| Untracked 
|  11|0x0000000740b00000, 0x0000000740bffea8, 0x0000000740c00000| 99%| O|  |TAMS 0x0000000740b00000, 0x0000000740b00000| Untracked 
|  12|0x0000000740c00000, 0x0000000740cfffd8, 0x0000000740d00000| 99%| O|  |TAMS 0x0000000740c00000, 0x0000000740c00000| Untracked 
|  13|0x0000000740d00000, 0x0000000740e00000, 0x0000000740e00000|100%| O|  |TAMS 0x0000000740d00000, 0x0000000740d00000| Untracked 
|  14|0x0000000740e00000, 0x0000000740effff8, 0x0000000740f00000| 99%| O|  |TAMS 0x0000000740e00000, 0x0000000740e00000| Untracked 
|  15|0x0000000740f00000, 0x0000000740fffff0, 0x0000000741000000| 99%| O|  |TAMS 0x0000000740f00000, 0x0000000740f00000| Untracked 
|  16|0x0000000741000000, 0x00000007410ffff0, 0x0000000741100000| 99%| O|  |TAMS 0x0000000741000000, 0x0000000741000000| Untracked 
|  17|0x0000000741100000, 0x0000000741200000, 0x0000000741200000|100%| O|  |TAMS 0x0000000741100000, 0x0000000741100000| Untracked 
|  18|0x0000000741200000, 0x00000007412ffff8, 0x0000000741300000| 99%| O|  |TAMS 0x0000000741200000, 0x0000000741200000| Untracked 
|  19|0x0000000741300000, 0x0000000741400000, 0x0000000741400000|100%| O|  |TAMS 0x0000000741300000, 0x0000000741300000| Untracked 
|  20|0x0000000741400000, 0x0000000741500000, 0x0000000741500000|100%| O|  |TAMS 0x0000000741400000, 0x0000000741400000| Untracked 
|  21|0x0000000741500000, 0x0000000741600000, 0x0000000741600000|100%|HS|  |TAMS 0x0000000741500000, 0x0000000741500000| Untracked 
|  22|0x0000000741600000, 0x0000000741700000, 0x0000000741700000|100%|HC|  |TAMS 0x0000000741600000, 0x0000000741600000| Untracked 
|  23|0x0000000741700000, 0x0000000741800000, 0x0000000741800000|100%|HC|  |TAMS 0x0000000741700000, 0x0000000741700000| Untracked 
|  24|0x0000000741800000, 0x0000000741900000, 0x0000000741900000|100%| O|  |TAMS 0x0000000741800000, 0x0000000741800000| Untracked 
|  25|0x0000000741900000, 0x00000007419ffff8, 0x0000000741a00000| 99%| O|  |TAMS 0x0000000741900000, 0x0000000741900000| Untracked 
|  26|0x0000000741a00000, 0x0000000741b00000, 0x0000000741b00000|100%| O|  |TAMS 0x0000000741a00000, 0x0000000741a00000| Untracked 
|  27|0x0000000741b00000, 0x0000000741bfffc8, 0x0000000741c00000| 99%| O|  |TAMS 0x0000000741b00000, 0x0000000741b00000| Untracked 
|  28|0x0000000741c00000, 0x0000000741cfff28, 0x0000000741d00000| 99%| O|  |TAMS 0x0000000741c00000, 0x0000000741c00000| Untracked 
|  29|0x0000000741d00000, 0x0000000741dffff0, 0x0000000741e00000| 99%| O|  |TAMS 0x0000000741d00000, 0x0000000741d00000| Untracked 
|  30|0x0000000741e00000, 0x0000000741f00000, 0x0000000741f00000|100%| O|  |TAMS 0x0000000741e00000, 0x0000000741e00000| Untracked 
|  31|0x0000000741f00000, 0x0000000741fffff8, 0x0000000742000000| 99%| O|  |TAMS 0x0000000741f00000, 0x0000000741f00000| Untracked 
|  32|0x0000000742000000, 0x0000000742100000, 0x0000000742100000|100%| O|  |TAMS 0x0000000742000000, 0x0000000742000000| Untracked 
|  33|0x0000000742100000, 0x00000007421fffe8, 0x0000000742200000| 99%| O|  |TAMS 0x0000000742100000, 0x0000000742100000| Untracked 
|  34|0x0000000742200000, 0x00000007422fffe8, 0x0000000742300000| 99%| O|  |TAMS 0x0000000742200000, 0x0000000742200000| Untracked 
|  35|0x0000000742300000, 0x00000007423ffff8, 0x0000000742400000| 99%| O|  |TAMS 0x0000000742300000, 0x0000000742300000| Untracked 
|  36|0x0000000742400000, 0x00000007424ffff0, 0x0000000742500000| 99%| O|  |TAMS 0x0000000742400000, 0x0000000742400000| Untracked 
|  37|0x0000000742500000, 0x00000007425fffe8, 0x0000000742600000| 99%| O|  |TAMS 0x0000000742500000, 0x0000000742500000| Untracked 
|  38|0x0000000742600000, 0x0000000742700000, 0x0000000742700000|100%| O|  |TAMS 0x0000000742600000, 0x0000000742600000| Untracked 
|  39|0x0000000742700000, 0x00000007427ffee8, 0x0000000742800000| 99%| O|  |TAMS 0x0000000742700000, 0x0000000742700000| Untracked 
|  40|0x0000000742800000, 0x00000007428fffa0, 0x0000000742900000| 99%| O|  |TAMS 0x0000000742800000, 0x0000000742800000| Untracked 
|  41|0x0000000742900000, 0x0000000742a00000, 0x0000000742a00000|100%|HS|  |TAMS 0x0000000742900000, 0x0000000742900000| Untracked 
|  42|0x0000000742a00000, 0x0000000742b00000, 0x0000000742b00000|100%|HC|  |TAMS 0x0000000742a00000, 0x0000000742a00000| Untracked 
|  43|0x0000000742b00000, 0x0000000742c00000, 0x0000000742c00000|100%| O|  |TAMS 0x0000000742b00000, 0x0000000742b00000| Untracked 
|  44|0x0000000742c00000, 0x0000000742d00000, 0x0000000742d00000|100%| O|  |TAMS 0x0000000742c00000, 0x0000000742c00000| Untracked 
|  45|0x0000000742d00000, 0x0000000742e00000, 0x0000000742e00000|100%| O|  |TAMS 0x0000000742d00000, 0x0000000742d00000| Untracked 
|  46|0x0000000742e00000, 0x0000000742effff0, 0x0000000742f00000| 99%| O|  |TAMS 0x0000000742e00000, 0x0000000742e00000| Untracked 
|  47|0x0000000742f00000, 0x0000000743000000, 0x0000000743000000|100%| O|  |TAMS 0x0000000742f00000, 0x0000000742f00000| Untracked 
|  48|0x0000000743000000, 0x00000007430ffff0, 0x0000000743100000| 99%| O|  |TAMS 0x0000000743000000, 0x0000000743000000| Untracked 
|  49|0x0000000743100000, 0x00000007431ffff0, 0x0000000743200000| 99%| O|  |TAMS 0x0000000743100000, 0x0000000743100000| Untracked 
|  50|0x0000000743200000, 0x00000007432fffe8, 0x0000000743300000| 99%| O|  |TAMS 0x0000000743200000, 0x0000000743200000| Untracked 
|  51|0x0000000743300000, 0x0000000743400000, 0x0000000743400000|100%| O|  |TAMS 0x0000000743300000, 0x0000000743300000| Untracked 
|  52|0x0000000743400000, 0x00000007434fffe8, 0x0000000743500000| 99%| O|  |TAMS 0x0000000743400000, 0x0000000743400000| Untracked 
|  53|0x0000000743500000, 0x0000000743600000, 0x0000000743600000|100%| O|  |TAMS 0x0000000743500000, 0x0000000743500000| Untracked 
|  54|0x0000000743600000, 0x0000000743700000, 0x0000000743700000|100%|HS|  |TAMS 0x0000000743600000, 0x0000000743600000| Untracked 
|  55|0x0000000743700000, 0x0000000743800000, 0x0000000743800000|100%|HC|  |TAMS 0x0000000743700000, 0x0000000743700000| Untracked 
|  56|0x0000000743800000, 0x00000007438ffef0, 0x0000000743900000| 99%| O|  |TAMS 0x0000000743800000, 0x0000000743800000| Untracked 
|  57|0x0000000743900000, 0x0000000743a00000, 0x0000000743a00000|100%| O|  |TAMS 0x0000000743900000, 0x0000000743900000| Untracked 
|  58|0x0000000743a00000, 0x0000000743b00000, 0x0000000743b00000|100%| O|  |TAMS 0x0000000743a00000, 0x0000000743a00000| Untracked 
|  59|0x0000000743b00000, 0x0000000743c00000, 0x0000000743c00000|100%|HS|  |TAMS 0x0000000743b00000, 0x0000000743b00000| Untracked 
|  60|0x0000000743c00000, 0x0000000743d00000, 0x0000000743d00000|100%|HC|  |TAMS 0x0000000743c00000, 0x0000000743c00000| Untracked 
|  61|0x0000000743d00000, 0x0000000743e00000, 0x0000000743e00000|100%|HS|  |TAMS 0x0000000743d00000, 0x0000000743d00000| Untracked 
|  62|0x0000000743e00000, 0x0000000743effff8, 0x0000000743f00000| 99%| O|  |TAMS 0x0000000743e00000, 0x0000000743e00000| Untracked 
|  63|0x0000000743f00000, 0x0000000744000000, 0x0000000744000000|100%| O|  |TAMS 0x0000000743f00000, 0x0000000743f00000| Untracked 
|  64|0x0000000744000000, 0x00000007440ffff8, 0x0000000744100000| 99%| O|  |TAMS 0x0000000744000000, 0x0000000744000000| Untracked 
|  65|0x0000000744100000, 0x0000000744200000, 0x0000000744200000|100%| O|  |TAMS 0x0000000744100000, 0x0000000744100000| Untracked 
|  66|0x0000000744200000, 0x00000007442fffc0, 0x0000000744300000| 99%| O|  |TAMS 0x0000000744200000, 0x0000000744200000| Untracked 
|  67|0x0000000744300000, 0x0000000744400000, 0x0000000744400000|100%| O|  |TAMS 0x0000000744300000, 0x0000000744300000| Untracked 
|  68|0x0000000744400000, 0x0000000744500000, 0x0000000744500000|100%| O|  |TAMS 0x0000000744400000, 0x0000000744400000| Untracked 
|  69|0x0000000744500000, 0x00000007445ffff8, 0x0000000744600000| 99%| O|  |TAMS 0x0000000744500000, 0x0000000744500000| Untracked 
|  70|0x0000000744600000, 0x00000007446ffff8, 0x0000000744700000| 99%| O|  |TAMS 0x0000000744600000, 0x0000000744600000| Untracked 
|  71|0x0000000744700000, 0x0000000744800000, 0x0000000744800000|100%| O|  |TAMS 0x0000000744700000, 0x0000000744700000| Untracked 
|  72|0x0000000744800000, 0x00000007448ffff8, 0x0000000744900000| 99%| O|  |TAMS 0x0000000744800000, 0x0000000744800000| Untracked 
|  73|0x0000000744900000, 0x00000007449fffb8, 0x0000000744a00000| 99%| O|  |TAMS 0x0000000744900000, 0x0000000744900000| Untracked 
|  74|0x0000000744a00000, 0x0000000744afffc0, 0x0000000744b00000| 99%| O|  |TAMS 0x0000000744a00000, 0x0000000744a00000| Untracked 
|  75|0x0000000744b00000, 0x0000000744bfff90, 0x0000000744c00000| 99%| O|  |TAMS 0x0000000744b00000, 0x0000000744b00000| Untracked 
|  76|0x0000000744c00000, 0x0000000744d00000, 0x0000000744d00000|100%| O|  |TAMS 0x0000000744c00000, 0x0000000744c00000| Untracked 
|  77|0x0000000744d00000, 0x0000000744dffc48, 0x0000000744e00000| 99%| O|  |TAMS 0x0000000744d00000, 0x0000000744d00000| Untracked 
|  78|0x0000000744e00000, 0x0000000744effff8, 0x0000000744f00000| 99%| O|  |TAMS 0x0000000744e00000, 0x0000000744e00000| Untracked 
|  79|0x0000000744f00000, 0x0000000745000000, 0x0000000745000000|100%| O|  |TAMS 0x0000000744f00000, 0x0000000744f00000| Untracked 
|  80|0x0000000745000000, 0x00000007450ff570, 0x0000000745100000| 99%| O|  |TAMS 0x0000000745000000, 0x0000000745000000| Untracked 
|  81|0x0000000745100000, 0x0000000745200000, 0x0000000745200000|100%| O|  |TAMS 0x0000000745100000, 0x0000000745100000| Untracked 
|  82|0x0000000745200000, 0x00000007452fffe8, 0x0000000745300000| 99%| O|  |TAMS 0x0000000745200000, 0x0000000745200000| Untracked 
|  83|0x0000000745300000, 0x00000007453fffe8, 0x0000000745400000| 99%| O|  |TAMS 0x0000000745300000, 0x0000000745300000| Untracked 
|  84|0x0000000745400000, 0x0000000745500000, 0x0000000745500000|100%| O|  |TAMS 0x0000000745400000, 0x0000000745400000| Untracked 
|  85|0x0000000745500000, 0x00000007455ffff0, 0x0000000745600000| 99%| O|  |TAMS 0x0000000745500000, 0x0000000745500000| Untracked 
|  86|0x0000000745600000, 0x0000000745687b60, 0x0000000745700000| 53%| O|  |TAMS 0x0000000745600000, 0x0000000745600000| Untracked 
|  87|0x0000000745700000, 0x000000074578c480, 0x0000000745800000| 54%| O|  |TAMS 0x0000000745700000, 0x0000000745700000| Untracked 
|  88|0x0000000745800000, 0x00000007458d2ac0, 0x0000000745900000| 82%| O|  |TAMS 0x0000000745800000, 0x0000000745800000| Untracked 
|  89|0x0000000745900000, 0x00000007459fffe8, 0x0000000745a00000| 99%| O|  |TAMS 0x0000000745900000, 0x0000000745900000| Untracked 
|  90|0x0000000745a00000, 0x0000000745a2f680, 0x0000000745b00000| 18%| O|  |TAMS 0x0000000745a00000, 0x0000000745a00000| Untracked 
|  91|0x0000000745b00000, 0x0000000745b05620, 0x0000000745c00000|  2%| O|  |TAMS 0x0000000745b00000, 0x0000000745b00000| Untracked 
|  92|0x0000000745c00000, 0x0000000745c00000, 0x0000000745d00000|  0%| F|  |TAMS 0x0000000745c00000, 0x0000000745c00000| Untracked 
|  93|0x0000000745d00000, 0x0000000745e00000, 0x0000000745e00000|100%|HS|  |TAMS 0x0000000745d00000, 0x0000000745d00000| Untracked 
|  94|0x0000000745e00000, 0x0000000745f00000, 0x0000000745f00000|100%|HC|  |TAMS 0x0000000745e00000, 0x0000000745e00000| Untracked 
|  95|0x0000000745f00000, 0x0000000746000000, 0x0000000746000000|100%|HC|  |TAMS 0x0000000745f00000, 0x0000000745f00000| Untracked 
|  96|0x0000000746000000, 0x0000000746100000, 0x0000000746100000|100%|HC|  |TAMS 0x0000000746000000, 0x0000000746000000| Untracked 
|  97|0x0000000746100000, 0x0000000746200000, 0x0000000746200000|100%|HC|  |TAMS 0x0000000746100000, 0x0000000746100000| Untracked 
|  98|0x0000000746200000, 0x0000000746300000, 0x0000000746300000|100%|HC|  |TAMS 0x0000000746200000, 0x0000000746200000| Untracked 
|  99|0x0000000746300000, 0x0000000746400000, 0x0000000746400000|100%|HC|  |TAMS 0x0000000746300000, 0x0000000746300000| Untracked 
| 100|0x0000000746400000, 0x000000074644ca08, 0x0000000746500000| 29%| O|  |TAMS 0x0000000746400000, 0x0000000746400000| Untracked 
| 101|0x0000000746500000, 0x0000000746500000, 0x0000000746600000|  0%| F|  |TAMS 0x0000000746500000, 0x0000000746500000| Untracked 
| 102|0x0000000746600000, 0x0000000746600000, 0x0000000746700000|  0%| F|  |TAMS 0x0000000746600000, 0x0000000746600000| Untracked 
| 103|0x0000000746700000, 0x0000000746700000, 0x0000000746800000|  0%| F|  |TAMS 0x0000000746700000, 0x0000000746700000| Untracked 
| 104|0x0000000746800000, 0x0000000746800000, 0x0000000746900000|  0%| F|  |TAMS 0x0000000746800000, 0x0000000746800000| Untracked 
| 105|0x0000000746900000, 0x0000000746900000, 0x0000000746a00000|  0%| F|  |TAMS 0x0000000746900000, 0x0000000746900000| Untracked 
| 106|0x0000000746a00000, 0x0000000746a00000, 0x0000000746b00000|  0%| F|  |TAMS 0x0000000746a00000, 0x0000000746a00000| Untracked 
| 107|0x0000000746b00000, 0x0000000746b00000, 0x0000000746c00000|  0%| F|  |TAMS 0x0000000746b00000, 0x0000000746b00000| Untracked 
| 108|0x0000000746c00000, 0x0000000746c00000, 0x0000000746d00000|  0%| F|  |TAMS 0x0000000746c00000, 0x0000000746c00000| Untracked 
| 109|0x0000000746d00000, 0x0000000746d00000, 0x0000000746e00000|  0%| F|  |TAMS 0x0000000746d00000, 0x0000000746d00000| Untracked 
| 110|0x0000000746e00000, 0x0000000746e00000, 0x0000000746f00000|  0%| F|  |TAMS 0x0000000746e00000, 0x0000000746e00000| Untracked 
| 111|0x0000000746f00000, 0x0000000746f00000, 0x0000000747000000|  0%| F|  |TAMS 0x0000000746f00000, 0x0000000746f00000| Untracked 
| 112|0x0000000747000000, 0x0000000747000000, 0x0000000747100000|  0%| F|  |TAMS 0x0000000747000000, 0x0000000747000000| Untracked 
| 113|0x0000000747100000, 0x0000000747100000, 0x0000000747200000|  0%| F|  |TAMS 0x0000000747100000, 0x0000000747100000| Untracked 
| 114|0x0000000747200000, 0x0000000747200000, 0x0000000747300000|  0%| F|  |TAMS 0x0000000747200000, 0x0000000747200000| Untracked 
| 115|0x0000000747300000, 0x0000000747300000, 0x0000000747400000|  0%| F|  |TAMS 0x0000000747300000, 0x0000000747300000| Untracked 
| 116|0x0000000747400000, 0x0000000747400000, 0x0000000747500000|  0%| F|  |TAMS 0x0000000747400000, 0x0000000747400000| Untracked 
| 117|0x0000000747500000, 0x0000000747500000, 0x0000000747600000|  0%| F|  |TAMS 0x0000000747500000, 0x0000000747500000| Untracked 
| 118|0x0000000747600000, 0x0000000747600000, 0x0000000747700000|  0%| F|  |TAMS 0x0000000747600000, 0x0000000747600000| Untracked 
| 119|0x0000000747700000, 0x0000000747700000, 0x0000000747800000|  0%| F|  |TAMS 0x0000000747700000, 0x0000000747700000| Untracked 
| 120|0x0000000747800000, 0x0000000747800000, 0x0000000747900000|  0%| F|  |TAMS 0x0000000747800000, 0x0000000747800000| Untracked 
| 121|0x0000000747900000, 0x0000000747900000, 0x0000000747a00000|  0%| F|  |TAMS 0x0000000747900000, 0x0000000747900000| Untracked 
| 122|0x0000000747a00000, 0x0000000747a00000, 0x0000000747b00000|  0%| F|  |TAMS 0x0000000747a00000, 0x0000000747a00000| Untracked 
| 123|0x0000000747b00000, 0x0000000747b00000, 0x0000000747c00000|  0%| F|  |TAMS 0x0000000747b00000, 0x0000000747b00000| Untracked 
| 124|0x0000000747c00000, 0x0000000747c00000, 0x0000000747d00000|  0%| F|  |TAMS 0x0000000747c00000, 0x0000000747c00000| Untracked 
| 125|0x0000000747d00000, 0x0000000747d00000, 0x0000000747e00000|  0%| F|  |TAMS 0x0000000747d00000, 0x0000000747d00000| Untracked 
| 126|0x0000000747e00000, 0x0000000747e00000, 0x0000000747f00000|  0%| F|  |TAMS 0x0000000747e00000, 0x0000000747e00000| Untracked 
| 127|0x0000000747f00000, 0x0000000747f00000, 0x0000000748000000|  0%| F|  |TAMS 0x0000000747f00000, 0x0000000747f00000| Untracked 
| 128|0x0000000748000000, 0x0000000748100000, 0x0000000748100000|100%|HS|  |TAMS 0x0000000748000000, 0x0000000748000000| Untracked 
| 129|0x0000000748100000, 0x0000000748200000, 0x0000000748200000|100%|HC|  |TAMS 0x0000000748100000, 0x0000000748100000| Untracked 
| 130|0x0000000748200000, 0x0000000748300000, 0x0000000748300000|100%|HS|  |TAMS 0x0000000748200000, 0x0000000748200000| Untracked 
| 131|0x0000000748300000, 0x0000000748400000, 0x0000000748400000|100%|HC|  |TAMS 0x0000000748300000, 0x0000000748300000| Untracked 
| 132|0x0000000748400000, 0x0000000748500000, 0x0000000748500000|100%|HC|  |TAMS 0x0000000748400000, 0x0000000748400000| Untracked 
| 133|0x0000000748500000, 0x0000000748600000, 0x0000000748600000|100%|HC|  |TAMS 0x0000000748500000, 0x0000000748500000| Untracked 
| 134|0x0000000748600000, 0x0000000748700000, 0x0000000748700000|100%|HC|  |TAMS 0x0000000748600000, 0x0000000748600000| Untracked 
| 135|0x0000000748700000, 0x0000000748800000, 0x0000000748800000|100%|HC|  |TAMS 0x0000000748700000, 0x0000000748700000| Untracked 
| 136|0x0000000748800000, 0x0000000748900000, 0x0000000748900000|100%|HC|  |TAMS 0x0000000748800000, 0x0000000748800000| Untracked 
| 137|0x0000000748900000, 0x0000000748a00000, 0x0000000748a00000|100%|HC|  |TAMS 0x0000000748900000, 0x0000000748900000| Untracked 
| 138|0x0000000748a00000, 0x0000000748b00000, 0x0000000748b00000|100%|HC|  |TAMS 0x0000000748a00000, 0x0000000748a00000| Untracked 
| 139|0x0000000748b00000, 0x0000000748c00000, 0x0000000748c00000|100%|HC|  |TAMS 0x0000000748b00000, 0x0000000748b00000| Untracked 
| 140|0x0000000748c00000, 0x0000000748d00000, 0x0000000748d00000|100%|HC|  |TAMS 0x0000000748c00000, 0x0000000748c00000| Untracked 
| 141|0x0000000748d00000, 0x0000000748e00000, 0x0000000748e00000|100%|HC|  |TAMS 0x0000000748d00000, 0x0000000748d00000| Untracked 
| 142|0x0000000748e00000, 0x0000000748f00000, 0x0000000748f00000|100%|HC|  |TAMS 0x0000000748e00000, 0x0000000748e00000| Untracked 
| 143|0x0000000748f00000, 0x0000000749000000, 0x0000000749000000|100%|HC|  |TAMS 0x0000000748f00000, 0x0000000748f00000| Untracked 
| 144|0x0000000749000000, 0x0000000749100000, 0x0000000749100000|100%|HC|  |TAMS 0x0000000749000000, 0x0000000749000000| Untracked 
| 145|0x0000000749100000, 0x0000000749200000, 0x0000000749200000|100%|HC|  |TAMS 0x0000000749100000, 0x0000000749100000| Untracked 
| 146|0x0000000749200000, 0x0000000749300000, 0x0000000749300000|100%|HC|  |TAMS 0x0000000749200000, 0x0000000749200000| Untracked 
| 147|0x0000000749300000, 0x0000000749400000, 0x0000000749400000|100%|HC|  |TAMS 0x0000000749300000, 0x0000000749300000| Untracked 
| 148|0x0000000749400000, 0x0000000749500000, 0x0000000749500000|100%|HC|  |TAMS 0x0000000749400000, 0x0000000749400000| Untracked 
| 149|0x0000000749500000, 0x0000000749600000, 0x0000000749600000|100%|HC|  |TAMS 0x0000000749500000, 0x0000000749500000| Untracked 
| 150|0x0000000749600000, 0x0000000749700000, 0x0000000749700000|100%|HC|  |TAMS 0x0000000749600000, 0x0000000749600000| Untracked 
| 151|0x0000000749700000, 0x0000000749800000, 0x0000000749800000|100%|HC|  |TAMS 0x0000000749700000, 0x0000000749700000| Untracked 
| 152|0x0000000749800000, 0x0000000749900000, 0x0000000749900000|100%|HC|  |TAMS 0x0000000749800000, 0x0000000749800000| Untracked 
| 153|0x0000000749900000, 0x0000000749a00000, 0x0000000749a00000|100%|HC|  |TAMS 0x0000000749900000, 0x0000000749900000| Untracked 
| 154|0x0000000749a00000, 0x0000000749b00000, 0x0000000749b00000|100%|HC|  |TAMS 0x0000000749a00000, 0x0000000749a00000| Untracked 
| 155|0x0000000749b00000, 0x0000000749c00000, 0x0000000749c00000|100%|HC|  |TAMS 0x0000000749b00000, 0x0000000749b00000| Untracked 
| 156|0x0000000749c00000, 0x0000000749d00000, 0x0000000749d00000|100%|HC|  |TAMS 0x0000000749c00000, 0x0000000749c00000| Untracked 
| 157|0x0000000749d00000, 0x0000000749e00000, 0x0000000749e00000|100%|HC|  |TAMS 0x0000000749d00000, 0x0000000749d00000| Untracked 
| 158|0x0000000749e00000, 0x0000000749f00000, 0x0000000749f00000|100%|HC|  |TAMS 0x0000000749e00000, 0x0000000749e00000| Untracked 
| 159|0x0000000749f00000, 0x000000074a000000, 0x000000074a000000|100%|HC|  |TAMS 0x0000000749f00000, 0x0000000749f00000| Untracked 
| 160|0x000000074a000000, 0x000000074a000000, 0x000000074a100000|  0%| F|  |TAMS 0x000000074a000000, 0x000000074a000000| Untracked 
| 161|0x000000074a100000, 0x000000074a1e7e80, 0x000000074a200000| 90%| O|  |TAMS 0x000000074a100000, 0x000000074a100000| Untracked 
| 162|0x000000074a200000, 0x000000074a200000, 0x000000074a300000|  0%| F|  |TAMS 0x000000074a200000, 0x000000074a200000| Untracked 
| 163|0x000000074a300000, 0x000000074a300000, 0x000000074a400000|  0%| F|  |TAMS 0x000000074a300000, 0x000000074a300000| Untracked 
| 164|0x000000074a400000, 0x000000074a400000, 0x000000074a500000|  0%| F|  |TAMS 0x000000074a400000, 0x000000074a400000| Untracked 
| 165|0x000000074a500000, 0x000000074a500000, 0x000000074a600000|  0%| F|  |TAMS 0x000000074a500000, 0x000000074a500000| Untracked 
| 166|0x000000074a600000, 0x000000074a600000, 0x000000074a700000|  0%| F|  |TAMS 0x000000074a600000, 0x000000074a600000| Untracked 
| 167|0x000000074a700000, 0x000000074a700000, 0x000000074a800000|  0%| F|  |TAMS 0x000000074a700000, 0x000000074a700000| Untracked 
| 168|0x000000074a800000, 0x000000074a800000, 0x000000074a900000|  0%| F|  |TAMS 0x000000074a800000, 0x000000074a800000| Untracked 
| 169|0x000000074a900000, 0x000000074a900000, 0x000000074aa00000|  0%| F|  |TAMS 0x000000074a900000, 0x000000074a900000| Untracked 
| 170|0x000000074aa00000, 0x000000074aa00000, 0x000000074ab00000|  0%| F|  |TAMS 0x000000074aa00000, 0x000000074aa00000| Untracked 
| 171|0x000000074ab00000, 0x000000074ab00000, 0x000000074ac00000|  0%| F|  |TAMS 0x000000074ab00000, 0x000000074ab00000| Untracked 
| 172|0x000000074ac00000, 0x000000074ac00000, 0x000000074ad00000|  0%| F|  |TAMS 0x000000074ac00000, 0x000000074ac00000| Untracked 
| 173|0x000000074ad00000, 0x000000074ad00000, 0x000000074ae00000|  0%| F|  |TAMS 0x000000074ad00000, 0x000000074ad00000| Untracked 
| 174|0x000000074ae00000, 0x000000074ae00000, 0x000000074af00000|  0%| F|  |TAMS 0x000000074ae00000, 0x000000074ae00000| Untracked 
| 175|0x000000074af00000, 0x000000074af00000, 0x000000074b000000|  0%| F|  |TAMS 0x000000074af00000, 0x000000074af00000| Untracked 
| 176|0x000000074b000000, 0x000000074b000000, 0x000000074b100000|  0%| F|  |TAMS 0x000000074b000000, 0x000000074b000000| Untracked 
| 177|0x000000074b100000, 0x000000074b100000, 0x000000074b200000|  0%| F|  |TAMS 0x000000074b100000, 0x000000074b100000| Untracked 
| 178|0x000000074b200000, 0x000000074b200000, 0x000000074b300000|  0%| F|  |TAMS 0x000000074b200000, 0x000000074b200000| Untracked 
| 179|0x000000074b300000, 0x000000074b300000, 0x000000074b400000|  0%| F|  |TAMS 0x000000074b300000, 0x000000074b300000| Untracked 
| 180|0x000000074b400000, 0x000000074b400000, 0x000000074b500000|  0%| F|  |TAMS 0x000000074b400000, 0x000000074b400000| Untracked 
| 181|0x000000074b500000, 0x000000074b500000, 0x000000074b600000|  0%| F|  |TAMS 0x000000074b500000, 0x000000074b500000| Untracked 
| 182|0x000000074b600000, 0x000000074b600000, 0x000000074b700000|  0%| F|  |TAMS 0x000000074b600000, 0x000000074b600000| Untracked 
| 183|0x000000074b700000, 0x000000074b700000, 0x000000074b800000|  0%| F|  |TAMS 0x000000074b700000, 0x000000074b700000| Untracked 
| 184|0x000000074b800000, 0x000000074b800000, 0x000000074b900000|  0%| F|  |TAMS 0x000000074b800000, 0x000000074b800000| Untracked 
| 185|0x000000074b900000, 0x000000074b900000, 0x000000074ba00000|  0%| F|  |TAMS 0x000000074b900000, 0x000000074b900000| Untracked 
| 186|0x000000074ba00000, 0x000000074ba00000, 0x000000074bb00000|  0%| F|  |TAMS 0x000000074ba00000, 0x000000074ba00000| Untracked 
| 187|0x000000074bb00000, 0x000000074bb00000, 0x000000074bc00000|  0%| F|  |TAMS 0x000000074bb00000, 0x000000074bb00000| Untracked 
| 188|0x000000074bc00000, 0x000000074bc00000, 0x000000074bd00000|  0%| F|  |TAMS 0x000000074bc00000, 0x000000074bc00000| Untracked 
| 189|0x000000074bd00000, 0x000000074bd00000, 0x000000074be00000|  0%| F|  |TAMS 0x000000074bd00000, 0x000000074bd00000| Untracked 
| 190|0x000000074be00000, 0x000000074be00000, 0x000000074bf00000|  0%| F|  |TAMS 0x000000074be00000, 0x000000074be00000| Untracked 
| 191|0x000000074bf00000, 0x000000074bf00000, 0x000000074c000000|  0%| F|  |TAMS 0x000000074bf00000, 0x000000074bf00000| Untracked 
| 192|0x000000074c000000, 0x000000074c000000, 0x000000074c100000|  0%| F|  |TAMS 0x000000074c000000, 0x000000074c000000| Untracked 
| 193|0x000000074c100000, 0x000000074c100000, 0x000000074c200000|  0%| F|  |TAMS 0x000000074c100000, 0x000000074c100000| Untracked 
| 194|0x000000074c200000, 0x000000074c200000, 0x000000074c300000|  0%| F|  |TAMS 0x000000074c200000, 0x000000074c200000| Untracked 
| 195|0x000000074c300000, 0x000000074c300000, 0x000000074c400000|  0%| F|  |TAMS 0x000000074c300000, 0x000000074c300000| Untracked 
| 196|0x000000074c400000, 0x000000074c400000, 0x000000074c500000|  0%| F|  |TAMS 0x000000074c400000, 0x000000074c400000| Untracked 
| 197|0x000000074c500000, 0x000000074c500000, 0x000000074c600000|  0%| F|  |TAMS 0x000000074c500000, 0x000000074c500000| Untracked 
| 198|0x000000074c600000, 0x000000074c600000, 0x000000074c700000|  0%| F|  |TAMS 0x000000074c600000, 0x000000074c600000| Untracked 
| 199|0x000000074c700000, 0x000000074c700000, 0x000000074c800000|  0%| F|  |TAMS 0x000000074c700000, 0x000000074c700000| Untracked 
| 200|0x000000074c800000, 0x000000074c800000, 0x000000074c900000|  0%| F|  |TAMS 0x000000074c800000, 0x000000074c800000| Untracked 
| 201|0x000000074c900000, 0x000000074c900000, 0x000000074ca00000|  0%| F|  |TAMS 0x000000074c900000, 0x000000074c900000| Untracked 
| 202|0x000000074ca00000, 0x000000074ca00000, 0x000000074cb00000|  0%| F|  |TAMS 0x000000074ca00000, 0x000000074ca00000| Untracked 
| 203|0x000000074cb00000, 0x000000074cb00000, 0x000000074cc00000|  0%| F|  |TAMS 0x000000074cb00000, 0x000000074cb00000| Untracked 
| 204|0x000000074cc00000, 0x000000074cc00000, 0x000000074cd00000|  0%| F|  |TAMS 0x000000074cc00000, 0x000000074cc00000| Untracked 
| 205|0x000000074cd00000, 0x000000074cd00000, 0x000000074ce00000|  0%| F|  |TAMS 0x000000074cd00000, 0x000000074cd00000| Untracked 
| 206|0x000000074ce00000, 0x000000074ce00000, 0x000000074cf00000|  0%| F|  |TAMS 0x000000074ce00000, 0x000000074ce00000| Untracked 
| 207|0x000000074cf00000, 0x000000074cf00000, 0x000000074d000000|  0%| F|  |TAMS 0x000000074cf00000, 0x000000074cf00000| Untracked 
| 208|0x000000074d000000, 0x000000074d000000, 0x000000074d100000|  0%| F|  |TAMS 0x000000074d000000, 0x000000074d000000| Untracked 
| 209|0x000000074d100000, 0x000000074d100000, 0x000000074d200000|  0%| F|  |TAMS 0x000000074d100000, 0x000000074d100000| Untracked 
| 210|0x000000074d200000, 0x000000074d200000, 0x000000074d300000|  0%| F|  |TAMS 0x000000074d200000, 0x000000074d200000| Untracked 
| 211|0x000000074d300000, 0x000000074d300000, 0x000000074d400000|  0%| F|  |TAMS 0x000000074d300000, 0x000000074d300000| Untracked 
| 212|0x000000074d400000, 0x000000074d400000, 0x000000074d500000|  0%| F|  |TAMS 0x000000074d400000, 0x000000074d400000| Untracked 
| 213|0x000000074d500000, 0x000000074d500000, 0x000000074d600000|  0%| F|  |TAMS 0x000000074d500000, 0x000000074d500000| Untracked 
| 214|0x000000074d600000, 0x000000074d600000, 0x000000074d700000|  0%| F|  |TAMS 0x000000074d600000, 0x000000074d600000| Untracked 
| 215|0x000000074d700000, 0x000000074d700000, 0x000000074d800000|  0%| F|  |TAMS 0x000000074d700000, 0x000000074d700000| Untracked 
| 216|0x000000074d800000, 0x000000074d800000, 0x000000074d900000|  0%| F|  |TAMS 0x000000074d800000, 0x000000074d800000| Untracked 
| 217|0x000000074d900000, 0x000000074d900000, 0x000000074da00000|  0%| F|  |TAMS 0x000000074d900000, 0x000000074d900000| Untracked 
| 218|0x000000074da00000, 0x000000074da00000, 0x000000074db00000|  0%| F|  |TAMS 0x000000074da00000, 0x000000074da00000| Untracked 
| 219|0x000000074db00000, 0x000000074db00000, 0x000000074dc00000|  0%| F|  |TAMS 0x000000074db00000, 0x000000074db00000| Untracked 
| 220|0x000000074dc00000, 0x000000074dc00000, 0x000000074dd00000|  0%| F|  |TAMS 0x000000074dc00000, 0x000000074dc00000| Untracked 
| 221|0x000000074dd00000, 0x000000074dd00000, 0x000000074de00000|  0%| F|  |TAMS 0x000000074dd00000, 0x000000074dd00000| Untracked 
| 222|0x000000074de00000, 0x000000074de00000, 0x000000074df00000|  0%| F|  |TAMS 0x000000074de00000, 0x000000074de00000| Untracked 
| 223|0x000000074df00000, 0x000000074df00000, 0x000000074e000000|  0%| F|  |TAMS 0x000000074df00000, 0x000000074df00000| Untracked 
| 224|0x000000074e000000, 0x000000074e000000, 0x000000074e100000|  0%| F|  |TAMS 0x000000074e000000, 0x000000074e000000| Untracked 
| 225|0x000000074e100000, 0x000000074e100000, 0x000000074e200000|  0%| F|  |TAMS 0x000000074e100000, 0x000000074e100000| Untracked 
| 226|0x000000074e200000, 0x000000074e200000, 0x000000074e300000|  0%| F|  |TAMS 0x000000074e200000, 0x000000074e200000| Untracked 
| 227|0x000000074e300000, 0x000000074e300000, 0x000000074e400000|  0%| F|  |TAMS 0x000000074e300000, 0x000000074e300000| Untracked 
| 228|0x000000074e400000, 0x000000074e400000, 0x000000074e500000|  0%| F|  |TAMS 0x000000074e400000, 0x000000074e400000| Untracked 
| 229|0x000000074e500000, 0x000000074e500000, 0x000000074e600000|  0%| F|  |TAMS 0x000000074e500000, 0x000000074e500000| Untracked 
| 230|0x000000074e600000, 0x000000074e600000, 0x000000074e700000|  0%| F|  |TAMS 0x000000074e600000, 0x000000074e600000| Untracked 
| 231|0x000000074e700000, 0x000000074e700000, 0x000000074e800000|  0%| F|  |TAMS 0x000000074e700000, 0x000000074e700000| Untracked 
| 232|0x000000074e800000, 0x000000074e800000, 0x000000074e900000|  0%| F|  |TAMS 0x000000074e800000, 0x000000074e800000| Untracked 
| 233|0x000000074e900000, 0x000000074e900000, 0x000000074ea00000|  0%| F|  |TAMS 0x000000074e900000, 0x000000074e900000| Untracked 
| 234|0x000000074ea00000, 0x000000074ea00000, 0x000000074eb00000|  0%| F|  |TAMS 0x000000074ea00000, 0x000000074ea00000| Untracked 
| 235|0x000000074eb00000, 0x000000074eb00000, 0x000000074ec00000|  0%| F|  |TAMS 0x000000074eb00000, 0x000000074eb00000| Untracked 
| 236|0x000000074ec00000, 0x000000074ec00000, 0x000000074ed00000|  0%| F|  |TAMS 0x000000074ec00000, 0x000000074ec00000| Untracked 
| 237|0x000000074ed00000, 0x000000074ed00000, 0x000000074ee00000|  0%| F|  |TAMS 0x000000074ed00000, 0x000000074ed00000| Untracked 
| 238|0x000000074ee00000, 0x000000074ee00000, 0x000000074ef00000|  0%| F|  |TAMS 0x000000074ee00000, 0x000000074ee00000| Untracked 
| 239|0x000000074ef00000, 0x000000074ef00000, 0x000000074f000000|  0%| F|  |TAMS 0x000000074ef00000, 0x000000074ef00000| Untracked 
| 240|0x000000074f000000, 0x000000074f000000, 0x000000074f100000|  0%| F|  |TAMS 0x000000074f000000, 0x000000074f000000| Untracked 
| 241|0x000000074f100000, 0x000000074f100000, 0x000000074f200000|  0%| F|  |TAMS 0x000000074f100000, 0x000000074f100000| Untracked 
| 242|0x000000074f200000, 0x000000074f200000, 0x000000074f300000|  0%| F|  |TAMS 0x000000074f200000, 0x000000074f200000| Untracked 
| 243|0x000000074f300000, 0x000000074f300000, 0x000000074f400000|  0%| F|  |TAMS 0x000000074f300000, 0x000000074f300000| Untracked 
| 244|0x000000074f400000, 0x000000074f400000, 0x000000074f500000|  0%| F|  |TAMS 0x000000074f400000, 0x000000074f400000| Untracked 
| 245|0x000000074f500000, 0x000000074f500000, 0x000000074f600000|  0%| F|  |TAMS 0x000000074f500000, 0x000000074f500000| Untracked 
| 246|0x000000074f600000, 0x000000074f600000, 0x000000074f700000|  0%| F|  |TAMS 0x000000074f600000, 0x000000074f600000| Untracked 
| 247|0x000000074f700000, 0x000000074f700000, 0x000000074f800000|  0%| F|  |TAMS 0x000000074f700000, 0x000000074f700000| Untracked 
| 248|0x000000074f800000, 0x000000074f800000, 0x000000074f900000|  0%| F|  |TAMS 0x000000074f800000, 0x000000074f800000| Untracked 
| 249|0x000000074f900000, 0x000000074f900000, 0x000000074fa00000|  0%| F|  |TAMS 0x000000074f900000, 0x000000074f900000| Untracked 
| 250|0x000000074fa00000, 0x000000074fa00000, 0x000000074fb00000|  0%| F|  |TAMS 0x000000074fa00000, 0x000000074fa00000| Untracked 
| 251|0x000000074fb00000, 0x000000074fb00000, 0x000000074fc00000|  0%| F|  |TAMS 0x000000074fb00000, 0x000000074fb00000| Untracked 
| 252|0x000000074fc00000, 0x000000074fc00000, 0x000000074fd00000|  0%| F|  |TAMS 0x000000074fc00000, 0x000000074fc00000| Untracked 
| 253|0x000000074fd00000, 0x000000074fd00000, 0x000000074fe00000|  0%| F|  |TAMS 0x000000074fd00000, 0x000000074fd00000| Untracked 
| 254|0x000000074fe00000, 0x000000074fe00000, 0x000000074ff00000|  0%| F|  |TAMS 0x000000074fe00000, 0x000000074fe00000| Untracked 
| 255|0x000000074ff00000, 0x000000074ff00000, 0x0000000750000000|  0%| F|  |TAMS 0x000000074ff00000, 0x000000074ff00000| Untracked 
| 256|0x0000000750000000, 0x0000000750000000, 0x0000000750100000|  0%| F|  |TAMS 0x0000000750000000, 0x0000000750000000| Untracked 
| 257|0x0000000750100000, 0x0000000750100000, 0x0000000750200000|  0%| F|  |TAMS 0x0000000750100000, 0x0000000750100000| Untracked 
| 258|0x0000000750200000, 0x0000000750200000, 0x0000000750300000|  0%| F|  |TAMS 0x0000000750200000, 0x0000000750200000| Untracked 
| 259|0x0000000750300000, 0x0000000750300000, 0x0000000750400000|  0%| F|  |TAMS 0x0000000750300000, 0x0000000750300000| Untracked 
| 260|0x0000000750400000, 0x0000000750400000, 0x0000000750500000|  0%| F|  |TAMS 0x0000000750400000, 0x0000000750400000| Untracked 
| 261|0x0000000750500000, 0x0000000750500000, 0x0000000750600000|  0%| F|  |TAMS 0x0000000750500000, 0x0000000750500000| Untracked 
| 262|0x0000000750600000, 0x0000000750600000, 0x0000000750700000|  0%| F|  |TAMS 0x0000000750600000, 0x0000000750600000| Untracked 
| 263|0x0000000750700000, 0x0000000750700000, 0x0000000750800000|  0%| F|  |TAMS 0x0000000750700000, 0x0000000750700000| Untracked 
| 264|0x0000000750800000, 0x0000000750800000, 0x0000000750900000|  0%| F|  |TAMS 0x0000000750800000, 0x0000000750800000| Untracked 
| 265|0x0000000750900000, 0x0000000750900000, 0x0000000750a00000|  0%| F|  |TAMS 0x0000000750900000, 0x0000000750900000| Untracked 
| 266|0x0000000750a00000, 0x0000000750a00000, 0x0000000750b00000|  0%| F|  |TAMS 0x0000000750a00000, 0x0000000750a00000| Untracked 
| 267|0x0000000750b00000, 0x0000000750b7ac40, 0x0000000750c00000| 47%| S|CS|TAMS 0x0000000750b00000, 0x0000000750b00000| Complete 
| 268|0x0000000750c00000, 0x0000000750c00000, 0x0000000750d00000|  0%| F|  |TAMS 0x0000000750c00000, 0x0000000750c00000| Untracked 
| 269|0x0000000750d00000, 0x0000000750d00000, 0x0000000750e00000|  0%| F|  |TAMS 0x0000000750d00000, 0x0000000750d00000| Untracked 
| 270|0x0000000750e00000, 0x0000000750e00000, 0x0000000750f00000|  0%| F|  |TAMS 0x0000000750e00000, 0x0000000750e00000| Untracked 
| 271|0x0000000750f00000, 0x0000000750f00000, 0x0000000751000000|  0%| F|  |TAMS 0x0000000750f00000, 0x0000000750f00000| Untracked 
| 272|0x0000000751000000, 0x0000000751000000, 0x0000000751100000|  0%| F|  |TAMS 0x0000000751000000, 0x0000000751000000| Untracked 
| 273|0x0000000751100000, 0x0000000751100000, 0x0000000751200000|  0%| F|  |TAMS 0x0000000751100000, 0x0000000751100000| Untracked 
| 274|0x0000000751200000, 0x0000000751200000, 0x0000000751300000|  0%| F|  |TAMS 0x0000000751200000, 0x0000000751200000| Untracked 
| 275|0x0000000751300000, 0x0000000751300000, 0x0000000751400000|  0%| F|  |TAMS 0x0000000751300000, 0x0000000751300000| Untracked 
| 276|0x0000000751400000, 0x0000000751400000, 0x0000000751500000|  0%| F|  |TAMS 0x0000000751400000, 0x0000000751400000| Untracked 
| 277|0x0000000751500000, 0x0000000751500000, 0x0000000751600000|  0%| F|  |TAMS 0x0000000751500000, 0x0000000751500000| Untracked 
| 278|0x0000000751600000, 0x0000000751600000, 0x0000000751700000|  0%| F|  |TAMS 0x0000000751600000, 0x0000000751600000| Untracked 
| 279|0x0000000751700000, 0x0000000751700000, 0x0000000751800000|  0%| F|  |TAMS 0x0000000751700000, 0x0000000751700000| Untracked 
| 280|0x0000000751800000, 0x0000000751800000, 0x0000000751900000|  0%| F|  |TAMS 0x0000000751800000, 0x0000000751800000| Untracked 
| 281|0x0000000751900000, 0x0000000751900000, 0x0000000751a00000|  0%| F|  |TAMS 0x0000000751900000, 0x0000000751900000| Untracked 
| 282|0x0000000751a00000, 0x0000000751a00000, 0x0000000751b00000|  0%| F|  |TAMS 0x0000000751a00000, 0x0000000751a00000| Untracked 
| 283|0x0000000751b00000, 0x0000000751b00000, 0x0000000751c00000|  0%| F|  |TAMS 0x0000000751b00000, 0x0000000751b00000| Untracked 
| 284|0x0000000751c00000, 0x0000000751c00000, 0x0000000751d00000|  0%| F|  |TAMS 0x0000000751c00000, 0x0000000751c00000| Untracked 
| 285|0x0000000751d00000, 0x0000000751d00000, 0x0000000751e00000|  0%| F|  |TAMS 0x0000000751d00000, 0x0000000751d00000| Untracked 
| 286|0x0000000751e00000, 0x0000000751e00000, 0x0000000751f00000|  0%| F|  |TAMS 0x0000000751e00000, 0x0000000751e00000| Untracked 
| 287|0x0000000751f00000, 0x0000000751f00000, 0x0000000752000000|  0%| F|  |TAMS 0x0000000751f00000, 0x0000000751f00000| Untracked 
| 288|0x0000000752000000, 0x0000000752000000, 0x0000000752100000|  0%| F|  |TAMS 0x0000000752000000, 0x0000000752000000| Untracked 
| 289|0x0000000752100000, 0x0000000752100000, 0x0000000752200000|  0%| F|  |TAMS 0x0000000752100000, 0x0000000752100000| Untracked 
| 290|0x0000000752200000, 0x0000000752200000, 0x0000000752300000|  0%| F|  |TAMS 0x0000000752200000, 0x0000000752200000| Untracked 
| 291|0x0000000752300000, 0x0000000752300000, 0x0000000752400000|  0%| F|  |TAMS 0x0000000752300000, 0x0000000752300000| Untracked 
| 292|0x0000000752400000, 0x0000000752400000, 0x0000000752500000|  0%| F|  |TAMS 0x0000000752400000, 0x0000000752400000| Untracked 
| 293|0x0000000752500000, 0x0000000752500000, 0x0000000752600000|  0%| F|  |TAMS 0x0000000752500000, 0x0000000752500000| Untracked 
| 294|0x0000000752600000, 0x0000000752600000, 0x0000000752700000|  0%| F|  |TAMS 0x0000000752600000, 0x0000000752600000| Untracked 
| 295|0x0000000752700000, 0x0000000752700000, 0x0000000752800000|  0%| F|  |TAMS 0x0000000752700000, 0x0000000752700000| Untracked 
| 296|0x0000000752800000, 0x0000000752800000, 0x0000000752900000|  0%| F|  |TAMS 0x0000000752800000, 0x0000000752800000| Untracked 
| 297|0x0000000752900000, 0x0000000752900000, 0x0000000752a00000|  0%| F|  |TAMS 0x0000000752900000, 0x0000000752900000| Untracked 
| 298|0x0000000752a00000, 0x0000000752a00000, 0x0000000752b00000|  0%| F|  |TAMS 0x0000000752a00000, 0x0000000752a00000| Untracked 
| 299|0x0000000752b00000, 0x0000000752b00000, 0x0000000752c00000|  0%| F|  |TAMS 0x0000000752b00000, 0x0000000752b00000| Untracked 
| 300|0x0000000752c00000, 0x0000000752c00000, 0x0000000752d00000|  0%| F|  |TAMS 0x0000000752c00000, 0x0000000752c00000| Untracked 
| 301|0x0000000752d00000, 0x0000000752d00000, 0x0000000752e00000|  0%| F|  |TAMS 0x0000000752d00000, 0x0000000752d00000| Untracked 
| 302|0x0000000752e00000, 0x0000000752e00000, 0x0000000752f00000|  0%| F|  |TAMS 0x0000000752e00000, 0x0000000752e00000| Untracked 
| 303|0x0000000752f00000, 0x0000000752f00000, 0x0000000753000000|  0%| F|  |TAMS 0x0000000752f00000, 0x0000000752f00000| Untracked 
| 304|0x0000000753000000, 0x0000000753000000, 0x0000000753100000|  0%| F|  |TAMS 0x0000000753000000, 0x0000000753000000| Untracked 
| 305|0x0000000753100000, 0x0000000753100000, 0x0000000753200000|  0%| F|  |TAMS 0x0000000753100000, 0x0000000753100000| Untracked 
| 306|0x0000000753200000, 0x0000000753200000, 0x0000000753300000|  0%| F|  |TAMS 0x0000000753200000, 0x0000000753200000| Untracked 
| 307|0x0000000753300000, 0x0000000753300000, 0x0000000753400000|  0%| F|  |TAMS 0x0000000753300000, 0x0000000753300000| Untracked 
| 308|0x0000000753400000, 0x0000000753400000, 0x0000000753500000|  0%| F|  |TAMS 0x0000000753400000, 0x0000000753400000| Untracked 
| 309|0x0000000753500000, 0x0000000753500000, 0x0000000753600000|  0%| F|  |TAMS 0x0000000753500000, 0x0000000753500000| Untracked 
| 310|0x0000000753600000, 0x0000000753600000, 0x0000000753700000|  0%| F|  |TAMS 0x0000000753600000, 0x0000000753600000| Untracked 
| 311|0x0000000753700000, 0x0000000753700000, 0x0000000753800000|  0%| F|  |TAMS 0x0000000753700000, 0x0000000753700000| Untracked 
| 312|0x0000000753800000, 0x0000000753800000, 0x0000000753900000|  0%| F|  |TAMS 0x0000000753800000, 0x0000000753800000| Untracked 
| 313|0x0000000753900000, 0x0000000753900000, 0x0000000753a00000|  0%| F|  |TAMS 0x0000000753900000, 0x0000000753900000| Untracked 
| 314|0x0000000753a00000, 0x0000000753abef40, 0x0000000753b00000| 74%| E|  |TAMS 0x0000000753a00000, 0x0000000753a00000| Complete 
| 315|0x0000000753b00000, 0x0000000753c00000, 0x0000000753c00000|100%| E|CS|TAMS 0x0000000753b00000, 0x0000000753b00000| Complete 
| 316|0x0000000753c00000, 0x0000000753d00000, 0x0000000753d00000|100%| E|CS|TAMS 0x0000000753c00000, 0x0000000753c00000| Complete 
| 317|0x0000000753d00000, 0x0000000753e00000, 0x0000000753e00000|100%| E|CS|TAMS 0x0000000753d00000, 0x0000000753d00000| Complete 
| 318|0x0000000753e00000, 0x0000000753f00000, 0x0000000753f00000|100%| E|CS|TAMS 0x0000000753e00000, 0x0000000753e00000| Complete 
| 319|0x0000000753f00000, 0x0000000754000000, 0x0000000754000000|100%| E|CS|TAMS 0x0000000753f00000, 0x0000000753f00000| Complete 
| 320|0x0000000754000000, 0x0000000754100000, 0x0000000754100000|100%| E|CS|TAMS 0x0000000754000000, 0x0000000754000000| Complete 
| 321|0x0000000754100000, 0x0000000754200000, 0x0000000754200000|100%| E|CS|TAMS 0x0000000754100000, 0x0000000754100000| Complete 
| 322|0x0000000754200000, 0x0000000754300000, 0x0000000754300000|100%| E|CS|TAMS 0x0000000754200000, 0x0000000754200000| Complete 
| 323|0x0000000754300000, 0x0000000754400000, 0x0000000754400000|100%| E|CS|TAMS 0x0000000754300000, 0x0000000754300000| Complete 
| 324|0x0000000754400000, 0x0000000754500000, 0x0000000754500000|100%| E|CS|TAMS 0x0000000754400000, 0x0000000754400000| Complete 
| 325|0x0000000754500000, 0x0000000754600000, 0x0000000754600000|100%| E|  |TAMS 0x0000000754500000, 0x0000000754500000| Complete 
| 326|0x0000000754600000, 0x0000000754700000, 0x0000000754700000|100%| E|CS|TAMS 0x0000000754600000, 0x0000000754600000| Complete 
| 327|0x0000000754700000, 0x0000000754800000, 0x0000000754800000|100%| E|CS|TAMS 0x0000000754700000, 0x0000000754700000| Complete 

Card table byte_map: [0x000001f00b890000,0x000001f00be90000] _byte_map_base: 0x000001f007e90000

Marking Bits (Prev, Next): (CMBitMap*) 0x000001f04531f980, (CMBitMap*) 0x000001f04531f948
 Prev Bits: [0x000001f0192c0000, 0x000001f01c2c0000)
 Next Bits: [0x000001f0162c0000, 0x000001f0192c0000)

Polling page: 0x000001f0056c0000

Metaspace:

Usage:
  Non-class:     84.05 MB capacity,    82.51 MB ( 98%) used,     1.17 MB (  1%) free+waste,   367.50 KB ( <1%) overhead. 
      Class:     14.26 MB capacity,    13.02 MB ( 91%) used,     1.06 MB (  7%) free+waste,   178.56 KB (  1%) overhead. 
       Both:     98.30 MB capacity,    95.53 MB ( 97%) used,     2.24 MB (  2%) free+waste,   546.06 KB ( <1%) overhead. 

Virtual space:
  Non-class space:       86.00 MB reserved,      84.08 MB ( 98%) committed 
      Class space:        1.00 GB reserved,      14.38 MB (  1%) committed 
             Both:        1.08 GB reserved,      98.45 MB (  9%) committed 

Chunk freelists:
   Non-Class:  4.13 KB
       Class:  3.13 KB
        Both:  7.25 KB

CodeHeap 'non-profiled nmethods': size=120000Kb used=22742Kb max_used=23449Kb free=97257Kb
 bounds [0x000001f031850000, 0x000001f032f40000, 0x000001f038d80000]
CodeHeap 'profiled nmethods': size=120000Kb used=38843Kb max_used=46031Kb free=81156Kb
 bounds [0x000001f02a320000, 0x000001f02d050000, 0x000001f031850000]
CodeHeap 'non-nmethods': size=5760Kb used=1694Kb max_used=1751Kb free=4065Kb
 bounds [0x000001f029d80000, 0x000001f029ff0000, 0x000001f02a320000]
 total_blobs=34445 nmethods=17523 adapters=1159
 compilation: enabled
              stopped_count=0, restarted_count=0
 full_count=0

Compilation events (10 events):
Event: 18500.851 Thread 0x000001f044ff4000 23708       3       java.awt.SentEvent::<init> (7 bytes)
Event: 18500.852 Thread 0x000001f044ff4000 nmethod 23708 0x000001f02a5e4b10 code [0x000001f02a5e4d80, 0x000001f02a5e5880]
Event: 18500.861 Thread 0x000001f044ff4000 23709       3       de.javasoft.plaf.synthetica.painter.EditorPanePainter::getInstance (36 bytes)
Event: 18500.861 Thread 0x000001f044ff4000 nmethod 23709 0x000001f02a386790 code [0x000001f02a386980, 0x000001f02a386e90]
Event: 18500.872 Thread 0x000001f044ff4000 23710       3       de.javasoft.plaf.synthetica.painter.ButtonPainter::paintButtonBackground (588 bytes)
Event: 18500.898 Thread 0x000001f044ff4000 nmethod 23710 0x000001f02b539410 code [0x000001f02b53a320, 0x000001f02b543080]
Event: 18501.652 Thread 0x000001f044ff4000 23712       3       ui.views.w.b.s::a (52 bytes)
Event: 18501.652 Thread 0x000001f044ff4000 nmethod 23712 0x000001f02a663610 code [0x000001f02a663860, 0x000001f02a664400]
Event: 18502.079 Thread 0x000001f044ff4000 23713   !   3       java.awt.KeyboardFocusManager::isAutoFocusTransferEnabled (41 bytes)
Event: 18502.079 Thread 0x000001f044ff4000 nmethod 23713 0x000001f02a39ea90 code [0x000001f02a39ec60, 0x000001f02a39f098]

GC Heap History (10 events):
Event: 975.502 GC heap before
{Heap before GC invocations=357 (full 111):
 garbage-first heap   total 335872K, used 202629K [0x0000000740000000, 0x0000000800000000)
  region size 1024K, 60 young (61440K), 3 survivors (3072K)
 Metaspace       used 97777K, capacity 100531K, committed 100816K, reserved 1136640K
  class space    used 13327K, capacity 14598K, committed 14720K, reserved 1048576K
}
Event: 975.505 GC heap after
{Heap after GC invocations=358 (full 111):
 garbage-first heap   total 335872K, used 145358K [0x0000000740000000, 0x0000000800000000)
  region size 1024K, 3 young (3072K), 3 survivors (3072K)
 Metaspace       used 97777K, capacity 100531K, committed 100816K, reserved 1136640K
  class space    used 13327K, capacity 14598K, committed 14720K, reserved 1048576K
}
Event: 1101.276 GC heap before
{Heap before GC invocations=358 (full 111):
 garbage-first heap   total 335872K, used 203726K [0x0000000740000000, 0x0000000800000000)
  region size 1024K, 60 young (61440K), 3 survivors (3072K)
 Metaspace       used 97790K, capacity 100598K, committed 100816K, reserved 1136640K
  class space    used 13327K, capacity 14599K, committed 14720K, reserved 1048576K
}
Event: 1101.279 GC heap after
{Heap after GC invocations=359 (full 111):
 garbage-first heap   total 335872K, used 145291K [0x0000000740000000, 0x0000000800000000)
  region size 1024K, 3 young (3072K), 3 survivors (3072K)
 Metaspace       used 97790K, capacity 100598K, committed 100816K, reserved 1136640K
  class space    used 13327K, capacity 14599K, committed 14720K, reserved 1048576K
}
Event: 1251.428 GC heap before
{Heap before GC invocations=359 (full 111):
 garbage-first heap   total 335872K, used 203659K [0x0000000740000000, 0x0000000800000000)
  region size 1024K, 60 young (61440K), 3 survivors (3072K)
 Metaspace       used 97801K, capacity 100598K, committed 100816K, reserved 1136640K
  class space    used 13327K, capacity 14599K, committed 14720K, reserved 1048576K
}
Event: 1251.431 GC heap after
{Heap after GC invocations=360 (full 111):
 garbage-first heap   total 335872K, used 145359K [0x0000000740000000, 0x0000000800000000)
  region size 1024K, 3 young (3072K), 3 survivors (3072K)
 Metaspace       used 97801K, capacity 100598K, committed 100816K, reserved 1136640K
  class space    used 13327K, capacity 14599K, committed 14720K, reserved 1048576K
}
Event: 18386.424 GC heap before
{Heap before GC invocations=360 (full 111):
 garbage-first heap   total 335872K, used 187343K [0x0000000740000000, 0x0000000800000000)
  region size 1024K, 45 young (46080K), 3 survivors (3072K)
 Metaspace       used 97809K, capacity 100662K, committed 100816K, reserved 1136640K
  class space    used 13329K, capacity 14599K, committed 14720K, reserved 1048576K
}
Event: 18386.519 GC heap after
{Heap after GC invocations=361 (full 112):
 garbage-first heap   total 335872K, used 132407K [0x0000000740000000, 0x0000000800000000)
  region size 1024K, 0 young (0K), 0 survivors (0K)
 Metaspace       used 97809K, capacity 100662K, committed 100816K, reserved 1136640K
  class space    used 13329K, capacity 14599K, committed 14720K, reserved 1048576K
}
Event: 18492.035 GC heap before
{Heap before GC invocations=361 (full 112):
 garbage-first heap   total 335872K, used 193847K [0x0000000740000000, 0x0000000800000000)
  region size 1024K, 60 young (61440K), 0 survivors (0K)
 Metaspace       used 97822K, capacity 100662K, committed 100816K, reserved 1136640K
  class space    used 13330K, capacity 14599K, committed 14720K, reserved 1048576K
}
Event: 18492.038 GC heap after
{Heap after GC invocations=362 (full 112):
 garbage-first heap   total 335872K, used 132898K [0x0000000740000000, 0x0000000800000000)
  region size 1024K, 1 young (1024K), 1 survivors (1024K)
 Metaspace       used 97822K, capacity 100662K, committed 100816K, reserved 1136640K
  class space    used 13330K, capacity 14599K, committed 14720K, reserved 1048576K
}

Deoptimization events (10 events):
Event: 938.253 Thread 0x000001f021cab800 Uncommon trap: reason=unstable_if action=reinterpret pc=0x000001f032efb294 method=javax.swing.text.CompositeView.modelToView(ILjava/awt/Shape;Ljavax/swing/text/Position$Bias;)Ljava/awt/Shape; @ 4 c2
Event: 947.402 Thread 0x000001f021cab800 Uncommon trap: reason=unstable_if action=reinterpret pc=0x000001f032035e5c method=java.awt.EventQueue.postEvent(Ljava/awt/AWTEvent;I)V @ 82 c2
Event: 956.095 Thread 0x000001f021cab800 Uncommon trap: reason=unstable_if action=reinterpret pc=0x000001f0328aba64 method=java.awt.Rectangle.setRect(DDDD)V @ 29 c2
Event: 976.095 Thread 0x000001f021cab800 Uncommon trap: reason=unstable_if action=reinterpret pc=0x000001f032277a28 method=java.awt.Container.getMouseEventTargetImpl(IIZLjava/awt/Container$EventTargetFilter;ZZ)Ljava/awt/Component; @ 218 c2
Event: 18386.405 Thread 0x000001f021cab800 Uncommon trap: reason=unstable_if action=reinterpret pc=0x000001f032800140 method=ui.frmwork.a.d.a(Ljava/awt/AWTEvent;)V @ 153 c2
Event: 18386.406 Thread 0x000001f021cab800 Uncommon trap: reason=unstable_if action=reinterpret pc=0x000001f032f3a9ac method=ui.data.common.N.blW()V @ 106 c2
Event: 18440.568 Thread 0x000001f021cab800 Uncommon trap: reason=unstable_if action=reinterpret pc=0x000001f032868c14 method=com.jidesoft.editor.CodeEditor.getLineText(ILjavax/swing/text/Segment;)Z @ 24 c2
Event: 18440.568 Thread 0x000001f021cab800 Uncommon trap: reason=unstable_if action=reinterpret pc=0x000001f0322b047c method=com.jidesoft.editor.CodeEditor.xToOffset(II)I @ 119 c2
Event: 18440.568 Thread 0x000001f021cab800 Uncommon trap: reason=unstable_if action=reinterpret pc=0x000001f03251de0c method=com.jidesoft.editor.CodeEditor.getLineText(I)Ljava/lang/String; @ 25 c2
Event: 18460.950 Thread 0x000001f00e05a800 Uncommon trap: reason=unstable_if action=reinterpret pc=0x000001f032e59bd8 method=java.util.concurrent.locks.AbstractQueuedSynchronizer.acquireInterruptibly(I)V @ 19 c2

Classes redefined (0 events):
No events

Internal exceptions (10 events):
Event: 18461.517 Thread 0x000001f021cab800 Exception <a 'java/io/FileNotFoundException'{0x0000000751a521c8}> (0x0000000751a521c8) thrown at [t:/workspace/open/src/hotspot/share/prims/jni.cpp, line 615]
Event: 18466.525 Thread 0x000001f021cab800 Exception <a 'java/io/FileNotFoundException'{0x00000007519dd1f8}> (0x00000007519dd1f8) thrown at [t:/workspace/open/src/hotspot/share/prims/jni.cpp, line 615]
Event: 18471.520 Thread 0x000001f021cab800 Exception <a 'java/io/FileNotFoundException'{0x0000000751736d58}> (0x0000000751736d58) thrown at [t:/workspace/open/src/hotspot/share/prims/jni.cpp, line 615]
Event: 18476.522 Thread 0x000001f021cab800 Exception <a 'java/io/FileNotFoundException'{0x00000007515c84a0}> (0x00000007515c84a0) thrown at [t:/workspace/open/src/hotspot/share/prims/jni.cpp, line 615]
Event: 18481.523 Thread 0x000001f021cab800 Exception <a 'java/io/FileNotFoundException'{0x0000000751331bd8}> (0x0000000751331bd8) thrown at [t:/workspace/open/src/hotspot/share/prims/jni.cpp, line 615]
Event: 18486.523 Thread 0x000001f021cab800 Exception <a 'java/io/FileNotFoundException'{0x000000075138bb20}> (0x000000075138bb20) thrown at [t:/workspace/open/src/hotspot/share/prims/jni.cpp, line 615]
Event: 18491.524 Thread 0x000001f021cab800 Exception <a 'java/io/FileNotFoundException'{0x0000000750dddf00}> (0x0000000750dddf00) thrown at [t:/workspace/open/src/hotspot/share/prims/jni.cpp, line 615]
Event: 18496.525 Thread 0x000001f021cab800 Exception <a 'java/io/FileNotFoundException'{0x0000000754071490}> (0x0000000754071490) thrown at [t:/workspace/open/src/hotspot/share/prims/jni.cpp, line 615]
Event: 18500.799 Thread 0x000001f03cb8e000 Exception <a 'ui/frmwork/cmd/CommandFailedException'{0x00000007546026d0}> (0x00000007546026d0) thrown at [t:/workspace/open/src/hotspot/share/prims/jni.cpp, line 615]
Event: 18501.526 Thread 0x000001f021cab800 Exception <a 'java/io/FileNotFoundException'{0x0000000753b20588}> (0x0000000753b20588) thrown at [t:/workspace/open/src/hotspot/share/prims/jni.cpp, line 615]

Events (10 events):
Event: 18499.651 Thread 0x000001f03cb8a800 Thread exited: 0x000001f03cb8a800
Event: 18500.647 Thread 0x000001f03cb89000 Thread added: 0x000001f03cb89000
Event: 18500.652 Thread 0x000001f03cb89000 Thread exited: 0x000001f03cb89000
Event: 18500.799 Thread 0x000001f03cb8e000 Thread exited: 0x000001f03cb8e000
Event: 18500.799 Executing VM operation: RevokeBias
Event: 18500.799 Executing VM operation: RevokeBias done
Event: 18500.824 Executing VM operation: RevokeBias
Event: 18500.824 Executing VM operation: RevokeBias done
Event: 18501.648 Thread 0x000001f03cb8e000 Thread added: 0x000001f03cb8e000
Event: 18501.651 Thread 0x000001f03cb8e000 Thread exited: 0x000001f03cb8e000


Dynamic libraries:
0x00007ff654ca0000 - 0x00007ff654ccf000 	D:\Xilinx\Vivado\2020.2\bin\unwrapped\win64.o\vivado.exe
0x00007ffb18310000 - 0x00007ffb18505000 	C:\WINDOWS\SYSTEM32\ntdll.dll
0x00007ffb16aa0000 - 0x00007ffb16b5d000 	C:\WINDOWS\System32\KERNEL32.DLL
0x00007ffb15ab0000 - 0x00007ffb15d79000 	C:\WINDOWS\System32\KERNELBASE.dll
0x00007ffb16230000 - 0x00007ffb16330000 	C:\WINDOWS\System32\ucrtbase.dll
0x00007ffb0fc80000 - 0x00007ffb0fd0d000 	C:\WINDOWS\SYSTEM32\MSVCP140.dll
0x00007ffb10220000 - 0x00007ffb10233000 	D:\Xilinx\Vivado\2020.2\lib\win64.o\libboost_signals.dll
0x00007ffb0fc10000 - 0x00007ffb0fc28000 	D:\Xilinx\Vivado\2020.2\lib\win64.o\librdi_commonmain.dll
0x00007ffad57a0000 - 0x00007ffad6917000 	D:\Xilinx\Vivado\2020.2\lib\win64.o\librdi_common.dll
0x00007ffb109f0000 - 0x00007ffb10a0a000 	C:\WINDOWS\SYSTEM32\VCRUNTIME140.dll
0x00007ffb16b60000 - 0x00007ffb16d00000 	C:\WINDOWS\System32\USER32.dll
0x00007ffb0fc70000 - 0x00007ffb0fc7c000 	C:\WINDOWS\SYSTEM32\VCRUNTIME140_1.dll
0x00007ffb15d80000 - 0x00007ffb15da2000 	C:\WINDOWS\System32\win32u.dll
0x00007ffb177e0000 - 0x00007ffb1780a000 	C:\WINDOWS\System32\GDI32.dll
0x00007ffb10210000 - 0x00007ffb10219000 	D:\Xilinx\Vivado\2020.2\lib\win64.o\librdi_commonversion.dll
0x00007ffb15db0000 - 0x00007ffb15ebb000 	C:\WINDOWS\System32\gdi32full.dll
0x00007ffb0f3d0000 - 0x00007ffb0f3f2000 	D:\Xilinx\Vivado\2020.2\lib\win64.o\libboost_filesystem.dll
0x00007ffb15f80000 - 0x00007ffb1601d000 	C:\WINDOWS\System32\msvcp_win.dll
0x00007ffb0c960000 - 0x00007ffb0caf9000 	D:\Xilinx\Vivado\2020.2\lib\win64.o\librdi_commonxillic.dll
0x00007ffb178c0000 - 0x00007ffb1796c000 	C:\WINDOWS\System32\ADVAPI32.dll
0x00007ffb17970000 - 0x00007ffb180af000 	C:\WINDOWS\System32\SHELL32.dll
0x00007ffb16a30000 - 0x00007ffb16a9b000 	C:\WINDOWS\System32\WS2_32.dll
0x00007ffb16990000 - 0x00007ffb16a2e000 	C:\WINDOWS\System32\msvcrt.dll
0x000000006dc30000 - 0x000000006dd5b000 	D:\Xilinx\Vivado\2020.2\lib\win64.o\tcl85t.dll
0x00007ffb16d00000 - 0x00007ffb16e2a000 	C:\WINDOWS\System32\RPCRT4.dll
0x00007ffb17310000 - 0x00007ffb173ab000 	C:\WINDOWS\System32\sechost.dll
0x00007ffb15ec0000 - 0x00007ffb15ee7000 	C:\WINDOWS\System32\bcrypt.dll
0x00007ffaf3490000 - 0x00007ffaf37fe000 	D:\Xilinx\Vivado\2020.2\lib\win64.o\libCOIN-all.dll
0x00007ffb0f4a0000 - 0x00007ffb0f4b0000 	D:\Xilinx\Vivado\2020.2\lib\win64.o\libboost_date_time.dll
0x00007ffb0c8e0000 - 0x00007ffb0c953000 	D:\Xilinx\Vivado\2020.2\lib\win64.o\libboost_program_options.dll
0x00007ffb0c7c0000 - 0x00007ffb0c8d1000 	D:\Xilinx\Vivado\2020.2\lib\win64.o\libboost_regex.dll
0x00007ffb0f480000 - 0x00007ffb0f489000 	D:\Xilinx\Vivado\2020.2\lib\win64.o\libboost_system.dll
0x00007ffb0dff0000 - 0x00007ffb0dffc000 	D:\Xilinx\Vivado\2020.2\lib\win64.o\libboost_xilinx.dll
0x00007ffb0c7a0000 - 0x00007ffb0c7be000 	D:\Xilinx\Vivado\2020.2\lib\win64.o\libboost_thread.dll
0x00007ffb0c710000 - 0x00007ffb0c792000 	D:\Xilinx\Vivado\2020.2\lib\win64.o\libhdlpsolve.dll
0x00007ffaf4220000 - 0x00007ffaf42c5000 	D:\Xilinx\Vivado\2020.2\lib\win64.o\libhdxml.dll
0x00007ffad3440000 - 0x00007ffad4232600 	D:\Xilinx\Vivado\2020.2\lib\win64.o\libisl_iostreams.dll
0x00007ffb0c6e0000 - 0x00007ffb0c708000 	D:\Xilinx\Vivado\2020.2\lib\win64.o\libisl_sysinfo.dll
0x00007ffaf41b0000 - 0x00007ffaf4215000 	D:\Xilinx\Vivado\2020.2\lib\win64.o\liblmx6.0.dll
0x00007ffb0c6c0000 - 0x00007ffb0c6da000 	D:\Xilinx\Vivado\2020.2\lib\win64.o\pthreadVC2.dll
0x00007ffb0c6a0000 - 0x00007ffb0c6bc000 	D:\Xilinx\Vivado\2020.2\lib\win64.o\librdiconfig.dll
0x00007ffb17780000 - 0x00007ffb177d5000 	C:\WINDOWS\System32\SHLWAPI.dll
0x00007ffaf45b0000 - 0x00007ffaf45d1000 	D:\Xilinx\Vivado\2020.2\lib\win64.o\librdizlib.dll
0x0000000012000000 - 0x0000000012270000 	D:\Xilinx\Vivado\2020.2\lib\win64.o\xerces-c_3_1.dll
0x00007ffb032b0000 - 0x00007ffb032c8000 	C:\WINDOWS\SYSTEM32\NETAPI32.dll
0x00007ffad45d0000 - 0x00007ffad48ab000 	D:\Xilinx\Vivado\2020.2\lib\win64.o\libXil_lmgr11.dll
0x00007ffb180e0000 - 0x00007ffb181ba000 	C:\WINDOWS\System32\COMDLG32.dll
0x00007ffb03380000 - 0x00007ffb0385d000 	C:\WINDOWS\SYSTEM32\WININET.dll
0x00007ffb16630000 - 0x00007ffb16985000 	C:\WINDOWS\System32\combase.dll
0x00007ffb0d540000 - 0x00007ffb0d64a000 	C:\WINDOWS\SYSTEM32\WINHTTP.dll
0x00007ffb17810000 - 0x00007ffb178be000 	C:\WINDOWS\System32\shcore.dll
0x00007ffb04600000 - 0x00007ffb047ec000 	C:\WINDOWS\SYSTEM32\urlmon.dll
0x00007ffb163a0000 - 0x00007ffb1646d000 	C:\WINDOWS\System32\OLEAUT32.dll
0x00007ffb16470000 - 0x00007ffb1659a000 	C:\WINDOWS\System32\ole32.dll
0x00007ffb15a50000 - 0x00007ffb15ab0000 	C:\WINDOWS\System32\WINTRUST.dll
0x00007ffb03ed0000 - 0x00007ffb03ed9000 	C:\WINDOWS\SYSTEM32\WSOCK32.dll
0x00007ffb160d0000 - 0x00007ffb1622f000 	C:\WINDOWS\System32\CRYPT32.dll
0x00007ffaf4180000 - 0x00007ffaf41ad000 	C:\WINDOWS\SYSTEM32\VCOMP140.DLL
0x00007ffacb870000 - 0x00007ffacd787000 	D:\Xilinx\Vivado\2020.2\lib\win64.o\gurobi90.dll
0x00007ffb173b0000 - 0x00007ffb17406000 	C:\WINDOWS\System32\WLDAP32.dll
0x00007ffb17410000 - 0x00007ffb17418000 	C:\WINDOWS\System32\Normaliz.dll
0x00007ffb00f70000 - 0x00007ffb00f7c000 	D:\Xilinx\Vivado\2020.2\lib\win64.o\libboost_chrono.dll
0x00007ffaf4150000 - 0x00007ffaf4173000 	D:\Xilinx\Vivado\2020.2\lib\win64.o\libisl_iosutils.dll
0x00007ffb00ea0000 - 0x00007ffb00eb6000 	D:\Xilinx\Vivado\2020.2\lib\win64.o\libboost_iostreams.dll
0x00007ffb045d0000 - 0x00007ffb045f8000 	C:\WINDOWS\SYSTEM32\srvcli.dll
0x00007ffb04320000 - 0x00007ffb045d0000 	C:\WINDOWS\SYSTEM32\iertutil.dll
0x00007ffaf0f00000 - 0x00007ffaf0fb0000 	C:\WINDOWS\WinSxS\amd64_microsoft.windows.common-controls_6595b64144ccf1df_5.82.19041.1110_none_792d1c772443f647\COMCTL32.dll
0x00007ffb14ed0000 - 0x00007ffb14edc000 	C:\WINDOWS\SYSTEM32\netutils.dll
0x00007ffb0e8e0000 - 0x00007ffb0e8fd000 	C:\WINDOWS\SYSTEM32\dhcpcsvc.DLL
0x00007ffb15200000 - 0x00007ffb1526a000 	C:\WINDOWS\SYSTEM32\MSWSOCK.DLL
0x00007ffb180b0000 - 0x00007ffb180e0000 	C:\WINDOWS\System32\IMM32.DLL
0x00007ffb15640000 - 0x00007ffb15652000 	C:\WINDOWS\SYSTEM32\MSASN1.dll
0x00007ffb14300000 - 0x00007ffb14312000 	C:\WINDOWS\SYSTEM32\kernel.appcore.dll
0x00007ffacde40000 - 0x00007fface362000 	D:\Xilinx\Vivado\2020.2\lib\win64.o\librdi_commontasks.dll
0x00007ffb0e8d0000 - 0x00007ffb0e8da000 	C:\WINDOWS\SYSTEM32\VERSION.dll
0x00007ffad3160000 - 0x00007ffad3435000 	D:\Xilinx\Vivado\2020.2\lib\win64.o\librdi_sio.dll
0x00007ffacad40000 - 0x00007ffacb863000 	D:\Xilinx\Vivado\2020.2\tps\win64\jre11.0.2\bin\server\jvm.dll
0x00007ffb14e90000 - 0x00007ffb14ecb000 	C:\WINDOWS\SYSTEM32\IPHLPAPI.DLL
0x00007ffb17420000 - 0x00007ffb17428000 	C:\WINDOWS\System32\PSAPI.DLL
0x00007ffb02ea0000 - 0x00007ffb02ec7000 	C:\WINDOWS\SYSTEM32\WINMM.dll
0x00007ffb139c0000 - 0x00007ffb14151000 	C:\WINDOWS\SYSTEM32\windows.storage.dll
0x00007ffb154c0000 - 0x00007ffb154ec000 	C:\WINDOWS\SYSTEM32\Wldp.dll
0x00007ffac8280000 - 0x00007ffacad3e000 	D:\Xilinx\Vivado\2020.2\lib\win64.o\librdi_tcltasks.dll
0x00007ffb0cd40000 - 0x00007ffb0cdbe000 	D:\Xilinx\Vivado\2020.2\lib\win64.o\librdi_boarddep.dll
0x00007ffaee5d0000 - 0x00007ffaee783000 	D:\Xilinx\Vivado\2020.2\lib\win64.o\librdi_board.dll
0x00007ffaf4050000 - 0x00007ffaf4146000 	D:\Xilinx\Vivado\2020.2\lib\win64.o\librdi_chipscope.dll
0x00007ffac7dd0000 - 0x00007ffac8276000 	D:\Xilinx\Vivado\2020.2\lib\win64.o\librdi_bitstream.dll
0x00007ffaef210000 - 0x00007ffaef371000 	D:\Xilinx\Vivado\2020.2\lib\win64.o\librdi_containers.dll
0x00007ffaea2f0000 - 0x00007ffaea4da000 	D:\Xilinx\Vivado\2020.2\lib\win64.o\librdi_chipscopeimpl.dll
0x00007ffac3be0000 - 0x00007ffac5f9d000 	D:\Xilinx\Vivado\2020.2\lib\win64.o\librdi_coregen.dll
0x00007ffac5fa0000 - 0x00007ffac7dcc000 	D:\Xilinx\Vivado\2020.2\lib\win64.o\librdi_constraints.dll
0x00007ffac1750000 - 0x00007ffac1e68000 	D:\Xilinx\Vivado\2020.2\lib\win64.o\librdi_coregenipxact.dll
0x00007fface7e0000 - 0x00007ffaceb48000 	D:\Xilinx\Vivado\2020.2\lib\win64.o\librdi_dlyest.dll
0x00007ffac1e70000 - 0x00007ffac3bd1000 	D:\Xilinx\Vivado\2020.2\lib\win64.o\librdi_designutils.dll
0x00007ffac10f0000 - 0x00007ffac174d000 	D:\Xilinx\Vivado\2020.2\lib\win64.o\librdi_drc.dll
0x00007ffaee3d0000 - 0x00007ffaee483000 	D:\Xilinx\Vivado\2020.2\lib\win64.o\librdi_dsp.dll
0x00007ffabb630000 - 0x00007ffabbcf2000 	D:\Xilinx\Vivado\2020.2\lib\win64.o\librdi_filemgmt.dll
0x00007ffabb310000 - 0x00007ffabb62d000 	D:\Xilinx\Vivado\2020.2\lib\win64.o\librdi_guitools.dll
0x00007ffaf3fe0000 - 0x00007ffaf404b000 	D:\Xilinx\Vivado\2020.2\lib\win64.o\librdi_hdf.dll
0x00007ffacdbc0000 - 0x00007ffacde37000 	D:\Xilinx\Vivado\2020.2\lib\win64.o\librdi_hip_devdesign.dll
0x00007ffae9c20000 - 0x00007ffae9d67000 	D:\Xilinx\Vivado\2020.2\lib\win64.o\librdi_hip_perf_analysis.dll
0x00007ffab9730000 - 0x00007ffabb304000 	D:\Xilinx\Vivado\2020.2\lib\win64.o\librdi_implflow.dll
0x00007ffa9c840000 - 0x00007ffab4e1f000 	D:\Xilinx\Vivado\2020.2\lib\win64.o\librdi_device.dll
0x00007ffaf38e0000 - 0x00007ffaf3952000 	D:\Xilinx\Vivado\2020.2\lib\win64.o\librdi_memoryarray.dll
0x00007ffab90e0000 - 0x00007ffab972c000 	D:\Xilinx\Vivado\2020.2\lib\win64.o\librdi_memdata.dll
0x00007ffab89b0000 - 0x00007ffab90dc000 	D:\Xilinx\Vivado\2020.2\lib\win64.o\librdi_netlist.dll
0x00007ffaf3430000 - 0x00007ffaf3484000 	D:\Xilinx\Vivado\2020.2\lib\win64.o\librdi_pfi.dll
0x00007ffa9a3f0000 - 0x00007ffa9c834000 	D:\Xilinx\Vivado\2020.2\lib\win64.o\librdi_mig.dll
0x00007ffa971e0000 - 0x00007ffa9a3e7000 	D:\Xilinx\Vivado\2020.2\lib\win64.o\librdi_place.dll
0x00007ffa96e40000 - 0x00007ffa971de000 	D:\Xilinx\Vivado\2020.2\lib\win64.o\librdi_platform.dll
0x00007ffa96620000 - 0x00007ffa96e37000 	D:\Xilinx\Vivado\2020.2\lib\win64.o\librdi_power.dll
0x00007ffa95870000 - 0x00007ffa95f92000 	D:\Xilinx\Vivado\2020.2\lib\win64.o\librdi_psta.dll
0x00007ffa95fa0000 - 0x00007ffa96614000 	D:\Xilinx\Vivado\2020.2\lib\win64.o\librdi_project.dll
0x00007ffa95060000 - 0x00007ffa9586c000 	D:\Xilinx\Vivado\2020.2\lib\win64.o\librdi_rsb.dll
0x00007ffa94b30000 - 0x00007ffa9505b000 	D:\Xilinx\Vivado\2020.2\lib\win64.o\librdi_runs.dll
0x00007ffaedb90000 - 0x00007ffaedc99000 	D:\Xilinx\Vivado\2020.2\lib\win64.o\librdi_runsbase.dll
0x00007ffa948b0000 - 0x00007ffa94b24000 	D:\Xilinx\Vivado\2020.2\lib\win64.o\librdi_simdata.dll
0x00007ffa93920000 - 0x00007ffa948a1000 	D:\Xilinx\Vivado\2020.2\lib\win64.o\librdi_timing.dll
0x00007ffae70a0000 - 0x00007ffae71b6000 	D:\Xilinx\Vivado\2020.2\lib\win64.o\librdi_xhub.dll
0x00007ffaed9d0000 - 0x00007ffaeda77000 	D:\Xilinx\Vivado\2020.2\lib\win64.o\librdi_xhubtasks.dll
0x00007ffad55b0000 - 0x00007ffad579b000 	D:\Xilinx\Vivado\2020.2\lib\win64.o\librdi_advchipscopeimpl.dll
0x00007ffaefc10000 - 0x00007ffaefc56000 	D:\Xilinx\Vivado\2020.2\lib\win64.o\libboost_graph.dll
0x00007ffae6fd0000 - 0x00007ffae7096000 	D:\Xilinx\Vivado\2020.2\lib\win64.o\librdi_bda.dll
0x00007ffaee560000 - 0x00007ffaee5ca000 	D:\Xilinx\Vivado\2020.2\lib\win64.o\librdi_noc_frameworks.dll
0x00007ffaef6a0000 - 0x00007ffaef6e7000 	D:\Xilinx\Vivado\2020.2\lib\win64.o\libboost_serialization.dll
0x00007ffa92650000 - 0x00007ffa92db7000 	D:\Xilinx\Vivado\2020.2\lib\win64.o\librdi_ippcw.dll
0x00007ffa92dc0000 - 0x00007ffa93916000 	D:\Xilinx\Vivado\2020.2\lib\win64.o\libverific.dll
0x00007ffae0a00000 - 0x00007ffae0aeb000 	D:\Xilinx\Vivado\2020.2\lib\win64.o\librdi_ipconfig_readwrite.dll

dbghelp: loaded successfully - version: 4.0.5 - missing functions: none
symbol engine: initialized successfully - sym options: 0x614 - pdb path: .;D:\Xilinx\Vivado\2020.2\bin\unwrapped\win64.o;C:\WINDOWS\SYSTEM32;D:\Xilinx\Vivado\2020.2\lib\win64.o;C:\WINDOWS\WinSxS\amd64_microsoft.windows.common-controls_6595b64144ccf1df_5.82.19041.1110_none_792d1c772443f647;D:\Xilinx\Vivado\2020.2\tps\win64\jre11.0.2\bin\server;C:\Users\Federico\AppData\Local\Programs\Python\Python38;D:\Xilinx\Vivado\2020.2\tps\win64\jre11.0.2\bin;C:\WINDOWS\WinSxS\amd64_microsoft.windows.common-controls_6595b64144ccf1df_6.0.19041.1110_none_60b5254171f9507e

VM Arguments:
jvm_args: -Dsun.java2d.pmoffscreen=false -Dhttps.protocols=TLSv1,TLSv1.1,TLSv1.2 -Dsun.java2d.xrender=false -Dsun.java2d.d3d=false -Dsun.awt.nopixfmt=true -Dsun.java2d.dpiaware=true -Dsun.java2d.uiScale.enabled=false -Xverify:none -Dswing.aatext=true -XX:-UsePerfData -Djdk.map.althashing.threshold=512 -XX:StringTableSize=4072 --add-opens=java.base/java.nio=ALL-UNNAMED --add-opens=java.desktop/sun.swing=ALL-UNNAMED --add-opens=java.desktop/javax.swing=ALL-UNNAMED --add-opens=java.desktop/javax.swing.tree=ALL-UNNAMED --add-opens=java.desktop/javax.swing.plaf.basic=ALL-UNNAMED --add-opens=java.desktop/javax.swing.plaf.synth=ALL-UNNAMED --add-opens=java.desktop/com.sun.awt=ALL-UNNAMED -XX:NewSize=60m -XX:MaxNewSize=60m -Xms128m -Xmx3072m -Xss5m 
java_command: <unknown>
java_class_path (initial): D:/Xilinx/Vivado/2020.2\lib\classes\alloy.jar;D:/Xilinx/Vivado/2020.2\lib\classes\ArchiveSummary.jar;D:/Xilinx/Vivado/2020.2\lib\classes\autoesl-models.jar;D:/Xilinx/Vivado/2020.2\lib\classes\autopilot.scelaborator.jar;D:/Xilinx/Vivado/2020.2\lib\classes\autopilot.sourceprocessor.jar;D:/Xilinx/Vivado/2020.2\lib\classes\autopilot.tbprocessor.jar;D:/Xilinx/Vivado/2020.2\lib\classes\batik-anim.jar;D:/Xilinx/Vivado/2020.2\lib\classes\batik-awt-util.jar;D:/Xilinx/Vivado/2020.2\lib\classes\batik-bridge.jar;D:/Xilinx/Vivado/2020.2\lib\classes\batik-codec.jar;D:/Xilinx/Vivado/2020.2\lib\classes\batik-css.jar;D:/Xilinx/Vivado/2020.2\lib\classes\batik-dom.jar;D:/Xilinx/Vivado/2020.2\lib\classes\batik-ext.jar;D:/Xilinx/Vivado/2020.2\lib\classes\batik-gui-util.jar;D:/Xilinx/Vivado/2020.2\lib\classes\batik-gvt.jar;D:/Xilinx/Vivado/2020.2\lib\classes\batik-parser.jar;D:/Xilinx/Vivado/2020.2\lib\classes\batik-script.jar;D:/Xilinx/Vivado/2020.2\lib\classes\batik-svg-dom.jar;D:/Xilinx/Vivado/2020.2\lib\classes\batik-swing.jar;D:/Xilinx/Vivado/2020.2\lib\classes\batik-transcoder.jar;D:/Xilinx/Vivado/2020.2\lib\classes\batik-util.jar;D:/Xilinx/Vivado/2020.2\lib\classes\batik-xml.jar;D:/Xilinx/Vivado/2020.2\lib\classes\com.google.gson_2.8.2.v20180104-1110.jar;D:/Xilinx/Vivado/2020.2\lib\classes\com.google.guava_27.1.0.v20190517-1946.jar;D:/Xilinx/Vivado/2020.2\lib\classes\com.ibm.icu_4.4.2.v20110208.jar;D:/Xilinx/Vivado/2020.2\lib\classes\com.sigasi.hdt.connection_4.9.0.202009050929.jar;D:/Xilinx/Vivado/2020.2\lib\classes\com.sigasi.hdt.epl_4.9.0.202009050929.jar;D:/Xilinx/Vivado/2020.2\lib\classes\com.sigasi.hdt.project_4.9.0.202009050929.jar;D:/Xilinx/Vivado/2020.2\lib\classes\com.sigasi.hdt.readonlyfilesystem_4.9.0.202009050929.jar;D:/Xilinx/Vivado/2020.2\lib\classes\com.sigasi.lcm_4.9.0.202009050929.jar;D:/Xilinx/Vivado/2020.2\lib\classes\com.sigasi.sdk.client_4.9.0.202009050929.jar;D:/Xilinx/Vivado/2020.2\lib\classes\com.xilinx.hls.services.jar;D:/Xili
Launcher Type: generic

[Global flags]
     bool BytecodeVerificationLocal                = false                                     {product} {command line}
     bool BytecodeVerificationRemote               = false                                     {product} {command line}
     intx CICompilerCount                          = 4                                         {product} {ergonomic}
     uint ConcGCThreads                            = 2                                         {product} {ergonomic}
     uint G1ConcRefinementThreads                  = 8                                         {product} {ergonomic}
   size_t G1HeapRegionSize                         = 1048576                                   {product} {ergonomic}
    uintx GCDrainStackTargetSize                   = 64                                        {product} {ergonomic}
   size_t InitialHeapSize                          = 134217728                                 {product} {command line}
   size_t MarkStackSize                            = 4194304                                   {product} {ergonomic}
   size_t MaxHeapSize                              = 3221225472                                {product} {command line}
   size_t MaxNewSize                               = 62914560                                  {product} {command line}
   size_t MinHeapDeltaBytes                        = 1048576                                   {product} {ergonomic}
   size_t NewSize                                  = 62914560                                  {product} {command line}
    uintx NonNMethodCodeHeapSize                   = 5835340                                {pd product} {ergonomic}
    uintx NonProfiledCodeHeapSize                  = 122911450                              {pd product} {ergonomic}
    uintx ProfiledCodeHeapSize                     = 122911450                              {pd product} {ergonomic}
    uintx ReservedCodeCacheSize                    = 251658240                              {pd product} {ergonomic}
     bool SegmentedCodeCache                       = true                                      {product} {ergonomic}
    uintx StringTableSize                          = 4072                                      {product} {command line}
     intx ThreadStackSize                          = 5120                                   {pd product} {command line}
     bool UseCompressedClassPointers               = true                                 {lp64_product} {ergonomic}
     bool UseCompressedOops                        = true                                 {lp64_product} {ergonomic}
     bool UseG1GC                                  = true                                      {product} {ergonomic}
     bool UseLargePagesIndividualAllocation        = false                                  {pd product} {ergonomic}
     bool UsePerfData                              = false                                     {product} {command line}

Logging:
Log output configuration:
 #0: stdout all=warning uptime,level,tags
 #1: stderr all=off uptime,level,tags

Environment Variables:
JAVA_HOME=C:\Users\Federico\AppData\Local\jdk-11.0.2
PATH=D:/Xilinx/Vivado/2020.2\gnuwin\bin;D:/Xilinx/Vivado/2020.2\gnu\microblaze\nt\bin;D:/Xilinx/Vivado/2020.2/bin;D:/Xilinx/Vivado/2020.2/tps/win64/javafx-sdk-11.0.2/lib;D:/Xilinx/Vivado/2020.2/tps/win64/javafx-sdk-11.0.2/bin;D:/Xilinx/Vivado/2020.2/lib/win64.o;D:/Xilinx/Vivado/2020.2/tps/win64/jre11.0.2/bin/server;D:/Xilinx/Vivado/2020.2/tps/win64/jre11.0.2/bin;D:/Xilinx/Vitis/2020.2/bin;D:/Xilinx/Vivado/2020.2/ids_lite/ISE/bin/nt64;D:/Xilinx/Vivado/2020.2/ids_lite/ISE/lib/nt64;D:/Xilinx/Vitis_HLS/2020.2/bin;C:\Program Files (x86)\Common Files\Oracle\Java\javapath;C:\ProgramData\Oracle\Java\javapath;C:\Program Files (x86)\Intel\iCLS Client\;C:\Program Files\Intel\iCLS Client\;C:\Windows\system32;C:\Windows;C:\Windows\System32\Wbem;C:\Windows\System32\WindowsPowerShell\v1.0\;C:\Program Files (x86)\NVIDIA Corporation\PhysX\Common;C:\Program Files (x86)\Intel\Intel(R) Management Engine Components\DAL;C:\Program Files\Intel\Intel(R) Management Engine Components\DAL;C:\Program Files (x86)\Intel\Intel(R) Management Engine Components\IPT;C:\Program Files\Intel\Intel(R) Management Engine Components\IPT;C:\WINDOWS\System32\OpenSSH\;C:\Program Files\Intel\WiFi\bin\;C:\Program Files\Common Files\Intel\WirelessCommon\;C:\Program Files\dotnet\;C:\Program Files\Microsoft SQL Server\130\Tools\Binn\;C:\Program Files\PuTTY\;C:\Program Files\NVIDIA Corporation\NVIDIA NvDLISR;C:\Users\Federico\AppD;C:\Program Files\MySQL\MySQL Shell 8.0\bin\;C:\Program Files\Microsoft SQL Server\Client SDK\ODBC\170\Tools\Binn\;C:\Program Files\ffmpeg\bin;C:\Program Files (x86)\MKVToolNix;C:\Program Files\MATLAB\R2019b\bin;C:\Program Files\Git\cmd;C:\Program Files\nodejs\;C:\Program Files\PowerShell\6\;%SystemRoot%\system32;%SystemRoot%;%SystemRoot%\System32\Wbem;%SYSTEMROOT%\System32\WindowsPowerShell\v1.0\;%SYSTEMROOT%\System32\OpenSSH\;C:\Users\Federico\AppData\Local\python2\scripts;C:\Users\Federico\AppData\Local\python2;C:\Users\Federico\AppData\Local\jdk-11.0.2\bin;C:\Users\Federico\AppData\Local\P
USERNAME=Federico
OS=Windows_NT
PROCESSOR_IDENTIFIER=Intel64 Family 6 Model 158 Stepping 9, GenuineIntel



---------------  S Y S T E M  ---------------

OS: Windows 10 , 64 bit Build 19041 (10.0.19041.1023)

CPU:total 8 (initial active 8) (4 cores per cpu, 2 threads per core) family 6 model 158 stepping 9, cmov, cx8, fxsr, mmx, sse, sse2, sse3, ssse3, sse4.1, sse4.2, popcnt, avx, avx2, aes, clmul, erms, 3dnowpref, lzcnt, ht, tsc, tscinvbit, bmi1, bmi2, adx, fma

Memory: 4k page, system-wide physical 16268M (6844M free)
TotalPageFile size 19468M (AvailPageFile size 6814M)
current process WorkingSet (physical memory assigned to process): 1152M, peak: 1186M
current process commit charge ("private bytes"): 1170M, peak: 1200M

vm_info: OpenJDK 64-Bit Server VM (11.0.2+9) for windows-amd64 JRE (11.0.2+9), built on Jan 18 2019 05:23:22 by "mach5one" with MS VC++ 15.5 (VS2017)

END.
