Copyright 1986-2020 Xilinx, Inc. All Rights Reserved.
------------------------------------------------------------------------------------
| Tool Version : Vivado v.2020.2 (win64) Build 3064766 Wed Nov 18 09:12:45 MST 2020
| Date         : Mon Aug 16 13:02:21 2021
| Host         : LAPTOP-S28JR86F running 64-bit major release  (build 9200)
| Command      : upgrade_ip
| Device       : xc7z020clg484-1
------------------------------------------------------------------------------------

Upgrade Log for IP 'design_1_sha256d_axi_ip_0_4'

1. Summary
----------

SUCCESS in the upgrade of design_1_sha256d_axi_ip_0_4 (xilinx.com:user:sha256d_axi_ip:1.1) from (Rev. 1) to (Rev. 2)






Copyright 1986-2020 Xilinx, Inc. All Rights Reserved.
------------------------------------------------------------------------------------
| Tool Version : Vivado v.2020.2 (win64) Build 3064766 Wed Nov 18 09:12:45 MST 2020
| Date         : Mon Aug 16 12:49:20 2021
| Host         : LAPTOP-S28JR86F running 64-bit major release  (build 9200)
| Command      : upgrade_ip
| Device       : xc7z020clg484-1
------------------------------------------------------------------------------------

Upgrade Log for IP 'design_1_sha256d_axi_ip_0_3'

1. Summary
----------

SUCCESS in the conversion of design_1_sha256d_axi_ip_0_3 (xilinx.com:user:sha256d_axi_ip:1.0 (Rev. 2)) to Vivado generation flows.






Copyright 1986-2020 Xilinx, Inc. All Rights Reserved.
------------------------------------------------------------------------------------
| Tool Version : Vivado v.2020.2 (win64) Build 3064766 Wed Nov 18 09:12:45 MST 2020
| Date         : Mon Aug 16 12:42:44 2021
| Host         : LAPTOP-S28JR86F running 64-bit major release  (build 9200)
| Command      : upgrade_ip
| Device       : xc7z020clg484-1
------------------------------------------------------------------------------------

Upgrade Log for IP 'design_1_sha256d_axi_ip_0_3'

1. Summary
----------

SUCCESS in the upgrade of design_1_sha256d_axi_ip_0_3 (xilinx.com:user:sha256d_axi_ip:1.0) from (Rev. 1) to (Rev. 2)






Copyright 1986-2020 Xilinx, Inc. All Rights Reserved.
------------------------------------------------------------------------------------
| Tool Version : Vivado v.2020.2 (win64) Build 3064766 Wed Nov 18 09:12:45 MST 2020
| Date         : Mon Aug 16 12:23:39 2021
| Host         : LAPTOP-S28JR86F running 64-bit major release  (build 9200)
| Command      : upgrade_ip
| Device       : xc7z020clg484-1
------------------------------------------------------------------------------------

Upgrade Log for IP 'design_1_sha256d_axi_ip_0_2'

1. Summary
----------

SUCCESS in the upgrade of design_1_sha256d_axi_ip_0_2 (xilinx.com:user:sha256d_axi_ip:1.0) from (Rev. 1) to (Rev. 2)

