#-----------------------------------------------------------
# Vivado v2020.2 (64-bit)
# SW Build 3064766 on Wed Nov 18 09:12:45 MST 2020
# IP Build 3064653 on Wed Nov 18 14:17:31 MST 2020
# Start of session at: Thu Aug 12 10:11:43 2021
# Process ID: 3408
# Current directory: D:/Uni/RL/sha256d_zedboard
# Command line: vivado.exe -gui_launcher_event rodinguilauncherevent3572 D:\Uni\RL\sha256d_zedboard\sha256d_final.xpr
# Log file: D:/Uni/RL/sha256d_zedboard/vivado.log
# Journal file: D:/Uni/RL/sha256d_zedboard\vivado.jou
#-----------------------------------------------------------
start_gui
open_project D:/Uni/RL/sha256d_zedboard/sha256d_final.xpr
WARNING: [filemgmt 56-3] IP Repository Path: Could not find the directory 'D:/Uni/RL/ip_repo/sha256d_axi_ip_1.0'.
WARNING: [filemgmt 56-3] IP Repository Path: Could not find the directory 'D:/Uni/RL/ip_repo/myip_1.0'.
Scanning sources...
Finished scanning sources
INFO: [IP_Flow 19-234] Refreshing IP repositories
WARNING: [IP_Flow 19-2248] Failed to load user IP repository 'd:/Uni/RL/ip_repo/sha256d_axi_ip_1.0'; Can't find the specified path.
If this directory should no longer be in your list of user repositories, go to the IP Settings dialog and remove it.
WARNING: [IP_Flow 19-2248] Failed to load user IP repository 'd:/Uni/RL/ip_repo/myip_1.0'; Can't find the specified path.
If this directory should no longer be in your list of user repositories, go to the IP Settings dialog and remove it.
INFO: [IP_Flow 19-2313] Loaded Vivado IP repository 'D:/Xilinx/Vivado/2020.2/data/ip'.
WARNING: [BD 41-1661] One or more IPs have been locked in the design 'design_1.bd'. Please run report_ip_status for more details and recommendations on how to fix this issue.
List of locked IPs:
design_1_sha256d_axi_ip_0_0

open_project: Time (s): cpu = 00:00:29 ; elapsed = 00:00:36 . Memory (MB): peak = 1069.688 ; gain = 0.000
update_compile_order -fileset sources_1
open_bd_design {D:/Uni/RL/sha256d_zedboard/sha256d_final.srcs/sources_1/bd/design_1/design_1.bd}
Reading block design file <D:/Uni/RL/sha256d_zedboard/sha256d_final.srcs/sources_1/bd/design_1/design_1.bd>...
Adding component instance block -- xilinx.com:ip:processing_system7:5.5 - processing_system7_0
Adding component instance block -- xilinx.com:user:sha256d_axi_ip:1.0 - sha256d_axi_ip_0
Adding component instance block -- xilinx.com:ip:axi_interconnect:2.1 - ps7_0_axi_periph
Adding component instance block -- xilinx.com:ip:axi_protocol_converter:2.1 - auto_pc
Adding component instance block -- xilinx.com:ip:proc_sys_reset:5.0 - rst_ps7_0_100M
Successfully read diagram <design_1> from block design file <D:/Uni/RL/sha256d_zedboard/sha256d_final.srcs/sources_1/bd/design_1/design_1.bd>
open_bd_design: Time (s): cpu = 00:00:14 ; elapsed = 00:00:20 . Memory (MB): peak = 1153.531 ; gain = 83.844
set_property  ip_repo_paths  d:/Uni/RL/ip_repo/sha256d_axi_ip_1.0 [current_project]
update_ip_catalog
INFO: [IP_Flow 19-234] Refreshing IP repositories
WARNING: [IP_Flow 19-2248] Failed to load user IP repository 'd:/Uni/RL/ip_repo/sha256d_axi_ip_1.0'; Can't find the specified path.
If this directory should no longer be in your list of user repositories, go to the IP Settings dialog and remove it.
