#-----------------------------------------------------------
# Vivado v2020.2 (64-bit)
# SW Build 3064766 on Wed Nov 18 09:12:45 MST 2020
# IP Build 3064653 on Wed Nov 18 14:17:31 MST 2020
# Start of session at: Thu Jul 29 17:27:13 2021
# Process ID: 9912
# Current directory: D:/Uni/RL/sha256d_zedboard
# Command line: vivado.exe -gui_launcher_event rodinguilauncherevent6540 D:\Uni\RL\sha256d_zedboard\sha256d_final.xpr
# Log file: D:/Uni/RL/sha256d_zedboard/vivado.log
# Journal file: D:/Uni/RL/sha256d_zedboard\vivado.jou
#-----------------------------------------------------------
start_gui
open_project D:/Uni/RL/sha256d_zedboard/sha256d_final.xpr
Scanning sources...
Finished scanning sources
INFO: [IP_Flow 19-234] Refreshing IP repositories
INFO: [IP_Flow 19-1704] No user IP repositories specified
INFO: [IP_Flow 19-2313] Loaded Vivado IP repository 'D:/Xilinx/Vivado/2020.2/data/ip'.
open_project: Time (s): cpu = 00:00:20 ; elapsed = 00:00:08 . Memory (MB): peak = 1108.785 ; gain = 0.000
update_compile_order -fileset sources_1
WARNING: [filemgmt 56-199] Attempt to get parsing info during refresh. "On-the-fly" syntax checking information may be incorrect. [D:\Uni\RL\sha256d_zedboard\sha256d_final.srcs\sources_1\new\sha256.vhd:]
WARNING: [filemgmt 56-199] Attempt to get parsing info during refresh. "On-the-fly" syntax checking information may be incorrect. [D:\Uni\RL\sha256d_zedboard\sha256d_final.srcs\sources_1\new\words_shifter.vhd:]
WARNING: [filemgmt 56-199] Attempt to get parsing info during refresh. "On-the-fly" syntax checking information may be incorrect. [D:\Uni\RL\sha256d_zedboard\sha256d_final.srcs\sources_1\new\sha256d.vhd:]
WARNING: [filemgmt 56-199] Attempt to get parsing info during refresh. "On-the-fly" syntax checking information may be incorrect. [D:\Uni\RL\sha256d_zedboard\sha256d_final.srcs\sources_1\new\IO.vhd:]
WARNING: [filemgmt 56-199] Attempt to get parsing info during refresh. "On-the-fly" syntax checking information may be incorrect. [D:\Uni\RL\sha256d_zedboard\sha256d_final.srcs\sources_1\new\sha256.vhd:]
WARNING: [filemgmt 56-199] Attempt to get parsing info during refresh. "On-the-fly" syntax checking information may be incorrect. [D:\Uni\RL\sha256d_zedboard\sha256d_final.srcs\sources_1\new\words_shifter.vhd:]
WARNING: [filemgmt 56-199] Attempt to get parsing info during refresh. "On-the-fly" syntax checking information may be incorrect. [D:\Uni\RL\sha256d_zedboard\sha256d_final.srcs\sources_1\new\sha256d.vhd:]
WARNING: [filemgmt 56-199] Attempt to get parsing info during refresh. "On-the-fly" syntax checking information may be incorrect. [D:\Uni\RL\sha256d_zedboard\sha256d_final.srcs\sources_1\new\IO.vhd:]
ERROR: [Common 17-180] Spawn failed: No error
WARNING: [filemgmt 56-199] Attempt to get parsing info during refresh. "On-the-fly" syntax checking information may be incorrect. [D:\Uni\RL\sha256d_zedboard\sha256d_final.srcs\sources_1\new\sha256.vhd:]
WARNING: [filemgmt 56-199] Attempt to get parsing info during refresh. "On-the-fly" syntax checking information may be incorrect. [D:\Uni\RL\sha256d_zedboard\sha256d_final.srcs\sources_1\new\words_shifter.vhd:]
WARNING: [filemgmt 56-199] Attempt to get parsing info during refresh. "On-the-fly" syntax checking information may be incorrect. [D:\Uni\RL\sha256d_zedboard\sha256d_final.srcs\sources_1\new\sha256d.vhd:]
WARNING: [filemgmt 56-199] Attempt to get parsing info during refresh. "On-the-fly" syntax checking information may be incorrect. [D:\Uni\RL\sha256d_zedboard\sha256d_final.srcs\sources_1\new\IO.vhd:]
ERROR: [Common 17-180] Spawn failed: No error
update_compile_order -fileset sources_1
reset_run synth_1
launch_runs impl_1 -jobs 8
[Thu Jul 29 17:35:47 2021] Launched synth_1...
Run output will be captured here: D:/Uni/RL/sha256d_zedboard/sha256d_final.runs/synth_1/runme.log
[Thu Jul 29 17:35:47 2021] Launched impl_1...
Run output will be captured here: D:/Uni/RL/sha256d_zedboard/sha256d_final.runs/impl_1/runme.log
reset_run synth_1
WARNING: [Vivado 12-1017] Problems encountered:
1. Failed to delete one or more files in run directory D:/Uni/RL/sha256d_zedboard/sha256d_final.runs/synth_1

launch_simulation
Command: launch_simulation 
INFO: [Vivado 12-5682] Launching behavioral simulation in 'D:/Uni/RL/sha256d_zedboard/sha256d_final.sim/sim_1/behav/xsim'
INFO: [SIM-utils-51] Simulation object is 'sim_1'
INFO: [USF-XSim-7] Finding pre-compiled libraries...
INFO: [USF-XSim-11] File 'D:/Xilinx/Vivado/2020.2/data/xsim/xsim.ini' copied to run dir:'D:/Uni/RL/sha256d_zedboard/sha256d_final.sim/sim_1/behav/xsim'
INFO: [SIM-utils-54] Inspecting design source files for 'sha256_sim' in fileset 'sim_1'...
INFO: [USF-XSim-97] Finding global include files...
INFO: [USF-XSim-98] Fetching design files from 'sim_1'...
INFO: [USF-XSim-2] XSim::Compile design
INFO: [USF-XSim-61] Executing 'COMPILE and ANALYZE' step in 'D:/Uni/RL/sha256d_zedboard/sha256d_final.sim/sim_1/behav/xsim'
"xvhdl --incr --relax -prj sha256_sim_vhdl.prj"
INFO: [VRFC 10-163] Analyzing VHDL file "D:/Uni/RL/sha256d_zedboard/sha256d_final.srcs/sources_1/new/sha256_pkg.vhd" into library xil_defaultlib
INFO: [VRFC 10-163] Analyzing VHDL file "D:/Uni/RL/sha256d_zedboard/sha256d_final.srcs/sources_1/imports/oled_driver/oled_counter.vhd" into library xil_defaultlib
INFO: [VRFC 10-3107] analyzing entity 'counter'
INFO: [VRFC 10-163] Analyzing VHDL file "D:/Uni/RL/sha256d_zedboard/sha256d_final.srcs/sources_1/new/multibit_register.vhd" into library xil_defaultlib
INFO: [VRFC 10-3107] analyzing entity 'wordsarray_reg'
INFO: [VRFC 10-163] Analyzing VHDL file "D:/Uni/RL/sha256d_zedboard/sha256d_final.srcs/sources_1/new/sha256.vhd" into library xil_defaultlib
INFO: [VRFC 10-3107] analyzing entity 'sha256'
INFO: [VRFC 10-163] Analyzing VHDL file "D:/Uni/RL/sha256d_zedboard/sha256d_final.srcs/sources_1/new/sha256d.vhd" into library xil_defaultlib
INFO: [VRFC 10-3107] analyzing entity 'sha256d'
INFO: [VRFC 10-163] Analyzing VHDL file "D:/Uni/RL/sha256d_zedboard/sha256d_final.srcs/sim_1/new/sha256_sim.vhd" into library xil_defaultlib
INFO: [VRFC 10-3107] analyzing entity 'sha256_sim'
INFO: [USF-XSim-69] 'compile' step finished in '2' seconds
INFO: [USF-XSim-3] XSim::Elaborate design
INFO: [USF-XSim-61] Executing 'ELABORATE' step in 'D:/Uni/RL/sha256d_zedboard/sha256d_final.sim/sim_1/behav/xsim'
"xelab -wto 49802899b02543b98085810c60ba3006 --incr --debug typical --relax --mt 2 -L xil_defaultlib -L secureip -L xpm --snapshot sha256_sim_behav xil_defaultlib.sha256_sim -log elaborate.log"
Vivado Simulator 2020.2
Copyright 1986-1999, 2001-2020 Xilinx, Inc. All Rights Reserved.
Running: D:/Xilinx/Vivado/2020.2/bin/unwrapped/win64.o/xelab.exe -wto 49802899b02543b98085810c60ba3006 --incr --debug typical --relax --mt 2 -L xil_defaultlib -L secureip -L xpm --snapshot sha256_sim_behav xil_defaultlib.sha256_sim -log elaborate.log 
Using 2 slave threads.
Starting static elaboration
Completed static elaboration
Starting simulation data flow analysis
Completed simulation data flow analysis
Time Resolution for simulation is 1ps
Compiling package std.standard
Compiling package std.textio
Compiling package ieee.std_logic_1164
Compiling package ieee.numeric_std
Compiling package xil_defaultlib.sha256_pkg
Compiling architecture behavioral of entity xil_defaultlib.counter [\counter(size=7,terminal=1)\]
Compiling architecture behavioral of entity xil_defaultlib.counter [\counter(size=7,terminal=64)\]
Compiling architecture behavioral of entity xil_defaultlib.wordsarray_reg [\wordsarray_reg(n=2)\]
Compiling architecture behavioral of entity xil_defaultlib.wordsarray_reg [\wordsarray_reg(n=8)\]
Compiling architecture behavioral of entity xil_defaultlib.sha256 [\sha256(size=448)\]
Compiling architecture behavioral of entity xil_defaultlib.counter [\counter(size=7,terminal=0)\]
Compiling architecture behavioral of entity xil_defaultlib.sha256 [\sha256(size=256)\]
Compiling architecture behavioral of entity xil_defaultlib.sha256d [\sha256d(size=448)(447,0)\]
Compiling architecture behavioral of entity xil_defaultlib.sha256_sim
Built simulation snapshot sha256_sim_behav

****** Webtalk v2020.2 (64-bit)
  **** SW Build 3064766 on Wed Nov 18 09:12:45 MST 2020
  **** IP Build 3064653 on Wed Nov 18 14:17:31 MST 2020
    ** Copyright 1986-2020 Xilinx, Inc. All Rights Reserved.

source D:/Uni/RL/sha256d_zedboard/sha256d_final.sim/sim_1/behav/xsim/xsim.dir/sha256_sim_behav/webtalk/xsim_webtalk.tcl -notrace
INFO: [Common 17-186] 'D:/Uni/RL/sha256d_zedboard/sha256d_final.sim/sim_1/behav/xsim/xsim.dir/sha256_sim_behav/webtalk/usage_statistics_ext_xsim.xml' has been successfully sent to Xilinx on Thu Jul 29 17:37:15 2021. For additional details about this file, please refer to the WebTalk help file at D:/Xilinx/Vivado/2020.2/doc/webtalk_introduction.html.
INFO: [Common 17-206] Exiting Webtalk at Thu Jul 29 17:37:15 2021...
run_program: Time (s): cpu = 00:00:00 ; elapsed = 00:00:12 . Memory (MB): peak = 1108.785 ; gain = 0.000
INFO: [USF-XSim-69] 'elaborate' step finished in '12' seconds
INFO: [USF-XSim-4] XSim::Simulate design
INFO: [USF-XSim-61] Executing 'SIMULATE' step in 'D:/Uni/RL/sha256d_zedboard/sha256d_final.sim/sim_1/behav/xsim'
INFO: [USF-XSim-98] *** Running xsim
   with args "sha256_sim_behav -key {Behavioral:sim_1:Functional:sha256_sim} -tclbatch {sha256_sim.tcl} -log {simulate.log}"
INFO: [USF-XSim-8] Loading simulator feature
Vivado Simulator 2020.2
Time resolution is 1 ps
source sha256_sim.tcl
# set curr_wave [current_wave_config]
# if { [string length $curr_wave] == 0 } {
#   if { [llength [get_objects]] > 0} {
#     add_wave /
#     set_property needs_save false [current_wave_config]
#   } else {
#      send_msg_id Add_Wave-1 WARNING "No top level signals found. Simulator will start without a wave window. If you want to open a wave window go to 'File->New Waveform Configuration' or type 'create_wave_config' in the TCL console."
#   }
# }
# run 1000ns
INFO: [USF-XSim-96] XSim completed. Design snapshot 'sha256_sim_behav' loaded.
INFO: [USF-XSim-97] XSim simulation ran for 1000ns
launch_simulation: Time (s): cpu = 00:00:12 ; elapsed = 00:00:22 . Memory (MB): peak = 1108.785 ; gain = 0.000
run 2040 ns
run 2040 ns
run 2040 ns
add_bp {D:/Uni/RL/sha256d_zedboard/sha256d_final.srcs/sources_1/new/sha256.vhd} 164
restart
INFO: [Simtcl 6-17] Simulation restarted
run all
Stopped at time : 50 ns : File "D:/Uni/RL/sha256d_zedboard/sha256d_final.srcs/sources_1/new/sha256.vhd" Line 164
add_bp {D:/Uni/RL/sha256d_zedboard/sha256d_final.srcs/sources_1/new/sha256.vhd} 166
run all
Stopped at time : 60 ns : File "D:/Uni/RL/sha256d_zedboard/sha256d_final.srcs/sources_1/new/sha256.vhd" Line 166
remove_bps -file {D:/Uni/RL/sha256d_zedboard/sha256d_final.srcs/sources_1/new/sha256.vhd} -line 166
remove_bps -file {D:/Uni/RL/sha256d_zedboard/sha256d_final.srcs/sources_1/new/sha256.vhd} -line 164
close_sim
INFO: [Simtcl 6-16] Simulation closed
close_sim: Time (s): cpu = 00:00:03 ; elapsed = 00:00:08 . Memory (MB): peak = 1108.785 ; gain = 0.000
exit
INFO: [Common 17-206] Exiting Vivado at Thu Jul 29 17:38:48 2021...
