Vivado Simulator 2020.2
Copyright 1986-1999, 2001-2020 Xilinx, Inc. All Rights Reserved.
Running: D:/Xilinx/Vivado/2020.2/bin/unwrapped/win64.o/xelab.exe -wto 49802899b02543b98085810c60ba3006 --incr --debug typical --relax --mt 2 -L xil_defaultlib -L axi_infrastructure_v1_1_0 -L axi_vip_v1_1_8 -L processing_system7_vip_v1_0_10 -L lib_cdc_v1_0_2 -L proc_sys_reset_v5_0_13 -L generic_baseblocks_v2_1_0 -L axi_register_slice_v2_1_22 -L fifo_generator_v13_2_5 -L axi_data_fifo_v2_1_21 -L axi_crossbar_v2_1_23 -L axi_protocol_converter_v2_1_22 -L uvm -L xilinx_vip -L unisims_ver -L unimacro_ver -L secureip -L xpm --snapshot design_1_wrapper_behav xil_defaultlib.design_1_wrapper xil_defaultlib.glbl -log elaborate.log 
Using 2 slave threads.
Starting static elaboration
Pass Through NonSizing Optimizer
WARNING: [VRFC 10-4969] module 'processing_system7_vip_v1_0_10_arb_wr' is instantiated multiple times from VHDL or from both Verilog and VHDL, elaboration result may be incorrect [/wrk/ci/prod/2020.2/sw/continuous/733/packages/customer/vivado/data/ip/xilinx/processing_system7_vip_v1_0/hdl/processing_system7_vip_v1_0_vl_rfs.sv:11]
WARNING: [VRFC 10-3091] actual bit length 128 differs from formal bit length 64 for port 'WR_DATA_STRB' [/scratch/proj/xbuilds/SWIP/2020.2_1118_1232/infra/XSIM/lin/.cxl.ip/incl/processing_system7_vip_v1_0_10_axi_gp.v:208]
WARNING: [VRFC 10-3091] actual bit length 12 differs from formal bit length 6 for port 'm_axi_bid' [/wrk/ci/prod/2020.2/sw/continuous/733/packages/customer/vivado/data/ip/xilinx/processing_system7_vip_v1_0/hdl/processing_system7_vip_v1_0_vl_rfs.sv:5546]
WARNING: [VRFC 10-3091] actual bit length 12 differs from formal bit length 6 for port 'm_axi_rid' [/wrk/ci/prod/2020.2/sw/continuous/733/packages/customer/vivado/data/ip/xilinx/processing_system7_vip_v1_0/hdl/processing_system7_vip_v1_0_vl_rfs.sv:5564]
WARNING: [VRFC 10-3091] actual bit length 128 differs from formal bit length 64 for port 'WR_DATA_STRB' [/scratch/proj/xbuilds/SWIP/2020.2_1118_1232/infra/XSIM/lin/.cxl.ip/incl/processing_system7_vip_v1_0_10_axi_gp.v:292]
WARNING: [VRFC 10-3091] actual bit length 8 differs from formal bit length 9 for port 'WR_BYTES' [/scratch/proj/xbuilds/SWIP/2020.2_1118_1232/infra/XSIM/lin/.cxl.ip/incl/processing_system7_vip_v1_0_10_axi_hp.v:80]
WARNING: [VRFC 10-3091] actual bit length 8 differs from formal bit length 9 for port 'RD_BYTES' [/scratch/proj/xbuilds/SWIP/2020.2_1118_1232/infra/XSIM/lin/.cxl.ip/incl/processing_system7_vip_v1_0_10_axi_hp.v:89]
WARNING: [VRFC 10-3091] actual bit length 12 differs from formal bit length 6 for port 'm_axi_bid' [/wrk/ci/prod/2020.2/sw/continuous/733/packages/customer/vivado/data/ip/xilinx/processing_system7_vip_v1_0/hdl/processing_system7_vip_v1_0_vl_rfs.sv:10256]
WARNING: [VRFC 10-3091] actual bit length 12 differs from formal bit length 6 for port 'm_axi_rid' [/wrk/ci/prod/2020.2/sw/continuous/733/packages/customer/vivado/data/ip/xilinx/processing_system7_vip_v1_0/hdl/processing_system7_vip_v1_0_vl_rfs.sv:10274]
WARNING: [VRFC 10-3091] actual bit length 32 differs from formal bit length 64 for port 'm_axi_rdata' [/wrk/ci/prod/2020.2/sw/continuous/733/packages/customer/vivado/data/ip/xilinx/processing_system7_vip_v1_0/hdl/processing_system7_vip_v1_0_vl_rfs.sv:10275]
WARNING: [VRFC 10-3091] actual bit length 8 differs from formal bit length 9 for port 'WR_BYTES' [/scratch/proj/xbuilds/SWIP/2020.2_1118_1232/infra/XSIM/lin/.cxl.ip/incl/processing_system7_vip_v1_0_10_axi_hp.v:165]
WARNING: [VRFC 10-3091] actual bit length 8 differs from formal bit length 9 for port 'RD_BYTES' [/scratch/proj/xbuilds/SWIP/2020.2_1118_1232/infra/XSIM/lin/.cxl.ip/incl/processing_system7_vip_v1_0_10_axi_hp.v:174]
WARNING: [VRFC 10-3091] actual bit length 8 differs from formal bit length 9 for port 'WR_BYTES' [/scratch/proj/xbuilds/SWIP/2020.2_1118_1232/infra/XSIM/lin/.cxl.ip/incl/processing_system7_vip_v1_0_10_axi_hp.v:251]
WARNING: [VRFC 10-3091] actual bit length 8 differs from formal bit length 9 for port 'RD_BYTES' [/scratch/proj/xbuilds/SWIP/2020.2_1118_1232/infra/XSIM/lin/.cxl.ip/incl/processing_system7_vip_v1_0_10_axi_hp.v:260]
WARNING: [VRFC 10-3091] actual bit length 8 differs from formal bit length 9 for port 'WR_BYTES' [/scratch/proj/xbuilds/SWIP/2020.2_1118_1232/infra/XSIM/lin/.cxl.ip/incl/processing_system7_vip_v1_0_10_axi_hp.v:337]
WARNING: [VRFC 10-3091] actual bit length 8 differs from formal bit length 9 for port 'RD_BYTES' [/scratch/proj/xbuilds/SWIP/2020.2_1118_1232/infra/XSIM/lin/.cxl.ip/incl/processing_system7_vip_v1_0_10_axi_hp.v:346]
WARNING: [VRFC 10-3091] actual bit length 12 differs from formal bit length 3 for port 'm_axi_bid' [/wrk/ci/prod/2020.2/sw/continuous/733/packages/customer/vivado/data/ip/xilinx/processing_system7_vip_v1_0/hdl/processing_system7_vip_v1_0_vl_rfs.sv:7157]
WARNING: [VRFC 10-3091] actual bit length 12 differs from formal bit length 3 for port 'm_axi_rid' [/wrk/ci/prod/2020.2/sw/continuous/733/packages/customer/vivado/data/ip/xilinx/processing_system7_vip_v1_0/hdl/processing_system7_vip_v1_0_vl_rfs.sv:7175]
WARNING: [VRFC 10-3091] actual bit length 32 differs from formal bit length 64 for port 'm_axi_rdata' [/wrk/ci/prod/2020.2/sw/continuous/733/packages/customer/vivado/data/ip/xilinx/processing_system7_vip_v1_0/hdl/processing_system7_vip_v1_0_vl_rfs.sv:7176]
WARNING: [VRFC 10-5021] port 'ENET0_GMII_RXD' is not connected on this instance [D:/Uni/RL/sha256d_zedboard/sha256d_final.ip_user_files/bd/design_1/ip/design_1_processing_system7_0_0/sim/design_1_processing_system7_0_0.v:199]
WARNING: [VRFC 10-3027] 'ocm_wr_strb_port0' was previously declared with a different range [/wrk/ci/prod/2020.2/sw/continuous/733/packages/customer/vivado/data/ip/xilinx/processing_system7_vip_v1_0/hdl/processing_system7_vip_v1_0_vl_rfs.sv:3809]
WARNING: [VRFC 10-5021] port 'aclk2x' is not connected on this instance [/wrk/ci/prod/2020.2/sw/continuous/733/packages/customer/vivado/data/ip/xilinx/axi_protocol_converter_v2_1/hdl/axi_protocol_converter_v2_1_vl_rfs.v:4376]
WARNING: [VRFC 10-5021] port 'aclk2x' is not connected on this instance [/wrk/ci/prod/2020.2/sw/continuous/733/packages/customer/vivado/data/ip/xilinx/axi_protocol_converter_v2_1/hdl/axi_protocol_converter_v2_1_vl_rfs.v:4631]
WARNING: [VRFC 10-3705] select index 64 into 'wrp_strb' is out of bounds [/wrk/ci/prod/2020.2/sw/continuous/733/packages/customer/vivado/data/ip/xilinx/processing_system7_vip_v1_0/hdl/processing_system7_vip_v1_0_vl_rfs.sv:6134]
WARNING: [VRFC 10-3705] select index 128 into 'wrp_strb' is out of bounds [/wrk/ci/prod/2020.2/sw/continuous/733/packages/customer/vivado/data/ip/xilinx/processing_system7_vip_v1_0/hdl/processing_system7_vip_v1_0_vl_rfs.sv:10898]
WARNING: [VRFC 10-3705] select index 128 into 'wrp_strb' is out of bounds [/wrk/ci/prod/2020.2/sw/continuous/733/packages/customer/vivado/data/ip/xilinx/processing_system7_vip_v1_0/hdl/processing_system7_vip_v1_0_vl_rfs.sv:7772]
WARNING: [VRFC 10-3705] select index 4 into 'wr_fifo_rd_ptr' is out of bounds [/wrk/ci/prod/2020.2/sw/continuous/733/packages/customer/vivado/data/ip/xilinx/processing_system7_vip_v1_0/hdl/processing_system7_vip_v1_0_vl_rfs.sv:7985]
WARNING: [VRFC 10-3705] select index 4 into 'ar_cnt' is out of bounds [/wrk/ci/prod/2020.2/sw/continuous/733/packages/customer/vivado/data/ip/xilinx/processing_system7_vip_v1_0/hdl/processing_system7_vip_v1_0_vl_rfs.sv:8124]
WARNING: [VRFC 10-3705] select index 4 into 'wr_rresp_cnt' is out of bounds [/wrk/ci/prod/2020.2/sw/continuous/733/packages/customer/vivado/data/ip/xilinx/processing_system7_vip_v1_0/hdl/processing_system7_vip_v1_0_vl_rfs.sv:8221]
WARNING: [VRFC 10-3705] select index 4 into 'rd_fifo_wr_ptr' is out of bounds [/wrk/ci/prod/2020.2/sw/continuous/733/packages/customer/vivado/data/ip/xilinx/processing_system7_vip_v1_0/hdl/processing_system7_vip_v1_0_vl_rfs.sv:8240]
WARNING: [VRFC 10-3705] select index 4 into 'rd_cnt' is out of bounds [/wrk/ci/prod/2020.2/sw/continuous/733/packages/customer/vivado/data/ip/xilinx/processing_system7_vip_v1_0/hdl/processing_system7_vip_v1_0_vl_rfs.sv:8381]
WARNING: [VRFC 10-3705] select index 4 into 'rresp_time_cnt' is out of bounds [/wrk/ci/prod/2020.2/sw/continuous/733/packages/customer/vivado/data/ip/xilinx/processing_system7_vip_v1_0/hdl/processing_system7_vip_v1_0_vl_rfs.sv:8386]
WARNING: [VRFC 10-3705] select index 4 into 'rd_fifo_rd_ptr' is out of bounds [/wrk/ci/prod/2020.2/sw/continuous/733/packages/customer/vivado/data/ip/xilinx/processing_system7_vip_v1_0/hdl/processing_system7_vip_v1_0_vl_rfs.sv:8391]
Completed static elaboration
Starting simulation data flow analysis
Completed simulation data flow analysis
Time Resolution for simulation is 1ps
Compiling package std.standard
Compiling package std.textio
Compiling package ieee.std_logic_1164
Compiling package ieee.numeric_std
Compiling package unisim.vcomponents
Compiling package xil_defaultlib.sha256_pkg
Compiling package ieee.vital_timing
Compiling package ieee.vital_primitives
Compiling package unisim.vpkg
Compiling package ieee.std_logic_arith
Compiling package synopsys.attributes
Compiling package ieee.std_logic_misc
Compiling package vl.vl_types
Compiling module xil_defaultlib.glbl
Compiling architecture behavioral of entity xil_defaultlib.counter [\counter(size=7,terminal=1)\]
Compiling architecture behavioral of entity xil_defaultlib.counter [\counter(size=7,terminal=63)\]
Compiling architecture behavioral of entity xil_defaultlib.sha256 [\sha256(size=640)\]
Compiling architecture behavioral of entity xil_defaultlib.counter [\counter(size=7,terminal=0)\]
Compiling architecture behavioral of entity xil_defaultlib.sha256 [\sha256(size=256)\]
Compiling architecture behavioral of entity xil_defaultlib.sha256d [\sha256d(size=640)(639,0)\]
Compiling architecture behavioral of entity xil_defaultlib.multi_sha256d [multi_sha256d_default]
Compiling architecture arch_imp of entity xil_defaultlib.multi_sha256d_axi_ip_intr_v1_0_S00_AXI [multi_sha256d_axi_ip_intr_v1_0_s...]
Compiling architecture arch_imp of entity xil_defaultlib.multi_sha256d_axi_ip_intr_v1_0_S_AXI_INTR [\multi_sha256d_axi_ip_intr_v1_0_...]
Compiling architecture arch_imp of entity xil_defaultlib.multi_sha256d_axi_ip_intr_v1_0 [\multi_sha256d_axi_ip_intr_v1_0(...]
Compiling architecture design_1_multi_sha256d_axi_ip_0_1_arch of entity xil_defaultlib.design_1_multi_sha256d_axi_ip_0_1 [design_1_multi_sha256d_axi_ip_0_...]
Compiling module processing_system7_vip_v1_0_10.processing_system7_vip_v1_0_10_g...
Compiling module processing_system7_vip_v1_0_10.processing_system7_vip_v1_0_10_g...
Compiling module processing_system7_vip_v1_0_10.processing_system7_vip_v1_0_10_a...
Compiling module processing_system7_vip_v1_0_10.processing_system7_vip_v1_0_10_a...
Compiling module processing_system7_vip_v1_0_10.processing_system7_vip_v1_0_10_f...
Compiling module processing_system7_vip_v1_0_10.processing_system7_vip_v1_0_10_a...
Compiling module processing_system7_vip_v1_0_10.processing_system7_vip_v1_0_10_a...
Compiling module processing_system7_vip_v1_0_10.processing_system7_vip_v1_0_10_a...
Compiling module processing_system7_vip_v1_0_10.processing_system7_vip_v1_0_10_a...
Compiling module processing_system7_vip_v1_0_10.processing_system7_vip_v1_0_10_s...
Compiling module processing_system7_vip_v1_0_10.processing_system7_vip_v1_0_10_i...
Compiling module processing_system7_vip_v1_0_10.processing_system7_vip_v1_0_10_s...
Compiling module processing_system7_vip_v1_0_10.processing_system7_vip_v1_0_10_d...
Compiling module processing_system7_vip_v1_0_10.processing_system7_vip_v1_0_10_o...
Compiling module processing_system7_vip_v1_0_10.processing_system7_vip_v1_0_10_o...
Compiling module processing_system7_vip_v1_0_10.processing_system7_vip_v1_0_10_r...
ERROR: [XSIM 43-3294] Signal EXCEPTION_ACCESS_VIOLATION received.
