#-----------------------------------------------------------
# Vivado v2020.2 (64-bit)
# SW Build 3064766 on Wed Nov 18 09:12:45 MST 2020
# IP Build 3064653 on Wed Nov 18 14:17:31 MST 2020
# Start of session at: Thu Aug 12 10:23:11 2021
# Process ID: 10244
# Current directory: D:/Uni/RL/sha256d_zedboard/sha256d_final.tmp/sha256d_axi_ip_v1_0_project
# Command line: vivado.exe -gui_launcher_event rodinguilauncherevent12840 D:\Uni\RL\sha256d_zedboard\sha256d_final.tmp\sha256d_axi_ip_v1_0_project\sha256d_axi_ip_v1_0_project.xpr
# Log file: D:/Uni/RL/sha256d_zedboard/sha256d_final.tmp/sha256d_axi_ip_v1_0_project/vivado.log
# Journal file: D:/Uni/RL/sha256d_zedboard/sha256d_final.tmp/sha256d_axi_ip_v1_0_project\vivado.jou
#-----------------------------------------------------------
start_gui
open_project D:/Uni/RL/sha256d_zedboard/sha256d_final.tmp/sha256d_axi_ip_v1_0_project/sha256d_axi_ip_v1_0_project.xpr
WARNING: [filemgmt 56-3] Default IP Output Path : Could not find the directory 'D:/Uni/RL/sha256d_zedboard/sha256d_final.tmp/sha256d_axi_ip_v1_0_project/sha256d_axi_ip_v1_0_project.gen/sources_1'.
Scanning sources...
Finished scanning sources
INFO: [IP_Flow 19-234] Refreshing IP repositories
INFO: [IP_Flow 19-1700] Loaded user IP repository 'd:/Uni/RL/sha256d_zedboard/ip_repo/sha256d_axi_ip_1.0'.
INFO: [IP_Flow 19-2313] Loaded Vivado IP repository 'D:/Xilinx/Vivado/2020.2/data/ip'.
open_project: Time (s): cpu = 00:00:20 ; elapsed = 00:00:08 . Memory (MB): peak = 1088.988 ; gain = 0.000
update_compile_order -fileset sources_1
import_files -norecurse {C:/Users/Federico/Downloads/src/sha256d.vhd C:/Users/Federico/Downloads/src/IO.vhd C:/Users/Federico/Downloads/src/counter.vhd C:/Users/Federico/Downloads/src/sha256.vhd C:/Users/Federico/Downloads/src/sha256_pkg.vhd}
update_compile_order -fileset sources_1
exit
INFO: [Common 17-206] Exiting Vivado at Thu Aug 12 10:25:03 2021...
