Copyright 1986-2020 Xilinx, Inc. All Rights Reserved.
---------------------------------------------------------------------------------------------
| Tool Version : Vivado v.2020.2 (win64) Build 3064766 Wed Nov 18 09:12:45 MST 2020
| Date         : Fri Aug 20 01:54:42 2021
| Host         : LAPTOP-S28JR86F running 64-bit major release  (build 9200)
| Command      : report_control_sets -verbose -file design_1_wrapper_control_sets_placed.rpt
| Design       : design_1_wrapper
| Device       : xc7z020
---------------------------------------------------------------------------------------------

Control Set Information

Table of Contents
-----------------
1. Summary
2. Histogram
3. Flip-Flop Distribution
4. Detailed Control Set Information

1. Summary
----------

+----------------------------------------------------------+-------+
|                          Status                          | Count |
+----------------------------------------------------------+-------+
| Total control sets                                       |   132 |
|    Minimum number of control sets                        |   132 |
|    Addition due to synthesis replication                 |     0 |
|    Addition due to physical synthesis replication        |     0 |
| Unused register locations in slices containing registers |    94 |
+----------------------------------------------------------+-------+
* Control sets can be merged at opt_design using control_set_merge or merge_equivalent_drivers
** Run report_qor_suggestions for automated merging and remapping suggestions


2. Histogram
------------

+--------------------+-------+
|       Fanout       | Count |
+--------------------+-------+
| Total control sets |   132 |
| >= 0 to < 4        |     2 |
| >= 4 to < 6        |     8 |
| >= 6 to < 8        |     6 |
| >= 8 to < 10       |    85 |
| >= 10 to < 12      |     1 |
| >= 12 to < 14      |     1 |
| >= 14 to < 16      |     3 |
| >= 16              |    26 |
+--------------------+-------+
* Control sets can be remapped at either synth_design or opt_design


3. Flip-Flop Distribution
-------------------------

+--------------+-----------------------+------------------------+-----------------+--------------+
| Clock Enable | Synchronous Set/Reset | Asynchronous Set/Reset | Total Registers | Total Slices |
+--------------+-----------------------+------------------------+-----------------+--------------+
| No           | No                    | No                     |             877 |          302 |
| No           | No                    | Yes                    |              21 |           10 |
| No           | Yes                   | No                     |              29 |           12 |
| Yes          | No                    | No                     |            1067 |          240 |
| Yes          | No                    | Yes                    |              49 |           25 |
| Yes          | Yes                   | No                     |            1223 |          341 |
+--------------+-----------------------+------------------------+-----------------+--------------+


4. Detailed Control Set Information
-----------------------------------

+------------------------------------------------------------------------------------------------------------------------+----------------------------------------------------------------------------------------------------------------------------------------------------------------+-------------------------------------------------------------------------------------------------------------------------------------------------------+------------------+----------------+--------------+
|                                                      Clock Signal                                                      |                                                                          Enable Signal                                                                         |                                                                    Set/Reset Signal                                                                   | Slice Load Count | Bel Load Count | Bels / Slice |
+------------------------------------------------------------------------------------------------------------------------+----------------------------------------------------------------------------------------------------------------------------------------------------------------+-------------------------------------------------------------------------------------------------------------------------------------------------------+------------------+----------------+--------------+
|  design_1_i/processing_system7_0/inst/FCLK_CLK0                                                                        | design_1_i/ps7_0_axi_periph/s00_couplers/auto_pc/inst/gen_axilite.gen_b2s_conv.axilite_b2s/WR.aw_channel_0/aw_cmd_fsm_0/FSM_sequential_state_reg[0]_1          | design_1_i/ps7_0_axi_periph/s00_couplers/auto_pc/inst/gen_axilite.gen_b2s_conv.axilite_b2s/WR.aw_channel_0/aw_cmd_fsm_0/FSM_sequential_state_reg[0]_0 |                1 |              1 |         1.00 |
|  design_1_i/processing_system7_0/inst/FCLK_CLK0                                                                        | design_1_i/ps7_0_axi_periph/s00_couplers/auto_pc/inst/gen_axilite.gen_b2s_conv.axilite_b2s/WR.b_channel_0/bid_fifo_0/sel                                       |                                                                                                                                                       |                1 |              2 |         2.00 |
|  design_1_i/processing_system7_0/inst/FCLK_CLK0                                                                        |                                                                                                                                                                | design_1_i/rst_ps7_0_100M/U0/EXT_LPF/lpf_int                                                                                                          |                1 |              4 |         4.00 |
|  design_1_i/processing_system7_0/inst/FCLK_CLK0                                                                        |                                                                                                                                                                | design_1_i/ps7_0_axi_periph/s00_couplers/auto_pc/inst/gen_axilite.gen_b2s_conv.axilite_b2s/SI_REG/aw.aw_pipe/aresetn_d_reg[0]_0                       |                2 |              4 |         2.00 |
|  design_1_i/processing_system7_0/inst/FCLK_CLK0                                                                        |                                                                                                                                                                | design_1_i/ps7_0_axi_periph/s00_couplers/auto_pc/inst/gen_axilite.gen_b2s_conv.axilite_b2s/SI_REG/ar.ar_pipe/aresetn_d_reg[1]_inv_0                   |                1 |              4 |         4.00 |
|  design_1_i/processing_system7_0/inst/FCLK_CLK0                                                                        | design_1_i/ps7_0_axi_periph/s00_couplers/auto_pc/inst/gen_axilite.gen_b2s_conv.axilite_b2s/RD.ar_channel_0/ar_cmd_fsm_0/m_axi_arready_2                        | design_1_i/ps7_0_axi_periph/s00_couplers/auto_pc/inst/gen_axilite.gen_b2s_conv.axilite_b2s/RD.ar_channel_0/ar_cmd_fsm_0/FSM_sequential_state_reg[1]_0 |                2 |              4 |         2.00 |
|  design_1_i/processing_system7_0/inst/FCLK_CLK0                                                                        | design_1_i/sha256d_axi_ip_0/U0/sha256d_axi_ip_v1_0_S00_AXI_inst/axi_awready0                                                                                   | design_1_i/sha256d_axi_ip_0/U0/sha256d_axi_ip_v1_0_S00_AXI_inst/sha256d_inst/sha1/w_counter/s00_axi_aresetn_0                                         |                2 |              5 |         2.50 |
|  design_1_i/processing_system7_0/inst/FCLK_CLK0                                                                        | design_1_i/ps7_0_axi_periph/s00_couplers/auto_pc/inst/gen_axilite.gen_b2s_conv.axilite_b2s/RD.r_channel_0/rd_data_fifo_0/cnt_read[4]_i_1__0_n_0                | design_1_i/ps7_0_axi_periph/s00_couplers/auto_pc/inst/gen_axilite.gen_b2s_conv.axilite_b2s/areset_d1                                                  |                1 |              5 |         5.00 |
|  design_1_i/processing_system7_0/inst/FCLK_CLK0                                                                        | design_1_i/ps7_0_axi_periph/s00_couplers/auto_pc/inst/gen_axilite.gen_b2s_conv.axilite_b2s/RD.r_channel_0/transaction_fifo_0/cnt_read[4]_i_1_n_0               | design_1_i/ps7_0_axi_periph/s00_couplers/auto_pc/inst/gen_axilite.gen_b2s_conv.axilite_b2s/areset_d1                                                  |                2 |              5 |         2.50 |
|  design_1_i/processing_system7_0/inst/FCLK_CLK0                                                                        | design_1_i/sha256d_axi_ip_0/U0/sha256d_axi_ip_v1_0_S00_AXI_inst/axi_arready0                                                                                   | design_1_i/sha256d_axi_ip_0/U0/sha256d_axi_ip_v1_0_S00_AXI_inst/sha256d_inst/sha1/w_counter/s00_axi_aresetn_0                                         |                1 |              5 |         5.00 |
|  design_1_i/processing_system7_0/inst/FCLK_CLK0                                                                        | design_1_i/rst_ps7_0_100M/U0/SEQ/seq_cnt_en                                                                                                                    | design_1_i/rst_ps7_0_100M/U0/SEQ/SEQ_COUNTER/clear                                                                                                    |                1 |              6 |         6.00 |
|  design_1_i/processing_system7_0/inst/FCLK_CLK0                                                                        | design_1_i/sha256d_axi_ip_0/U0/sha256d_axi_ip_v1_0_S00_AXI_inst/sha256d_inst/sha1/message_block_counter/the_count[6]_i_1__0_n_0                                | design_1_i/sha256d_axi_ip_0/U0/sha256d_axi_ip_v1_0_S00_AXI_inst/sha256d_inst/sha1/w_counter/s00_axi_aresetn_0                                         |                3 |              7 |         2.33 |
|  design_1_i/processing_system7_0/inst/FCLK_CLK0                                                                        | design_1_i/sha256d_axi_ip_0/U0/sha256d_axi_ip_v1_0_S00_AXI_inst/sha256d_inst/sha2/message_block_counter/the_count[6]_i_1__2_n_0                                | design_1_i/sha256d_axi_ip_0/U0/sha256d_axi_ip_v1_0_S00_AXI_inst/sha256d_inst/sha1/w_counter/s00_axi_aresetn_0                                         |                3 |              7 |         2.33 |
|  design_1_i/processing_system7_0/inst/FCLK_CLK0                                                                        | design_1_i/sha256d_axi_ip_0/U0/sha256d_axi_ip_v1_0_S00_AXI_inst/sha256d_inst/sha2/w_counter/the_count[6]_i_1__1_n_0                                            | design_1_i/sha256d_axi_ip_0/U0/sha256d_axi_ip_v1_0_S00_AXI_inst/sha256d_inst/sha1/w_counter/s00_axi_aresetn_0                                         |                5 |              7 |         1.40 |
|  design_1_i/processing_system7_0/inst/FCLK_CLK0                                                                        | design_1_i/sha256d_axi_ip_0/U0/sha256d_axi_ip_v1_0_S00_AXI_inst/sha256d_inst/sha2/hash_round_counter/the_count[6]_i_1__4_n_0                                   | design_1_i/sha256d_axi_ip_0/U0/sha256d_axi_ip_v1_0_S00_AXI_inst/sha256d_inst/sha1/w_counter/s00_axi_aresetn_0                                         |                3 |              7 |         2.33 |
|  design_1_i/processing_system7_0/inst/FCLK_CLK0                                                                        | design_1_i/sha256d_axi_ip_0/U0/sha256d_axi_ip_v1_0_S00_AXI_inst/sha256d_inst/sha1/hash_round_counter/the_count[6]_i_1__3_n_0                                   | design_1_i/sha256d_axi_ip_0/U0/sha256d_axi_ip_v1_0_S00_AXI_inst/sha256d_inst/sha1/w_counter/s00_axi_aresetn_0                                         |                3 |              7 |         2.33 |
|  design_1_i/processing_system7_0/inst/FCLK_CLK0                                                                        | design_1_i/sha256d_axi_ip_0/U0/sha256d_axi_ip_v1_0_S00_AXI_inst/slv_reg0[23]_i_1_n_0                                                                           | design_1_i/sha256d_axi_ip_0/U0/sha256d_axi_ip_v1_0_S00_AXI_inst/sha256d_inst/sha1/w_counter/s00_axi_aresetn_0                                         |                1 |              8 |         8.00 |
|  design_1_i/processing_system7_0/inst/FCLK_CLK0                                                                        | design_1_i/sha256d_axi_ip_0/U0/sha256d_axi_ip_v1_0_S00_AXI_inst/slv_reg15[23]_i_1_n_0                                                                          | design_1_i/sha256d_axi_ip_0/U0/sha256d_axi_ip_v1_0_S00_AXI_inst/sha256d_inst/sha1/w_counter/s00_axi_aresetn_0                                         |                5 |              8 |         1.60 |
|  design_1_i/processing_system7_0/inst/FCLK_CLK0                                                                        | design_1_i/sha256d_axi_ip_0/U0/sha256d_axi_ip_v1_0_S00_AXI_inst/slv_reg16[15]_i_1_n_0                                                                          | design_1_i/sha256d_axi_ip_0/U0/sha256d_axi_ip_v1_0_S00_AXI_inst/sha256d_inst/sha1/w_counter/s00_axi_aresetn_0                                         |                3 |              8 |         2.67 |
|  design_1_i/processing_system7_0/inst/FCLK_CLK0                                                                        | design_1_i/sha256d_axi_ip_0/U0/sha256d_axi_ip_v1_0_S00_AXI_inst/slv_reg13[31]_i_1_n_0                                                                          | design_1_i/sha256d_axi_ip_0/U0/sha256d_axi_ip_v1_0_S00_AXI_inst/sha256d_inst/sha1/w_counter/s00_axi_aresetn_0                                         |                3 |              8 |         2.67 |
|  design_1_i/processing_system7_0/inst/FCLK_CLK0                                                                        | design_1_i/sha256d_axi_ip_0/U0/sha256d_axi_ip_v1_0_S00_AXI_inst/slv_reg1[31]_i_1_n_0                                                                           | design_1_i/sha256d_axi_ip_0/U0/sha256d_axi_ip_v1_0_S00_AXI_inst/sha256d_inst/sha1/w_counter/s00_axi_aresetn_0                                         |                2 |              8 |         4.00 |
|  design_1_i/processing_system7_0/inst/FCLK_CLK0                                                                        | design_1_i/sha256d_axi_ip_0/U0/sha256d_axi_ip_v1_0_S00_AXI_inst/slv_reg12[23]_i_1_n_0                                                                          | design_1_i/sha256d_axi_ip_0/U0/sha256d_axi_ip_v1_0_S00_AXI_inst/sha256d_inst/sha1/w_counter/s00_axi_aresetn_0                                         |                1 |              8 |         8.00 |
|  design_1_i/processing_system7_0/inst/FCLK_CLK0                                                                        | design_1_i/sha256d_axi_ip_0/U0/sha256d_axi_ip_v1_0_S00_AXI_inst/slv_reg10[23]_i_1_n_0                                                                          | design_1_i/sha256d_axi_ip_0/U0/sha256d_axi_ip_v1_0_S00_AXI_inst/sha256d_inst/sha1/w_counter/s00_axi_aresetn_0                                         |                1 |              8 |         8.00 |
|  design_1_i/processing_system7_0/inst/FCLK_CLK0                                                                        | design_1_i/sha256d_axi_ip_0/U0/sha256d_axi_ip_v1_0_S00_AXI_inst/slv_reg11[31]_i_1_n_0                                                                          | design_1_i/sha256d_axi_ip_0/U0/sha256d_axi_ip_v1_0_S00_AXI_inst/sha256d_inst/sha1/w_counter/s00_axi_aresetn_0                                         |                2 |              8 |         4.00 |
|  design_1_i/processing_system7_0/inst/FCLK_CLK0                                                                        | design_1_i/sha256d_axi_ip_0/U0/sha256d_axi_ip_v1_0_S00_AXI_inst/slv_reg19[23]_i_1_n_0                                                                          | design_1_i/sha256d_axi_ip_0/U0/sha256d_axi_ip_v1_0_S00_AXI_inst/sha256d_inst/sha1/w_counter/s00_axi_aresetn_0                                         |                2 |              8 |         4.00 |
|  design_1_i/processing_system7_0/inst/FCLK_CLK0                                                                        | design_1_i/sha256d_axi_ip_0/U0/sha256d_axi_ip_v1_0_S00_AXI_inst/slv_reg1[7]_i_1_n_0                                                                            | design_1_i/sha256d_axi_ip_0/U0/sha256d_axi_ip_v1_0_S00_AXI_inst/sha256d_inst/sha1/w_counter/s00_axi_aresetn_0                                         |                2 |              8 |         4.00 |
|  design_1_i/processing_system7_0/inst/FCLK_CLK0                                                                        | design_1_i/sha256d_axi_ip_0/U0/sha256d_axi_ip_v1_0_S00_AXI_inst/slv_reg2[15]_i_1_n_0                                                                           | design_1_i/sha256d_axi_ip_0/U0/sha256d_axi_ip_v1_0_S00_AXI_inst/sha256d_inst/sha1/w_counter/s00_axi_aresetn_0                                         |                3 |              8 |         2.67 |
|  design_1_i/processing_system7_0/inst/FCLK_CLK0                                                                        | design_1_i/sha256d_axi_ip_0/U0/sha256d_axi_ip_v1_0_S00_AXI_inst/slv_reg2[23]_i_1_n_0                                                                           | design_1_i/sha256d_axi_ip_0/U0/sha256d_axi_ip_v1_0_S00_AXI_inst/sha256d_inst/sha1/w_counter/s00_axi_aresetn_0                                         |                2 |              8 |         4.00 |
|  design_1_i/processing_system7_0/inst/FCLK_CLK0                                                                        | design_1_i/sha256d_axi_ip_0/U0/sha256d_axi_ip_v1_0_S00_AXI_inst/slv_reg16[31]_i_1_n_0                                                                          | design_1_i/sha256d_axi_ip_0/U0/sha256d_axi_ip_v1_0_S00_AXI_inst/sha256d_inst/sha1/w_counter/s00_axi_aresetn_0                                         |                2 |              8 |         4.00 |
|  design_1_i/processing_system7_0/inst/FCLK_CLK0                                                                        | design_1_i/sha256d_axi_ip_0/U0/sha256d_axi_ip_v1_0_S00_AXI_inst/slv_reg15[31]_i_1_n_0                                                                          | design_1_i/sha256d_axi_ip_0/U0/sha256d_axi_ip_v1_0_S00_AXI_inst/sha256d_inst/sha1/w_counter/s00_axi_aresetn_0                                         |                4 |              8 |         2.00 |
|  design_1_i/processing_system7_0/inst/FCLK_CLK0                                                                        | design_1_i/sha256d_axi_ip_0/U0/sha256d_axi_ip_v1_0_S00_AXI_inst/slv_reg17[7]_i_1_n_0                                                                           | design_1_i/sha256d_axi_ip_0/U0/sha256d_axi_ip_v1_0_S00_AXI_inst/sha256d_inst/sha1/w_counter/s00_axi_aresetn_0                                         |                2 |              8 |         4.00 |
|  design_1_i/processing_system7_0/inst/FCLK_CLK0                                                                        | design_1_i/sha256d_axi_ip_0/U0/sha256d_axi_ip_v1_0_S00_AXI_inst/slv_reg0[15]_i_1_n_0                                                                           | design_1_i/sha256d_axi_ip_0/U0/sha256d_axi_ip_v1_0_S00_AXI_inst/sha256d_inst/sha1/w_counter/s00_axi_aresetn_0                                         |                1 |              8 |         8.00 |
|  design_1_i/processing_system7_0/inst/FCLK_CLK0                                                                        | design_1_i/sha256d_axi_ip_0/U0/sha256d_axi_ip_v1_0_S00_AXI_inst/slv_reg0[7]_i_1_n_0                                                                            | design_1_i/sha256d_axi_ip_0/U0/sha256d_axi_ip_v1_0_S00_AXI_inst/sha256d_inst/sha1/w_counter/s00_axi_aresetn_0                                         |                1 |              8 |         8.00 |
|  design_1_i/processing_system7_0/inst/FCLK_CLK0                                                                        | design_1_i/sha256d_axi_ip_0/U0/sha256d_axi_ip_v1_0_S00_AXI_inst/slv_reg1[23]_i_1_n_0                                                                           | design_1_i/sha256d_axi_ip_0/U0/sha256d_axi_ip_v1_0_S00_AXI_inst/sha256d_inst/sha1/w_counter/s00_axi_aresetn_0                                         |                3 |              8 |         2.67 |
|  design_1_i/processing_system7_0/inst/FCLK_CLK0                                                                        | design_1_i/sha256d_axi_ip_0/U0/sha256d_axi_ip_v1_0_S00_AXI_inst/slv_reg17[15]_i_1_n_0                                                                          | design_1_i/sha256d_axi_ip_0/U0/sha256d_axi_ip_v1_0_S00_AXI_inst/sha256d_inst/sha1/w_counter/s00_axi_aresetn_0                                         |                3 |              8 |         2.67 |
|  design_1_i/processing_system7_0/inst/FCLK_CLK0                                                                        | design_1_i/sha256d_axi_ip_0/U0/sha256d_axi_ip_v1_0_S00_AXI_inst/slv_reg17[31]_i_1_n_0                                                                          | design_1_i/sha256d_axi_ip_0/U0/sha256d_axi_ip_v1_0_S00_AXI_inst/sha256d_inst/sha1/w_counter/s00_axi_aresetn_0                                         |                1 |              8 |         8.00 |
|  design_1_i/processing_system7_0/inst/FCLK_CLK0                                                                        | design_1_i/sha256d_axi_ip_0/U0/sha256d_axi_ip_v1_0_S00_AXI_inst/slv_reg14[31]_i_1_n_0                                                                          | design_1_i/sha256d_axi_ip_0/U0/sha256d_axi_ip_v1_0_S00_AXI_inst/sha256d_inst/sha1/w_counter/s00_axi_aresetn_0                                         |                4 |              8 |         2.00 |
|  design_1_i/processing_system7_0/inst/FCLK_CLK0                                                                        | design_1_i/sha256d_axi_ip_0/U0/sha256d_axi_ip_v1_0_S00_AXI_inst/slv_reg11[15]_i_1_n_0                                                                          | design_1_i/sha256d_axi_ip_0/U0/sha256d_axi_ip_v1_0_S00_AXI_inst/sha256d_inst/sha1/w_counter/s00_axi_aresetn_0                                         |                1 |              8 |         8.00 |
|  design_1_i/processing_system7_0/inst/FCLK_CLK0                                                                        | design_1_i/sha256d_axi_ip_0/U0/sha256d_axi_ip_v1_0_S00_AXI_inst/slv_reg10[31]_i_1_n_0                                                                          | design_1_i/sha256d_axi_ip_0/U0/sha256d_axi_ip_v1_0_S00_AXI_inst/sha256d_inst/sha1/w_counter/s00_axi_aresetn_0                                         |                2 |              8 |         4.00 |
|  design_1_i/processing_system7_0/inst/FCLK_CLK0                                                                        | design_1_i/sha256d_axi_ip_0/U0/sha256d_axi_ip_v1_0_S00_AXI_inst/slv_reg15[15]_i_1_n_0                                                                          | design_1_i/sha256d_axi_ip_0/U0/sha256d_axi_ip_v1_0_S00_AXI_inst/sha256d_inst/sha1/w_counter/s00_axi_aresetn_0                                         |                6 |              8 |         1.33 |
|  design_1_i/processing_system7_0/inst/FCLK_CLK0                                                                        | design_1_i/sha256d_axi_ip_0/U0/sha256d_axi_ip_v1_0_S00_AXI_inst/slv_reg18[23]_i_1_n_0                                                                          | design_1_i/sha256d_axi_ip_0/U0/sha256d_axi_ip_v1_0_S00_AXI_inst/sha256d_inst/sha1/w_counter/s00_axi_aresetn_0                                         |                2 |              8 |         4.00 |
|  design_1_i/processing_system7_0/inst/FCLK_CLK0                                                                        | design_1_i/sha256d_axi_ip_0/U0/sha256d_axi_ip_v1_0_S00_AXI_inst/slv_reg18[31]_i_1_n_0                                                                          | design_1_i/sha256d_axi_ip_0/U0/sha256d_axi_ip_v1_0_S00_AXI_inst/sha256d_inst/sha1/w_counter/s00_axi_aresetn_0                                         |                2 |              8 |         4.00 |
|  design_1_i/processing_system7_0/inst/FCLK_CLK0                                                                        | design_1_i/sha256d_axi_ip_0/U0/sha256d_axi_ip_v1_0_S00_AXI_inst/slv_reg2[31]_i_1_n_0                                                                           | design_1_i/sha256d_axi_ip_0/U0/sha256d_axi_ip_v1_0_S00_AXI_inst/sha256d_inst/sha1/w_counter/s00_axi_aresetn_0                                         |                2 |              8 |         4.00 |
|  design_1_i/processing_system7_0/inst/FCLK_CLK0                                                                        | design_1_i/sha256d_axi_ip_0/U0/sha256d_axi_ip_v1_0_S00_AXI_inst/slv_reg13[7]_i_1_n_0                                                                           | design_1_i/sha256d_axi_ip_0/U0/sha256d_axi_ip_v1_0_S00_AXI_inst/sha256d_inst/sha1/w_counter/s00_axi_aresetn_0                                         |                2 |              8 |         4.00 |
|  design_1_i/processing_system7_0/inst/FCLK_CLK0                                                                        | design_1_i/sha256d_axi_ip_0/U0/sha256d_axi_ip_v1_0_S00_AXI_inst/slv_reg10[15]_i_1_n_0                                                                          | design_1_i/sha256d_axi_ip_0/U0/sha256d_axi_ip_v1_0_S00_AXI_inst/sha256d_inst/sha1/w_counter/s00_axi_aresetn_0                                         |                2 |              8 |         4.00 |
|  design_1_i/processing_system7_0/inst/FCLK_CLK0                                                                        | design_1_i/sha256d_axi_ip_0/U0/sha256d_axi_ip_v1_0_S00_AXI_inst/slv_reg15[7]_i_1_n_0                                                                           | design_1_i/sha256d_axi_ip_0/U0/sha256d_axi_ip_v1_0_S00_AXI_inst/sha256d_inst/sha1/w_counter/s00_axi_aresetn_0                                         |                4 |              8 |         2.00 |
|  design_1_i/processing_system7_0/inst/FCLK_CLK0                                                                        | design_1_i/sha256d_axi_ip_0/U0/sha256d_axi_ip_v1_0_S00_AXI_inst/slv_reg12[15]_i_1_n_0                                                                          | design_1_i/sha256d_axi_ip_0/U0/sha256d_axi_ip_v1_0_S00_AXI_inst/sha256d_inst/sha1/w_counter/s00_axi_aresetn_0                                         |                1 |              8 |         8.00 |
|  design_1_i/processing_system7_0/inst/FCLK_CLK0                                                                        | design_1_i/sha256d_axi_ip_0/U0/sha256d_axi_ip_v1_0_S00_AXI_inst/slv_reg14[7]_i_1_n_0                                                                           | design_1_i/sha256d_axi_ip_0/U0/sha256d_axi_ip_v1_0_S00_AXI_inst/sha256d_inst/sha1/w_counter/s00_axi_aresetn_0                                         |                6 |              8 |         1.33 |
|  design_1_i/processing_system7_0/inst/FCLK_CLK0                                                                        | design_1_i/sha256d_axi_ip_0/U0/sha256d_axi_ip_v1_0_S00_AXI_inst/slv_reg0[31]_i_1_n_0                                                                           | design_1_i/sha256d_axi_ip_0/U0/sha256d_axi_ip_v1_0_S00_AXI_inst/sha256d_inst/sha1/w_counter/s00_axi_aresetn_0                                         |                1 |              8 |         8.00 |
|  design_1_i/processing_system7_0/inst/FCLK_CLK0                                                                        | design_1_i/sha256d_axi_ip_0/U0/sha256d_axi_ip_v1_0_S00_AXI_inst/slv_reg11[23]_i_1_n_0                                                                          | design_1_i/sha256d_axi_ip_0/U0/sha256d_axi_ip_v1_0_S00_AXI_inst/sha256d_inst/sha1/w_counter/s00_axi_aresetn_0                                         |                2 |              8 |         4.00 |
|  design_1_i/processing_system7_0/inst/FCLK_CLK0                                                                        | design_1_i/sha256d_axi_ip_0/U0/sha256d_axi_ip_v1_0_S00_AXI_inst/slv_reg12[31]_i_1_n_0                                                                          | design_1_i/sha256d_axi_ip_0/U0/sha256d_axi_ip_v1_0_S00_AXI_inst/sha256d_inst/sha1/w_counter/s00_axi_aresetn_0                                         |                3 |              8 |         2.67 |
|  design_1_i/processing_system7_0/inst/FCLK_CLK0                                                                        | design_1_i/sha256d_axi_ip_0/U0/sha256d_axi_ip_v1_0_S00_AXI_inst/slv_reg13[15]_i_1_n_0                                                                          | design_1_i/sha256d_axi_ip_0/U0/sha256d_axi_ip_v1_0_S00_AXI_inst/sha256d_inst/sha1/w_counter/s00_axi_aresetn_0                                         |                3 |              8 |         2.67 |
|  design_1_i/processing_system7_0/inst/FCLK_CLK0                                                                        | design_1_i/sha256d_axi_ip_0/U0/sha256d_axi_ip_v1_0_S00_AXI_inst/slv_reg14[15]_i_1_n_0                                                                          | design_1_i/sha256d_axi_ip_0/U0/sha256d_axi_ip_v1_0_S00_AXI_inst/sha256d_inst/sha1/w_counter/s00_axi_aresetn_0                                         |                3 |              8 |         2.67 |
|  design_1_i/processing_system7_0/inst/FCLK_CLK0                                                                        | design_1_i/sha256d_axi_ip_0/U0/sha256d_axi_ip_v1_0_S00_AXI_inst/slv_reg16[23]_i_1_n_0                                                                          | design_1_i/sha256d_axi_ip_0/U0/sha256d_axi_ip_v1_0_S00_AXI_inst/sha256d_inst/sha1/w_counter/s00_axi_aresetn_0                                         |                2 |              8 |         4.00 |
|  design_1_i/processing_system7_0/inst/FCLK_CLK0                                                                        | design_1_i/sha256d_axi_ip_0/U0/sha256d_axi_ip_v1_0_S00_AXI_inst/slv_reg11[7]_i_1_n_0                                                                           | design_1_i/sha256d_axi_ip_0/U0/sha256d_axi_ip_v1_0_S00_AXI_inst/sha256d_inst/sha1/w_counter/s00_axi_aresetn_0                                         |                1 |              8 |         8.00 |
|  design_1_i/processing_system7_0/inst/FCLK_CLK0                                                                        | design_1_i/sha256d_axi_ip_0/U0/sha256d_axi_ip_v1_0_S00_AXI_inst/slv_reg10[7]_i_1_n_0                                                                           | design_1_i/sha256d_axi_ip_0/U0/sha256d_axi_ip_v1_0_S00_AXI_inst/sha256d_inst/sha1/w_counter/s00_axi_aresetn_0                                         |                3 |              8 |         2.67 |
|  design_1_i/processing_system7_0/inst/FCLK_CLK0                                                                        | design_1_i/sha256d_axi_ip_0/U0/sha256d_axi_ip_v1_0_S00_AXI_inst/slv_reg14[23]_i_1_n_0                                                                          | design_1_i/sha256d_axi_ip_0/U0/sha256d_axi_ip_v1_0_S00_AXI_inst/sha256d_inst/sha1/w_counter/s00_axi_aresetn_0                                         |                2 |              8 |         4.00 |
|  design_1_i/processing_system7_0/inst/FCLK_CLK0                                                                        | design_1_i/sha256d_axi_ip_0/U0/sha256d_axi_ip_v1_0_S00_AXI_inst/slv_reg16[7]_i_1_n_0                                                                           | design_1_i/sha256d_axi_ip_0/U0/sha256d_axi_ip_v1_0_S00_AXI_inst/sha256d_inst/sha1/w_counter/s00_axi_aresetn_0                                         |                2 |              8 |         4.00 |
|  design_1_i/processing_system7_0/inst/FCLK_CLK0                                                                        | design_1_i/sha256d_axi_ip_0/U0/sha256d_axi_ip_v1_0_S00_AXI_inst/slv_reg17[23]_i_1_n_0                                                                          | design_1_i/sha256d_axi_ip_0/U0/sha256d_axi_ip_v1_0_S00_AXI_inst/sha256d_inst/sha1/w_counter/s00_axi_aresetn_0                                         |                2 |              8 |         4.00 |
|  design_1_i/processing_system7_0/inst/FCLK_CLK0                                                                        | design_1_i/sha256d_axi_ip_0/U0/sha256d_axi_ip_v1_0_S00_AXI_inst/slv_reg12[7]_i_1_n_0                                                                           | design_1_i/sha256d_axi_ip_0/U0/sha256d_axi_ip_v1_0_S00_AXI_inst/sha256d_inst/sha1/w_counter/s00_axi_aresetn_0                                         |                3 |              8 |         2.67 |
|  design_1_i/processing_system7_0/inst/FCLK_CLK0                                                                        | design_1_i/sha256d_axi_ip_0/U0/sha256d_axi_ip_v1_0_S00_AXI_inst/slv_reg18[15]_i_1_n_0                                                                          | design_1_i/sha256d_axi_ip_0/U0/sha256d_axi_ip_v1_0_S00_AXI_inst/sha256d_inst/sha1/w_counter/s00_axi_aresetn_0                                         |                2 |              8 |         4.00 |
|  design_1_i/processing_system7_0/inst/FCLK_CLK0                                                                        | design_1_i/sha256d_axi_ip_0/U0/sha256d_axi_ip_v1_0_S00_AXI_inst/slv_reg18[7]_i_1_n_0                                                                           | design_1_i/sha256d_axi_ip_0/U0/sha256d_axi_ip_v1_0_S00_AXI_inst/sha256d_inst/sha1/w_counter/s00_axi_aresetn_0                                         |                2 |              8 |         4.00 |
|  design_1_i/processing_system7_0/inst/FCLK_CLK0                                                                        | design_1_i/sha256d_axi_ip_0/U0/sha256d_axi_ip_v1_0_S00_AXI_inst/slv_reg19[31]_i_1_n_0                                                                          | design_1_i/sha256d_axi_ip_0/U0/sha256d_axi_ip_v1_0_S00_AXI_inst/sha256d_inst/sha1/w_counter/s00_axi_aresetn_0                                         |                2 |              8 |         4.00 |
|  design_1_i/processing_system7_0/inst/FCLK_CLK0                                                                        | design_1_i/sha256d_axi_ip_0/U0/sha256d_axi_ip_v1_0_S00_AXI_inst/slv_reg19[7]_i_1_n_0                                                                           | design_1_i/sha256d_axi_ip_0/U0/sha256d_axi_ip_v1_0_S00_AXI_inst/sha256d_inst/sha1/w_counter/s00_axi_aresetn_0                                         |                2 |              8 |         4.00 |
|  design_1_i/processing_system7_0/inst/FCLK_CLK0                                                                        | design_1_i/sha256d_axi_ip_0/U0/sha256d_axi_ip_v1_0_S00_AXI_inst/slv_reg1[15]_i_1_n_0                                                                           | design_1_i/sha256d_axi_ip_0/U0/sha256d_axi_ip_v1_0_S00_AXI_inst/sha256d_inst/sha1/w_counter/s00_axi_aresetn_0                                         |                1 |              8 |         8.00 |
|  design_1_i/processing_system7_0/inst/FCLK_CLK0                                                                        | design_1_i/sha256d_axi_ip_0/U0/sha256d_axi_ip_v1_0_S00_AXI_inst/slv_reg6[23]_i_1_n_0                                                                           | design_1_i/sha256d_axi_ip_0/U0/sha256d_axi_ip_v1_0_S00_AXI_inst/sha256d_inst/sha1/w_counter/s00_axi_aresetn_0                                         |                2 |              8 |         4.00 |
|  design_1_i/processing_system7_0/inst/FCLK_CLK0                                                                        | design_1_i/sha256d_axi_ip_0/U0/sha256d_axi_ip_v1_0_S00_AXI_inst/slv_reg9[7]_i_1_n_0                                                                            | design_1_i/sha256d_axi_ip_0/U0/sha256d_axi_ip_v1_0_S00_AXI_inst/sha256d_inst/sha1/w_counter/s00_axi_aresetn_0                                         |                3 |              8 |         2.67 |
|  design_1_i/processing_system7_0/inst/FCLK_CLK0                                                                        | design_1_i/sha256d_axi_ip_0/U0/sha256d_axi_ip_v1_0_S00_AXI_inst/slv_reg4[15]_i_1_n_0                                                                           | design_1_i/sha256d_axi_ip_0/U0/sha256d_axi_ip_v1_0_S00_AXI_inst/sha256d_inst/sha1/w_counter/s00_axi_aresetn_0                                         |                2 |              8 |         4.00 |
|  design_1_i/processing_system7_0/inst/FCLK_CLK0                                                                        | design_1_i/sha256d_axi_ip_0/U0/sha256d_axi_ip_v1_0_S00_AXI_inst/slv_reg4[23]_i_1_n_0                                                                           | design_1_i/sha256d_axi_ip_0/U0/sha256d_axi_ip_v1_0_S00_AXI_inst/sha256d_inst/sha1/w_counter/s00_axi_aresetn_0                                         |                2 |              8 |         4.00 |
|  design_1_i/processing_system7_0/inst/FCLK_CLK0                                                                        | design_1_i/sha256d_axi_ip_0/U0/sha256d_axi_ip_v1_0_S00_AXI_inst/slv_reg5[31]_i_1_n_0                                                                           | design_1_i/sha256d_axi_ip_0/U0/sha256d_axi_ip_v1_0_S00_AXI_inst/sha256d_inst/sha1/w_counter/s00_axi_aresetn_0                                         |                3 |              8 |         2.67 |
|  design_1_i/processing_system7_0/inst/FCLK_CLK0                                                                        | design_1_i/sha256d_axi_ip_0/U0/sha256d_axi_ip_v1_0_S00_AXI_inst/slv_reg4[7]_i_1_n_0                                                                            | design_1_i/sha256d_axi_ip_0/U0/sha256d_axi_ip_v1_0_S00_AXI_inst/sha256d_inst/sha1/w_counter/s00_axi_aresetn_0                                         |                2 |              8 |         4.00 |
|  design_1_i/processing_system7_0/inst/FCLK_CLK0                                                                        | design_1_i/sha256d_axi_ip_0/U0/sha256d_axi_ip_v1_0_S00_AXI_inst/slv_reg6[7]_i_1_n_0                                                                            | design_1_i/sha256d_axi_ip_0/U0/sha256d_axi_ip_v1_0_S00_AXI_inst/sha256d_inst/sha1/w_counter/s00_axi_aresetn_0                                         |                3 |              8 |         2.67 |
|  design_1_i/processing_system7_0/inst/FCLK_CLK0                                                                        | design_1_i/sha256d_axi_ip_0/U0/sha256d_axi_ip_v1_0_S00_AXI_inst/slv_reg3[31]_i_1_n_0                                                                           | design_1_i/sha256d_axi_ip_0/U0/sha256d_axi_ip_v1_0_S00_AXI_inst/sha256d_inst/sha1/w_counter/s00_axi_aresetn_0                                         |                2 |              8 |         4.00 |
|  design_1_i/processing_system7_0/inst/FCLK_CLK0                                                                        | design_1_i/sha256d_axi_ip_0/U0/sha256d_axi_ip_v1_0_S00_AXI_inst/slv_reg3[15]_i_1_n_0                                                                           | design_1_i/sha256d_axi_ip_0/U0/sha256d_axi_ip_v1_0_S00_AXI_inst/sha256d_inst/sha1/w_counter/s00_axi_aresetn_0                                         |                3 |              8 |         2.67 |
|  design_1_i/processing_system7_0/inst/FCLK_CLK0                                                                        | design_1_i/sha256d_axi_ip_0/U0/sha256d_axi_ip_v1_0_S00_AXI_inst/slv_reg5[15]_i_1_n_0                                                                           | design_1_i/sha256d_axi_ip_0/U0/sha256d_axi_ip_v1_0_S00_AXI_inst/sha256d_inst/sha1/w_counter/s00_axi_aresetn_0                                         |                3 |              8 |         2.67 |
|  design_1_i/processing_system7_0/inst/FCLK_CLK0                                                                        | design_1_i/sha256d_axi_ip_0/U0/sha256d_axi_ip_v1_0_S00_AXI_inst/slv_reg6[15]_i_1_n_0                                                                           | design_1_i/sha256d_axi_ip_0/U0/sha256d_axi_ip_v1_0_S00_AXI_inst/sha256d_inst/sha1/w_counter/s00_axi_aresetn_0                                         |                2 |              8 |         4.00 |
|  design_1_i/processing_system7_0/inst/FCLK_CLK0                                                                        | design_1_i/sha256d_axi_ip_0/U0/sha256d_axi_ip_v1_0_S00_AXI_inst/slv_reg9[23]_i_1_n_0                                                                           | design_1_i/sha256d_axi_ip_0/U0/sha256d_axi_ip_v1_0_S00_AXI_inst/sha256d_inst/sha1/w_counter/s00_axi_aresetn_0                                         |                2 |              8 |         4.00 |
|  design_1_i/processing_system7_0/inst/FCLK_CLK0                                                                        | design_1_i/sha256d_axi_ip_0/U0/sha256d_axi_ip_v1_0_S00_AXI_inst/slv_reg7[23]_i_1_n_0                                                                           | design_1_i/sha256d_axi_ip_0/U0/sha256d_axi_ip_v1_0_S00_AXI_inst/sha256d_inst/sha1/w_counter/s00_axi_aresetn_0                                         |                2 |              8 |         4.00 |
|  design_1_i/processing_system7_0/inst/FCLK_CLK0                                                                        | design_1_i/sha256d_axi_ip_0/U0/sha256d_axi_ip_v1_0_S00_AXI_inst/slv_reg7[7]_i_1_n_0                                                                            | design_1_i/sha256d_axi_ip_0/U0/sha256d_axi_ip_v1_0_S00_AXI_inst/sha256d_inst/sha1/w_counter/s00_axi_aresetn_0                                         |                3 |              8 |         2.67 |
|  design_1_i/processing_system7_0/inst/FCLK_CLK0                                                                        | design_1_i/sha256d_axi_ip_0/U0/sha256d_axi_ip_v1_0_S00_AXI_inst/slv_reg5[23]_i_1_n_0                                                                           | design_1_i/sha256d_axi_ip_0/U0/sha256d_axi_ip_v1_0_S00_AXI_inst/sha256d_inst/sha1/w_counter/s00_axi_aresetn_0                                         |                2 |              8 |         4.00 |
|  design_1_i/processing_system7_0/inst/FCLK_CLK0                                                                        | design_1_i/sha256d_axi_ip_0/U0/sha256d_axi_ip_v1_0_S00_AXI_inst/slv_reg7[15]_i_1_n_0                                                                           | design_1_i/sha256d_axi_ip_0/U0/sha256d_axi_ip_v1_0_S00_AXI_inst/sha256d_inst/sha1/w_counter/s00_axi_aresetn_0                                         |                2 |              8 |         4.00 |
|  design_1_i/processing_system7_0/inst/FCLK_CLK0                                                                        | design_1_i/sha256d_axi_ip_0/U0/sha256d_axi_ip_v1_0_S00_AXI_inst/slv_reg6[31]_i_1_n_0                                                                           | design_1_i/sha256d_axi_ip_0/U0/sha256d_axi_ip_v1_0_S00_AXI_inst/sha256d_inst/sha1/w_counter/s00_axi_aresetn_0                                         |                4 |              8 |         2.00 |
|  design_1_i/processing_system7_0/inst/FCLK_CLK0                                                                        | design_1_i/sha256d_axi_ip_0/U0/sha256d_axi_ip_v1_0_S00_AXI_inst/slv_reg9[31]_i_1_n_0                                                                           | design_1_i/sha256d_axi_ip_0/U0/sha256d_axi_ip_v1_0_S00_AXI_inst/sha256d_inst/sha1/w_counter/s00_axi_aresetn_0                                         |                2 |              8 |         4.00 |
|  design_1_i/processing_system7_0/inst/FCLK_CLK0                                                                        | design_1_i/sha256d_axi_ip_0/U0/sha256d_axi_ip_v1_0_S00_AXI_inst/slv_reg2[7]_i_1_n_0                                                                            | design_1_i/sha256d_axi_ip_0/U0/sha256d_axi_ip_v1_0_S00_AXI_inst/sha256d_inst/sha1/w_counter/s00_axi_aresetn_0                                         |                1 |              8 |         8.00 |
|  design_1_i/processing_system7_0/inst/FCLK_CLK0                                                                        | design_1_i/sha256d_axi_ip_0/U0/sha256d_axi_ip_v1_0_S00_AXI_inst/slv_reg7[31]_i_1_n_0                                                                           | design_1_i/sha256d_axi_ip_0/U0/sha256d_axi_ip_v1_0_S00_AXI_inst/sha256d_inst/sha1/w_counter/s00_axi_aresetn_0                                         |                4 |              8 |         2.00 |
|  design_1_i/processing_system7_0/inst/FCLK_CLK0                                                                        | design_1_i/sha256d_axi_ip_0/U0/sha256d_axi_ip_v1_0_S00_AXI_inst/p_1_in[23]                                                                                     | design_1_i/sha256d_axi_ip_0/U0/sha256d_axi_ip_v1_0_S00_AXI_inst/sha256d_inst/sha1/w_counter/s00_axi_aresetn_0                                         |                2 |              8 |         4.00 |
|  design_1_i/processing_system7_0/inst/FCLK_CLK0                                                                        | design_1_i/sha256d_axi_ip_0/U0/sha256d_axi_ip_v1_0_S00_AXI_inst/p_1_in[15]                                                                                     | design_1_i/sha256d_axi_ip_0/U0/sha256d_axi_ip_v1_0_S00_AXI_inst/sha256d_inst/sha1/w_counter/s00_axi_aresetn_0                                         |                1 |              8 |         8.00 |
|  design_1_i/processing_system7_0/inst/FCLK_CLK0                                                                        | design_1_i/sha256d_axi_ip_0/U0/sha256d_axi_ip_v1_0_S00_AXI_inst/p_1_in[31]                                                                                     | design_1_i/sha256d_axi_ip_0/U0/sha256d_axi_ip_v1_0_S00_AXI_inst/sha256d_inst/sha1/w_counter/s00_axi_aresetn_0                                         |                2 |              8 |         4.00 |
|  design_1_i/processing_system7_0/inst/FCLK_CLK0                                                                        | design_1_i/sha256d_axi_ip_0/U0/sha256d_axi_ip_v1_0_S00_AXI_inst/p_1_in[7]                                                                                      | design_1_i/sha256d_axi_ip_0/U0/sha256d_axi_ip_v1_0_S00_AXI_inst/sha256d_inst/sha1/w_counter/s00_axi_aresetn_0                                         |                2 |              8 |         4.00 |
|  design_1_i/processing_system7_0/inst/FCLK_CLK0                                                                        | design_1_i/sha256d_axi_ip_0/U0/sha256d_axi_ip_v1_0_S00_AXI_inst/slv_reg13[23]_i_1_n_0                                                                          | design_1_i/sha256d_axi_ip_0/U0/sha256d_axi_ip_v1_0_S00_AXI_inst/sha256d_inst/sha1/w_counter/s00_axi_aresetn_0                                         |                3 |              8 |         2.67 |
|  design_1_i/processing_system7_0/inst/FCLK_CLK0                                                                        | design_1_i/ps7_0_axi_periph/s00_couplers/auto_pc/inst/gen_axilite.gen_b2s_conv.axilite_b2s/WR.aw_channel_0/aw_cmd_fsm_0/m_valid_i_reg[0]                       |                                                                                                                                                       |                4 |              8 |         2.00 |
|  design_1_i/processing_system7_0/inst/FCLK_CLK0                                                                        | design_1_i/ps7_0_axi_periph/s00_couplers/auto_pc/inst/gen_axilite.gen_b2s_conv.axilite_b2s/WR.aw_channel_0/cmd_translator_0/incr_cmd_0/axaddr_incr[11]_i_1_n_0 |                                                                                                                                                       |                2 |              8 |         4.00 |
|  design_1_i/processing_system7_0/inst/FCLK_CLK0                                                                        | design_1_i/sha256d_axi_ip_0/U0/sha256d_axi_ip_v1_0_S00_AXI_inst/slv_reg9[15]_i_1_n_0                                                                           | design_1_i/sha256d_axi_ip_0/U0/sha256d_axi_ip_v1_0_S00_AXI_inst/sha256d_inst/sha1/w_counter/s00_axi_aresetn_0                                         |                2 |              8 |         4.00 |
|  design_1_i/processing_system7_0/inst/FCLK_CLK0                                                                        | design_1_i/ps7_0_axi_periph/s00_couplers/auto_pc/inst/gen_axilite.gen_b2s_conv.axilite_b2s/WR.b_channel_0/mhandshake_r                                         | design_1_i/ps7_0_axi_periph/s00_couplers/auto_pc/inst/gen_axilite.gen_b2s_conv.axilite_b2s/WR.b_channel_0/bid_fifo_0/SR[0]                            |                2 |              8 |         4.00 |
|  design_1_i/processing_system7_0/inst/FCLK_CLK0                                                                        | design_1_i/sha256d_axi_ip_0/U0/sha256d_axi_ip_v1_0_S00_AXI_inst/slv_reg4[31]_i_1_n_0                                                                           | design_1_i/sha256d_axi_ip_0/U0/sha256d_axi_ip_v1_0_S00_AXI_inst/sha256d_inst/sha1/w_counter/s00_axi_aresetn_0                                         |                2 |              8 |         4.00 |
|  design_1_i/processing_system7_0/inst/FCLK_CLK0                                                                        | design_1_i/ps7_0_axi_periph/s00_couplers/auto_pc/inst/gen_axilite.gen_b2s_conv.axilite_b2s/RD.ar_channel_0/ar_cmd_fsm_0/E[0]                                   |                                                                                                                                                       |                4 |              8 |         2.00 |
|  design_1_i/processing_system7_0/inst/FCLK_CLK0                                                                        | design_1_i/ps7_0_axi_periph/s00_couplers/auto_pc/inst/gen_axilite.gen_b2s_conv.axilite_b2s/RD.ar_channel_0/ar_cmd_fsm_0/sel_first_reg[0]                       |                                                                                                                                                       |                2 |              8 |         4.00 |
|  design_1_i/processing_system7_0/inst/FCLK_CLK0                                                                        | design_1_i/sha256d_axi_ip_0/U0/sha256d_axi_ip_v1_0_S00_AXI_inst/slv_reg3[23]_i_1_n_0                                                                           | design_1_i/sha256d_axi_ip_0/U0/sha256d_axi_ip_v1_0_S00_AXI_inst/sha256d_inst/sha1/w_counter/s00_axi_aresetn_0                                         |                4 |              8 |         2.00 |
|  design_1_i/processing_system7_0/inst/FCLK_CLK0                                                                        | design_1_i/sha256d_axi_ip_0/U0/sha256d_axi_ip_v1_0_S00_AXI_inst/slv_reg5[7]_i_1_n_0                                                                            | design_1_i/sha256d_axi_ip_0/U0/sha256d_axi_ip_v1_0_S00_AXI_inst/sha256d_inst/sha1/w_counter/s00_axi_aresetn_0                                         |                2 |              8 |         4.00 |
|  design_1_i/processing_system7_0/inst/FCLK_CLK0                                                                        | design_1_i/sha256d_axi_ip_0/U0/sha256d_axi_ip_v1_0_S00_AXI_inst/slv_reg19[15]_i_1_n_0                                                                          | design_1_i/sha256d_axi_ip_0/U0/sha256d_axi_ip_v1_0_S00_AXI_inst/sha256d_inst/sha1/w_counter/s00_axi_aresetn_0                                         |                3 |              8 |         2.67 |
|  design_1_i/processing_system7_0/inst/FCLK_CLK0                                                                        | design_1_i/sha256d_axi_ip_0/U0/sha256d_axi_ip_v1_0_S00_AXI_inst/slv_reg3[7]_i_1_n_0                                                                            | design_1_i/sha256d_axi_ip_0/U0/sha256d_axi_ip_v1_0_S00_AXI_inst/sha256d_inst/sha1/w_counter/s00_axi_aresetn_0                                         |                2 |              8 |         4.00 |
|  design_1_i/processing_system7_0/inst/FCLK_CLK0                                                                        |                                                                                                                                                                | design_1_i/ps7_0_axi_periph/s00_couplers/auto_pc/inst/gen_axilite.gen_b2s_conv.axilite_b2s/areset_d1                                                  |                5 |             10 |         2.00 |
|  design_1_i/processing_system7_0/inst/FCLK_CLK0                                                                        | design_1_i/ps7_0_axi_periph/s00_couplers/auto_pc/inst/gen_axilite.gen_b2s_conv.axilite_b2s/RD.r_channel_0/r_push_r                                             |                                                                                                                                                       |                4 |             13 |         3.25 |
|  design_1_i/processing_system7_0/inst/FCLK_CLK0                                                                        | design_1_i/ps7_0_axi_periph/s00_couplers/auto_pc/inst/gen_axilite.gen_b2s_conv.axilite_b2s/SI_REG/b.b_pipe/p_1_in                                              |                                                                                                                                                       |                2 |             14 |         7.00 |
|  design_1_i/processing_system7_0/inst/FCLK_CLK0                                                                        | design_1_i/sha256d_axi_ip_0/U0/sha256d_axi_ip_v1_0_S00_AXI_inst/sha256d_inst/sha1/w_counter/the_count[6]_i_1_n_0                                               | design_1_i/sha256d_axi_ip_0/U0/sha256d_axi_ip_v1_0_S00_AXI_inst/sha256d_inst/sha1/w_counter/s00_axi_aresetn_0                                         |                8 |             14 |         1.75 |
|  design_1_i/processing_system7_0/inst/FCLK_CLK0                                                                        | design_1_i/ps7_0_axi_periph/s00_couplers/auto_pc/inst/gen_axilite.gen_b2s_conv.axilite_b2s/SI_REG/b.b_pipe/s_ready_i_reg_0                                     |                                                                                                                                                       |                2 |             14 |         7.00 |
|  design_1_i/processing_system7_0/inst/FCLK_CLK0                                                                        | design_1_i/ps7_0_axi_periph/s00_couplers/auto_pc/inst/gen_axilite.gen_b2s_conv.axilite_b2s/WR.aw_channel_0/aw_cmd_fsm_0/m_axi_awready_0                        |                                                                                                                                                       |                3 |             16 |         5.33 |
|  design_1_i/processing_system7_0/inst/FCLK_CLK0                                                                        | design_1_i/ps7_0_axi_periph/s00_couplers/auto_pc/inst/gen_axilite.gen_b2s_conv.axilite_b2s/RD.ar_channel_0/ar_cmd_fsm_0/m_axi_arready_2                        |                                                                                                                                                       |                5 |             17 |         3.40 |
|  design_1_i/processing_system7_0/inst/FCLK_CLK0                                                                        | design_1_i/ps7_0_axi_periph/s00_couplers/auto_pc/inst/gen_axilite.gen_b2s_conv.axilite_b2s/WR.aw_channel_0/aw_cmd_fsm_0/FSM_sequential_state_reg[0]_1          |                                                                                                                                                       |                9 |             20 |         2.22 |
|  design_1_i/processing_system7_0/inst/FCLK_CLK0                                                                        | design_1_i/ps7_0_axi_periph/s00_couplers/auto_pc/inst/gen_axilite.gen_b2s_conv.axilite_b2s/WR.aw_channel_0/aw_cmd_fsm_0/E[0]                                   |                                                                                                                                                       |                6 |             28 |         4.67 |
|  design_1_i/processing_system7_0/inst/FCLK_CLK0                                                                        | design_1_i/ps7_0_axi_periph/s00_couplers/auto_pc/inst/gen_axilite.gen_b2s_conv.axilite_b2s/SI_REG/ar.ar_pipe/s_ready_i_reg_0                                   |                                                                                                                                                       |                5 |             28 |         5.60 |
|  design_1_i/processing_system7_0/inst/FCLK_CLK0                                                                        | design_1_i/ps7_0_axi_periph/s00_couplers/auto_pc/inst/gen_axilite.gen_b2s_conv.axilite_b2s/SI_REG/aw.aw_pipe/s_ready_i_reg_0                                   |                                                                                                                                                       |                5 |             28 |         5.60 |
|  design_1_i/processing_system7_0/inst/FCLK_CLK0                                                                        |                                                                                                                                                                | design_1_i/sha256d_axi_ip_0/U0/sha256d_axi_ip_v1_0_S00_AXI_inst/sha256d_inst/sha1/w_counter/s00_axi_aresetn_0                                         |               13 |             28 |         2.15 |
|  design_1_i/processing_system7_0/inst/FCLK_CLK0                                                                        | design_1_i/ps7_0_axi_periph/s00_couplers/auto_pc/inst/gen_axilite.gen_b2s_conv.axilite_b2s/RD.ar_channel_0/ar_cmd_fsm_0/m_valid_i_reg[0]                       |                                                                                                                                                       |                4 |             28 |         7.00 |
|  design_1_i/processing_system7_0/inst/FCLK_CLK0                                                                        | design_1_i/sha256d_axi_ip_0/U0/sha256d_axi_ip_v1_0_S00_AXI_inst/axi_rvalid05_out                                                                               | design_1_i/sha256d_axi_ip_0/U0/sha256d_axi_ip_v1_0_S00_AXI_inst/sha256d_inst/sha1/w_counter/s00_axi_aresetn_0                                         |               13 |             32 |         2.46 |
|  design_1_i/processing_system7_0/inst/FCLK_CLK0                                                                        | design_1_i/ps7_0_axi_periph/s00_couplers/auto_pc/inst/gen_axilite.gen_b2s_conv.axilite_b2s/RD.r_channel_0/rd_data_fifo_0/wr_en0                                |                                                                                                                                                       |                9 |             32 |         3.56 |
|  design_1_i/processing_system7_0/inst/FCLK_CLK0                                                                        | design_1_i/ps7_0_axi_periph/s00_couplers/auto_pc/inst/gen_axilite.gen_b2s_conv.axilite_b2s/SI_REG/r.r_pipe/p_1_in                                              |                                                                                                                                                       |                9 |             45 |         5.00 |
|  design_1_i/processing_system7_0/inst/FCLK_CLK0                                                                        | design_1_i/ps7_0_axi_periph/s00_couplers/auto_pc/inst/gen_axilite.gen_b2s_conv.axilite_b2s/SI_REG/r.r_pipe/s_ready_i_reg_0                                     |                                                                                                                                                       |               10 |             45 |         4.50 |
|  design_1_i/processing_system7_0/inst/FCLK_CLK0                                                                        | design_1_i/sha256d_axi_ip_0/U0/sha256d_axi_ip_v1_0_S00_AXI_inst/sha256d_inst/sha2/T2                                                                           |                                                                                                                                                       |               16 |             64 |         4.00 |
|  design_1_i/processing_system7_0/inst/FCLK_CLK0                                                                        | design_1_i/sha256d_axi_ip_0/U0/sha256d_axi_ip_v1_0_S00_AXI_inst/sha256d_inst/sha1/T2                                                                           |                                                                                                                                                       |               16 |             64 |         4.00 |
|  design_1_i/processing_system7_0/inst/FCLK_CLK0                                                                        | design_1_i/sha256d_axi_ip_0/U0/sha256d_axi_ip_v1_0_S00_AXI_inst/sha256d_inst/sha2/w_counter/E[0]                                                               |                                                                                                                                                       |               16 |             64 |         4.00 |
|  design_1_i/processing_system7_0/inst/FCLK_CLK0                                                                        | design_1_i/sha256d_axi_ip_0/U0/sha256d_axi_ip_v1_0_S00_AXI_inst/sha256d_inst/sha1/w_counter/E[0]                                                               |                                                                                                                                                       |               21 |             64 |         3.05 |
|  design_1_i/processing_system7_0/inst/FCLK_CLK0                                                                        |                                                                                                                                                                |                                                                                                                                                       |               35 |            110 |         3.14 |
|  design_1_i/processing_system7_0/inst/FCLK_CLK0                                                                        | design_1_i/sha256d_axi_ip_0/U0/sha256d_axi_ip_v1_0_S00_AXI_inst/sha256d_inst/sha2/p_0_in__2                                                                    |                                                                                                                                                       |               55 |            220 |         4.00 |
|  design_1_i/processing_system7_0/inst/FCLK_CLK0                                                                        | design_1_i/sha256d_axi_ip_0/U0/sha256d_axi_ip_v1_0_S00_AXI_inst/sha256d_inst/sha1/p_0_in__0                                                                    |                                                                                                                                                       |               55 |            220 |         4.00 |
|  design_1_i/processing_system7_0/inst/FCLK_CLK0                                                                        | design_1_i/sha256d_axi_ip_0/U0/sha256d_axi_ip_v1_0_S00_AXI_inst/sha256d_inst/sha2/words[0]_42                                                                  |                                                                                                                                                       |               48 |            256 |         5.33 |
|  design_1_i/processing_system7_0/inst/FCLK_CLK0                                                                        | design_1_i/sha256d_axi_ip_0/U0/sha256d_axi_ip_v1_0_S00_AXI_inst/sha256d_inst/sha1/words[0]_24                                                                  |                                                                                                                                                       |               54 |            256 |         4.74 |
|  design_1_i/processing_system7_0/inst/FCLK_CLK0                                                                        | design_1_i/sha256d_axi_ip_0/U0/sha256d_axi_ip_v1_0_S00_AXI_inst/sha256d_inst/sha1/hv[0][0]_i_2_n_0                                                             | design_1_i/sha256d_axi_ip_0/U0/sha256d_axi_ip_v1_0_S00_AXI_inst/sha256d_inst/sha1/message_block_counter/hv[0]_23                                      |               64 |            256 |         4.00 |
|  design_1_i/sha256d_axi_ip_0/U0/sha256d_axi_ip_v1_0_S00_AXI_inst/sha256d_inst/sha2/output_reg[255]_i_1__0_n_0_BUFG     |                                                                                                                                                                |                                                                                                                                                       |               91 |            256 |         2.81 |
|  design_1_i/processing_system7_0/inst/FCLK_CLK0                                                                        | design_1_i/sha256d_axi_ip_0/U0/sha256d_axi_ip_v1_0_S00_AXI_inst/sha256d_inst/sha2/message_block_counter/message_block_counter_enable                           | design_1_i/sha256d_axi_ip_0/U0/sha256d_axi_ip_v1_0_S00_AXI_inst/sha256d_inst/sha2/message_block_counter/hv[0]_41                                      |               64 |            256 |         4.00 |
|  design_1_i/sha256d_axi_ip_0/U0/sha256d_axi_ip_v1_0_S00_AXI_inst/sha256d_inst/sha1/E_BUFG[0]                           |                                                                                                                                                                |                                                                                                                                                       |               79 |            256 |         3.24 |
|  design_1_i/sha256d_axi_ip_0/U0/sha256d_axi_ip_v1_0_S00_AXI_inst/sha256d_inst/FSM_onehot_currentstate_reg[6]_0_BUFG[0] |                                                                                                                                                                |                                                                                                                                                       |               98 |            256 |         2.61 |
+------------------------------------------------------------------------------------------------------------------------+----------------------------------------------------------------------------------------------------------------------------------------------------------------+-------------------------------------------------------------------------------------------------------------------------------------------------------+------------------+----------------+--------------+


