Copyright 1986-2020 Xilinx, Inc. All Rights Reserved.
--------------------------------------------------------------------------------------------------------------------------------------------------------------------------------------
| Tool Version : Vivado v.2020.2 (win64) Build 3064766 Wed Nov 18 09:12:45 MST 2020
| Date         : Sun Sep 12 23:11:10 2021
| Host         : LAPTOP-S28JR86F running 64-bit major release  (build 9200)
| Command      : report_methodology -file design_1_wrapper_methodology_drc_routed.rpt -pb design_1_wrapper_methodology_drc_routed.pb -rpx design_1_wrapper_methodology_drc_routed.rpx
| Design       : design_1_wrapper
| Device       : xc7z020clg484-1
| Speed File   : -1
| Design State : Fully Routed
--------------------------------------------------------------------------------------------------------------------------------------------------------------------------------------

Report Methodology

Table of Contents
-----------------
1. REPORT SUMMARY
2. REPORT DETAILS

1. REPORT SUMMARY
-----------------
            Netlist: netlist
          Floorplan: design_1
      Design limits: <entire design considered>
             Max violations: <unlimited>
             Violations found: 24
+-----------+----------+-------------------------------+------------+
| Rule      | Severity | Description                   | Violations |
+-----------+----------+-------------------------------+------------+
| DPIR-1    | Warning  | Asynchronous driver check     | 16         |
| TIMING-18 | Warning  | Missing input or output delay | 8          |
+-----------+----------+-------------------------------+------------+

2. REPORT DETAILS
-----------------
DPIR-1#1 Warning
Asynchronous driver check  
DSP design_1_i/multi_sha256d_axi_ip_0/U0/multi_sha256d_axi_ip_intr_v1_0_S00_AXI_inst/multi_sha256d_inst/multOp input pin design_1_i/multi_sha256d_axi_ip_0/U0/multi_sha256d_axi_ip_intr_v1_0_S00_AXI_inst/multi_sha256d_inst/multOp/A[0] is connected to registers with an asynchronous reset. This is preventing the possibility of merging these registers in to the DSP Block since the DSP block registers only possess synchronous reset capability.  It is suggested to recode or change these registers to remove the reset or use a synchronous reset to get the best optimization for performance, power and area.
Related violations: <none>

DPIR-1#2 Warning
Asynchronous driver check  
DSP design_1_i/multi_sha256d_axi_ip_0/U0/multi_sha256d_axi_ip_intr_v1_0_S00_AXI_inst/multi_sha256d_inst/multOp input pin design_1_i/multi_sha256d_axi_ip_0/U0/multi_sha256d_axi_ip_intr_v1_0_S00_AXI_inst/multi_sha256d_inst/multOp/A[10] is connected to registers with an asynchronous reset. This is preventing the possibility of merging these registers in to the DSP Block since the DSP block registers only possess synchronous reset capability.  It is suggested to recode or change these registers to remove the reset or use a synchronous reset to get the best optimization for performance, power and area.
Related violations: <none>

DPIR-1#3 Warning
Asynchronous driver check  
DSP design_1_i/multi_sha256d_axi_ip_0/U0/multi_sha256d_axi_ip_intr_v1_0_S00_AXI_inst/multi_sha256d_inst/multOp input pin design_1_i/multi_sha256d_axi_ip_0/U0/multi_sha256d_axi_ip_intr_v1_0_S00_AXI_inst/multi_sha256d_inst/multOp/A[11] is connected to registers with an asynchronous reset. This is preventing the possibility of merging these registers in to the DSP Block since the DSP block registers only possess synchronous reset capability.  It is suggested to recode or change these registers to remove the reset or use a synchronous reset to get the best optimization for performance, power and area.
Related violations: <none>

DPIR-1#4 Warning
Asynchronous driver check  
DSP design_1_i/multi_sha256d_axi_ip_0/U0/multi_sha256d_axi_ip_intr_v1_0_S00_AXI_inst/multi_sha256d_inst/multOp input pin design_1_i/multi_sha256d_axi_ip_0/U0/multi_sha256d_axi_ip_intr_v1_0_S00_AXI_inst/multi_sha256d_inst/multOp/A[12] is connected to registers with an asynchronous reset. This is preventing the possibility of merging these registers in to the DSP Block since the DSP block registers only possess synchronous reset capability.  It is suggested to recode or change these registers to remove the reset or use a synchronous reset to get the best optimization for performance, power and area.
Related violations: <none>

DPIR-1#5 Warning
Asynchronous driver check  
DSP design_1_i/multi_sha256d_axi_ip_0/U0/multi_sha256d_axi_ip_intr_v1_0_S00_AXI_inst/multi_sha256d_inst/multOp input pin design_1_i/multi_sha256d_axi_ip_0/U0/multi_sha256d_axi_ip_intr_v1_0_S00_AXI_inst/multi_sha256d_inst/multOp/A[13] is connected to registers with an asynchronous reset. This is preventing the possibility of merging these registers in to the DSP Block since the DSP block registers only possess synchronous reset capability.  It is suggested to recode or change these registers to remove the reset or use a synchronous reset to get the best optimization for performance, power and area.
Related violations: <none>

DPIR-1#6 Warning
Asynchronous driver check  
DSP design_1_i/multi_sha256d_axi_ip_0/U0/multi_sha256d_axi_ip_intr_v1_0_S00_AXI_inst/multi_sha256d_inst/multOp input pin design_1_i/multi_sha256d_axi_ip_0/U0/multi_sha256d_axi_ip_intr_v1_0_S00_AXI_inst/multi_sha256d_inst/multOp/A[14] is connected to registers with an asynchronous reset. This is preventing the possibility of merging these registers in to the DSP Block since the DSP block registers only possess synchronous reset capability.  It is suggested to recode or change these registers to remove the reset or use a synchronous reset to get the best optimization for performance, power and area.
Related violations: <none>

DPIR-1#7 Warning
Asynchronous driver check  
DSP design_1_i/multi_sha256d_axi_ip_0/U0/multi_sha256d_axi_ip_intr_v1_0_S00_AXI_inst/multi_sha256d_inst/multOp input pin design_1_i/multi_sha256d_axi_ip_0/U0/multi_sha256d_axi_ip_intr_v1_0_S00_AXI_inst/multi_sha256d_inst/multOp/A[15] is connected to registers with an asynchronous reset. This is preventing the possibility of merging these registers in to the DSP Block since the DSP block registers only possess synchronous reset capability.  It is suggested to recode or change these registers to remove the reset or use a synchronous reset to get the best optimization for performance, power and area.
Related violations: <none>

DPIR-1#8 Warning
Asynchronous driver check  
DSP design_1_i/multi_sha256d_axi_ip_0/U0/multi_sha256d_axi_ip_intr_v1_0_S00_AXI_inst/multi_sha256d_inst/multOp input pin design_1_i/multi_sha256d_axi_ip_0/U0/multi_sha256d_axi_ip_intr_v1_0_S00_AXI_inst/multi_sha256d_inst/multOp/A[1] is connected to registers with an asynchronous reset. This is preventing the possibility of merging these registers in to the DSP Block since the DSP block registers only possess synchronous reset capability.  It is suggested to recode or change these registers to remove the reset or use a synchronous reset to get the best optimization for performance, power and area.
Related violations: <none>

DPIR-1#9 Warning
Asynchronous driver check  
DSP design_1_i/multi_sha256d_axi_ip_0/U0/multi_sha256d_axi_ip_intr_v1_0_S00_AXI_inst/multi_sha256d_inst/multOp input pin design_1_i/multi_sha256d_axi_ip_0/U0/multi_sha256d_axi_ip_intr_v1_0_S00_AXI_inst/multi_sha256d_inst/multOp/A[2] is connected to registers with an asynchronous reset. This is preventing the possibility of merging these registers in to the DSP Block since the DSP block registers only possess synchronous reset capability.  It is suggested to recode or change these registers to remove the reset or use a synchronous reset to get the best optimization for performance, power and area.
Related violations: <none>

DPIR-1#10 Warning
Asynchronous driver check  
DSP design_1_i/multi_sha256d_axi_ip_0/U0/multi_sha256d_axi_ip_intr_v1_0_S00_AXI_inst/multi_sha256d_inst/multOp input pin design_1_i/multi_sha256d_axi_ip_0/U0/multi_sha256d_axi_ip_intr_v1_0_S00_AXI_inst/multi_sha256d_inst/multOp/A[3] is connected to registers with an asynchronous reset. This is preventing the possibility of merging these registers in to the DSP Block since the DSP block registers only possess synchronous reset capability.  It is suggested to recode or change these registers to remove the reset or use a synchronous reset to get the best optimization for performance, power and area.
Related violations: <none>

DPIR-1#11 Warning
Asynchronous driver check  
DSP design_1_i/multi_sha256d_axi_ip_0/U0/multi_sha256d_axi_ip_intr_v1_0_S00_AXI_inst/multi_sha256d_inst/multOp input pin design_1_i/multi_sha256d_axi_ip_0/U0/multi_sha256d_axi_ip_intr_v1_0_S00_AXI_inst/multi_sha256d_inst/multOp/A[4] is connected to registers with an asynchronous reset. This is preventing the possibility of merging these registers in to the DSP Block since the DSP block registers only possess synchronous reset capability.  It is suggested to recode or change these registers to remove the reset or use a synchronous reset to get the best optimization for performance, power and area.
Related violations: <none>

DPIR-1#12 Warning
Asynchronous driver check  
DSP design_1_i/multi_sha256d_axi_ip_0/U0/multi_sha256d_axi_ip_intr_v1_0_S00_AXI_inst/multi_sha256d_inst/multOp input pin design_1_i/multi_sha256d_axi_ip_0/U0/multi_sha256d_axi_ip_intr_v1_0_S00_AXI_inst/multi_sha256d_inst/multOp/A[5] is connected to registers with an asynchronous reset. This is preventing the possibility of merging these registers in to the DSP Block since the DSP block registers only possess synchronous reset capability.  It is suggested to recode or change these registers to remove the reset or use a synchronous reset to get the best optimization for performance, power and area.
Related violations: <none>

DPIR-1#13 Warning
Asynchronous driver check  
DSP design_1_i/multi_sha256d_axi_ip_0/U0/multi_sha256d_axi_ip_intr_v1_0_S00_AXI_inst/multi_sha256d_inst/multOp input pin design_1_i/multi_sha256d_axi_ip_0/U0/multi_sha256d_axi_ip_intr_v1_0_S00_AXI_inst/multi_sha256d_inst/multOp/A[6] is connected to registers with an asynchronous reset. This is preventing the possibility of merging these registers in to the DSP Block since the DSP block registers only possess synchronous reset capability.  It is suggested to recode or change these registers to remove the reset or use a synchronous reset to get the best optimization for performance, power and area.
Related violations: <none>

DPIR-1#14 Warning
Asynchronous driver check  
DSP design_1_i/multi_sha256d_axi_ip_0/U0/multi_sha256d_axi_ip_intr_v1_0_S00_AXI_inst/multi_sha256d_inst/multOp input pin design_1_i/multi_sha256d_axi_ip_0/U0/multi_sha256d_axi_ip_intr_v1_0_S00_AXI_inst/multi_sha256d_inst/multOp/A[7] is connected to registers with an asynchronous reset. This is preventing the possibility of merging these registers in to the DSP Block since the DSP block registers only possess synchronous reset capability.  It is suggested to recode or change these registers to remove the reset or use a synchronous reset to get the best optimization for performance, power and area.
Related violations: <none>

DPIR-1#15 Warning
Asynchronous driver check  
DSP design_1_i/multi_sha256d_axi_ip_0/U0/multi_sha256d_axi_ip_intr_v1_0_S00_AXI_inst/multi_sha256d_inst/multOp input pin design_1_i/multi_sha256d_axi_ip_0/U0/multi_sha256d_axi_ip_intr_v1_0_S00_AXI_inst/multi_sha256d_inst/multOp/A[8] is connected to registers with an asynchronous reset. This is preventing the possibility of merging these registers in to the DSP Block since the DSP block registers only possess synchronous reset capability.  It is suggested to recode or change these registers to remove the reset or use a synchronous reset to get the best optimization for performance, power and area.
Related violations: <none>

DPIR-1#16 Warning
Asynchronous driver check  
DSP design_1_i/multi_sha256d_axi_ip_0/U0/multi_sha256d_axi_ip_intr_v1_0_S00_AXI_inst/multi_sha256d_inst/multOp input pin design_1_i/multi_sha256d_axi_ip_0/U0/multi_sha256d_axi_ip_intr_v1_0_S00_AXI_inst/multi_sha256d_inst/multOp/A[9] is connected to registers with an asynchronous reset. This is preventing the possibility of merging these registers in to the DSP Block since the DSP block registers only possess synchronous reset capability.  It is suggested to recode or change these registers to remove the reset or use a synchronous reset to get the best optimization for performance, power and area.
Related violations: <none>

TIMING-18#1 Warning
Missing input or output delay  
An input delay is missing on poweroff_0 relative to clock(s) clk_fpga_0
Related violations: <none>

TIMING-18#2 Warning
Missing input or output delay  
An output delay is missing on OLED_DC_0 relative to clock(s) clk_fpga_0
Related violations: <none>

TIMING-18#3 Warning
Missing input or output delay  
An output delay is missing on OLED_RES_0 relative to clock(s) clk_fpga_0
Related violations: <none>

TIMING-18#4 Warning
Missing input or output delay  
An output delay is missing on OLED_SCLK_0 relative to clock(s) clk_fpga_0
Related violations: <none>

TIMING-18#5 Warning
Missing input or output delay  
An output delay is missing on OLED_SDIN_0 relative to clock(s) clk_fpga_0
Related violations: <none>

TIMING-18#6 Warning
Missing input or output delay  
An output delay is missing on OLED_VBAT_0 relative to clock(s) clk_fpga_0
Related violations: <none>

TIMING-18#7 Warning
Missing input or output delay  
An output delay is missing on OLED_VDD_0 relative to clock(s) clk_fpga_0
Related violations: <none>

TIMING-18#8 Warning
Missing input or output delay  
An output delay is missing on led_0 relative to clock(s) clk_fpga_0
Related violations: <none>


