Copyright 1986-2020 Xilinx, Inc. All Rights Reserved.
------------------------------------------------------------------------------------
| Tool Version : Vivado v.2020.2 (win64) Build 3064766 Wed Nov 18 09:12:45 MST 2020
| Date         : Mon Jul 12 21:18:48 2021
| Host         : LAPTOP-S28JR86F running 64-bit major release  (build 9200)
| Command      : report_control_sets -verbose -file IO_control_sets_placed.rpt
| Design       : IO
| Device       : xc7z020
------------------------------------------------------------------------------------

Control Set Information

Table of Contents
-----------------
1. Summary
2. Histogram
3. Flip-Flop Distribution
4. Detailed Control Set Information

1. Summary
----------

+----------------------------------------------------------+-------+
|                          Status                          | Count |
+----------------------------------------------------------+-------+
| Total control sets                                       |   144 |
|    Minimum number of control sets                        |   144 |
|    Addition due to synthesis replication                 |     0 |
|    Addition due to physical synthesis replication        |     0 |
| Unused register locations in slices containing registers |    30 |
+----------------------------------------------------------+-------+
* Control sets can be merged at opt_design using control_set_merge or merge_equivalent_drivers
** Run report_qor_suggestions for automated merging and remapping suggestions


2. Histogram
------------

+--------------------+-------+
|       Fanout       | Count |
+--------------------+-------+
| Total control sets |   144 |
| >= 0 to < 4        |     0 |
| >= 4 to < 6        |     0 |
| >= 6 to < 8        |     0 |
| >= 8 to < 10       |     2 |
| >= 10 to < 12      |     0 |
| >= 12 to < 14      |     0 |
| >= 14 to < 16      |     1 |
| >= 16              |   141 |
+--------------------+-------+
* Control sets can be remapped at either synth_design or opt_design


3. Flip-Flop Distribution
-------------------------

+--------------+-----------------------+------------------------+-----------------+--------------+
| Clock Enable | Synchronous Set/Reset | Asynchronous Set/Reset | Total Registers | Total Slices |
+--------------+-----------------------+------------------------+-----------------+--------------+
| No           | No                    | No                     |              41 |           21 |
| No           | No                    | Yes                    |               0 |            0 |
| No           | Yes                   | No                     |               0 |            0 |
| Yes          | No                    | No                     |            4644 |         2018 |
| Yes          | No                    | Yes                    |               0 |            0 |
| Yes          | Yes                   | No                     |            1269 |          447 |
+--------------+-----------------------+------------------------+-----------------+--------------+


4. Detailed Control Set Information
-----------------------------------

+-----------------+-------------------------------------------------------------------+--------------------------------------------------------------+------------------+----------------+--------------+
|   Clock Signal  |                           Enable Signal                           |                       Set/Reset Signal                       | Slice Load Count | Bel Load Count | Bels / Slice |
+-----------------+-------------------------------------------------------------------+--------------------------------------------------------------+------------------+----------------+--------------+
|  GCLK_IBUF_BUFG | sha256d/sha1/w_counter/FSM_onehot_currentstate_reg[2]_rep__0_15   |                                                              |                3 |              8 |         2.67 |
|  GCLK_IBUF_BUFG | sha256d/sha2/E[0]                                                 |                                                              |                3 |              8 |         2.67 |
|  GCLK_IBUF_BUFG | sha256d/sha1/message_block_counter/FSM_onehot_currentstate_reg[1] |                                                              |                8 |             14 |         1.75 |
|  GCLK_IBUF_BUFG | sha256d/sha1/hash_round_counter/the_count[6]_i_1_n_0              |                                                              |               13 |             18 |         1.38 |
|  GCLK_IBUF_BUFG | sha256d/sha2/hash_round_counter/the_count[6]_i_1__2_n_0           |                                                              |               14 |             19 |         1.36 |
|  GCLK_IBUF_BUFG | sha256d/sha1/w_counter/FSM_onehot_currentstate_reg[2]_rep__0_15   | sha256d/sha1/W[0][31]_i_1__0_n_0                             |                6 |             24 |         4.00 |
|  GCLK_IBUF_BUFG | sha256d/sha1/w_counter/FSM_onehot_currentstate_reg[2]_rep__0      | sha256d/sha1/w_counter/FSM_onehot_currentstate_reg[3]_47     |               16 |             31 |         1.94 |
|  GCLK_IBUF_BUFG | sha256d/sha2/w_counter/FSM_onehot_currentstate_reg[2]_rep__0_0    | sha256d/sha2/w_counter/FSM_onehot_currentstate_reg[3]_rep__0 |               14 |             31 |         2.21 |
|  GCLK_IBUF_BUFG | sha256d/sha2/w_counter/FSM_onehot_currentstate_reg[2]_rep__0      | sha256d/sha2/w_counter/FSM_onehot_currentstate_reg[3]_47     |               18 |             31 |         1.72 |
|  GCLK_IBUF_BUFG | sha256d/sha1/w_counter/E[0]                                       |                                                              |               14 |             32 |         2.29 |
|  GCLK_IBUF_BUFG | sha256d/sha1/w_counter/FSM_onehot_currentstate_reg[3]_0[0]        |                                                              |               13 |             32 |         2.46 |
|  GCLK_IBUF_BUFG | sha256d/sha1/w_counter/FSM_onehot_currentstate_reg[3]_13[0]       |                                                              |               16 |             32 |         2.00 |
|  GCLK_IBUF_BUFG | sha256d/sha1/w_counter/FSM_onehot_currentstate_reg[3]_11[0]       |                                                              |               16 |             32 |         2.00 |
|  GCLK_IBUF_BUFG | sha256d/sha1/w_counter/FSM_onehot_currentstate_reg[3]_14[0]       |                                                              |               15 |             32 |         2.13 |
|  GCLK_IBUF_BUFG | sha256d/sha1/w_counter/FSM_onehot_currentstate_reg[3]_18[0]       |                                                              |               16 |             32 |         2.00 |
|  GCLK_IBUF_BUFG | sha256d/sha1/w_counter/FSM_onehot_currentstate_reg[3]_39[0]       |                                                              |               13 |             32 |         2.46 |
|  GCLK_IBUF_BUFG | sha256d/sha1/w_counter/FSM_onehot_currentstate_reg[3]_20[0]       |                                                              |               11 |             32 |         2.91 |
|  GCLK_IBUF_BUFG | sha256d/sha1/w_counter/FSM_onehot_currentstate_reg[3]_29[0]       |                                                              |               14 |             32 |         2.29 |
|  GCLK_IBUF_BUFG | sha256d/sha1/w_counter/FSM_onehot_currentstate_reg[3]_26[0]       |                                                              |               16 |             32 |         2.00 |
|  GCLK_IBUF_BUFG | sha256d/sha1/w_counter/FSM_onehot_currentstate_reg[3]_32[0]       |                                                              |               17 |             32 |         1.88 |
|  GCLK_IBUF_BUFG | sha256d/sha1/w_counter/FSM_onehot_currentstate_reg[3]_25[0]       |                                                              |               16 |             32 |         2.00 |
|  GCLK_IBUF_BUFG | sha256d/sha1/w_counter/FSM_onehot_currentstate_reg[3]_33[0]       |                                                              |               15 |             32 |         2.13 |
|  GCLK_IBUF_BUFG | sha256d/sha1/w_counter/FSM_onehot_currentstate_reg[3]_28[0]       |                                                              |               16 |             32 |         2.00 |
|  GCLK_IBUF_BUFG | sha256d/sha1/w_counter/FSM_onehot_currentstate_reg[3]_37[0]       |                                                              |               15 |             32 |         2.13 |
|  GCLK_IBUF_BUFG | sha256d/sha1/w_counter/FSM_onehot_currentstate_reg[3]_16[0]       |                                                              |               16 |             32 |         2.00 |
|  GCLK_IBUF_BUFG | sha256d/sha1/w_counter/FSM_onehot_currentstate_reg[3]_3[0]        |                                                              |               18 |             32 |         1.78 |
|  GCLK_IBUF_BUFG | sha256d/sha1/w_counter/FSM_onehot_currentstate_reg[3]_2[0]        |                                                              |               14 |             32 |         2.29 |
|  GCLK_IBUF_BUFG | sha256d/sha1/w_counter/FSM_onehot_currentstate_reg[3]_42[0]       |                                                              |               11 |             32 |         2.91 |
|  GCLK_IBUF_BUFG | sha256d/sha1/w_counter/FSM_onehot_currentstate_reg[3]_8[0]        |                                                              |               14 |             32 |         2.29 |
|  GCLK_IBUF_BUFG | sha256d/sha1/w_counter/FSM_onehot_currentstate_reg[3]_31[0]       |                                                              |               13 |             32 |         2.46 |
|  GCLK_IBUF_BUFG | sha256d/sha1/w_counter/FSM_onehot_currentstate_reg[3]_9[0]        |                                                              |               19 |             32 |         1.68 |
|  GCLK_IBUF_BUFG | sha256d/sha1/w_counter/FSM_onehot_currentstate_reg[3]_21[0]       |                                                              |               17 |             32 |         1.88 |
|  GCLK_IBUF_BUFG | sha256d/sha1/w_counter/FSM_onehot_currentstate_reg[3]_17[0]       |                                                              |               12 |             32 |         2.67 |
|  GCLK_IBUF_BUFG | sha256d/sha1/w_counter/FSM_onehot_currentstate_reg[3]_41[0]       |                                                              |               15 |             32 |         2.13 |
|  GCLK_IBUF_BUFG | sha256d/sha1/w_counter/FSM_onehot_currentstate_reg[3]_27[0]       |                                                              |               14 |             32 |         2.29 |
|  GCLK_IBUF_BUFG | sha256d/sha1/w_counter/FSM_onehot_currentstate_reg[3]_23[0]       |                                                              |               17 |             32 |         1.88 |
|  GCLK_IBUF_BUFG | sha256d/sha1/w_counter/FSM_onehot_currentstate_reg[3]_43[0]       |                                                              |               14 |             32 |         2.29 |
|  GCLK_IBUF_BUFG | sha256d/sha1/w_counter/FSM_onehot_currentstate_reg[3]_1[0]        |                                                              |               14 |             32 |         2.29 |
|  GCLK_IBUF_BUFG | sha256d/sha1/w_counter/FSM_onehot_currentstate_reg[3]_24[0]       |                                                              |               16 |             32 |         2.00 |
|  GCLK_IBUF_BUFG | sha256d/sha1/w_counter/FSM_onehot_currentstate_reg[3]_19[0]       |                                                              |               15 |             32 |         2.13 |
|  GCLK_IBUF_BUFG | sha256d/sha1/w_counter/FSM_onehot_currentstate_reg[3]_35[0]       |                                                              |               15 |             32 |         2.13 |
|  GCLK_IBUF_BUFG | sha256d/sha1/w_counter/FSM_onehot_currentstate_reg[3]_5[0]        |                                                              |               17 |             32 |         1.88 |
|  GCLK_IBUF_BUFG | sha256d/sha1/w_counter/FSM_onehot_currentstate_reg[3]_7[0]        |                                                              |               18 |             32 |         1.78 |
|  GCLK_IBUF_BUFG | sha256d/sha1/w_counter/FSM_onehot_currentstate_reg[3]_15[0]       |                                                              |               14 |             32 |         2.29 |
|  GCLK_IBUF_BUFG | sha256d/sha1/w_counter/FSM_onehot_currentstate_reg[3]_30[0]       |                                                              |               15 |             32 |         2.13 |
|  GCLK_IBUF_BUFG | sha256d/sha1/w_counter/FSM_onehot_currentstate_reg[3]_10[0]       |                                                              |               17 |             32 |         1.88 |
|  GCLK_IBUF_BUFG | sha256d/sha1/w_counter/FSM_onehot_currentstate_reg[3]_22[0]       |                                                              |               18 |             32 |         1.78 |
|  GCLK_IBUF_BUFG | sha256d/sha1/w_counter/FSM_onehot_currentstate_reg[3]_36[0]       |                                                              |               11 |             32 |         2.91 |
|  GCLK_IBUF_BUFG | sha256d/sha1/w_counter/FSM_onehot_currentstate_reg[3]_4[0]        |                                                              |               15 |             32 |         2.13 |
|  GCLK_IBUF_BUFG | sha256d/sha1/w_counter/FSM_onehot_currentstate_reg[3]_40[0]       |                                                              |               14 |             32 |         2.29 |
|  GCLK_IBUF_BUFG | sha256d/sha1/w_counter/FSM_onehot_currentstate_reg[3]_6[0]        |                                                              |               18 |             32 |         1.78 |
|  GCLK_IBUF_BUFG | sha256d/sha1/w_counter/FSM_onehot_currentstate_reg[3]_34[0]       |                                                              |               14 |             32 |         2.29 |
|  GCLK_IBUF_BUFG | sha256d/sha1/w_counter/FSM_onehot_currentstate_reg[3]_45[0]       |                                                              |               16 |             32 |         2.00 |
|  GCLK_IBUF_BUFG | sha256d/sha1/w_counter/FSM_onehot_currentstate_reg[3]_38[0]       |                                                              |               16 |             32 |         2.00 |
|  GCLK_IBUF_BUFG | sha256d/sha1/w_counter/FSM_onehot_currentstate_reg[3]_44[0]       |                                                              |               15 |             32 |         2.13 |
|  GCLK_IBUF_BUFG | sha256d/sha2/w_counter/FSM_onehot_currentstate_reg[3]_11[0]       |                                                              |               14 |             32 |         2.29 |
|  GCLK_IBUF_BUFG | sha256d/sha2/w_counter/FSM_onehot_currentstate_reg[3]_14[0]       |                                                              |               11 |             32 |         2.91 |
|  GCLK_IBUF_BUFG | sha256d/sha2/w_counter/FSM_onehot_currentstate_reg[3]_15[0]       |                                                              |               15 |             32 |         2.13 |
|  GCLK_IBUF_BUFG | sha256d/sha2/w_counter/FSM_onehot_currentstate_reg[2]_rep__0_2[0] |                                                              |               14 |             32 |         2.29 |
|  GCLK_IBUF_BUFG | sha256d/sha2/w_counter/E[0]                                       |                                                              |               14 |             32 |         2.29 |
|  GCLK_IBUF_BUFG | sha256d/sha2/w_counter/FSM_onehot_currentstate_reg[2]_rep__1_0[0] |                                                              |               14 |             32 |         2.29 |
|  GCLK_IBUF_BUFG | sha256d/sha2/w_counter/FSM_onehot_currentstate_reg[2]_rep__1[0]   |                                                              |               15 |             32 |         2.13 |
|  GCLK_IBUF_BUFG | sha256d/sha2/w_counter/FSM_onehot_currentstate_reg[2]_rep__1_1[0] |                                                              |               15 |             32 |         2.13 |
|  GCLK_IBUF_BUFG | sha256d/sha2/w_counter/FSM_onehot_currentstate_reg[2]_rep__2_1[0] |                                                              |               17 |             32 |         1.88 |
|  GCLK_IBUF_BUFG | sha256d/sha2/w_counter/FSM_onehot_currentstate_reg[2]_rep__2[0]   |                                                              |               16 |             32 |         2.00 |
|  GCLK_IBUF_BUFG | sha256d/sha2/w_counter/FSM_onehot_currentstate_reg[3][0]          |                                                              |               16 |             32 |         2.00 |
|  GCLK_IBUF_BUFG | sha256d/sha2/w_counter/FSM_onehot_currentstate_reg[3]_12[0]       |                                                              |               14 |             32 |         2.29 |
|  GCLK_IBUF_BUFG | sha256d/sha2/w_counter/FSM_onehot_currentstate_reg[3]_13[0]       |                                                              |               13 |             32 |         2.46 |
|  GCLK_IBUF_BUFG | sha256d/sha2/w_counter/FSM_onehot_currentstate_reg[2]_rep__0_9[0] |                                                              |               14 |             32 |         2.29 |
|  GCLK_IBUF_BUFG | sha256d/sha2/w_counter/FSM_onehot_currentstate_reg[2]_rep__2_0[0] |                                                              |               16 |             32 |         2.00 |
|  GCLK_IBUF_BUFG | sha256d/sha2/w_counter/FSM_onehot_currentstate_reg[3]_0[0]        |                                                              |               16 |             32 |         2.00 |
|  GCLK_IBUF_BUFG | sha256d/sha2/w_counter/FSM_onehot_currentstate_reg[3]_1[0]        |                                                              |               15 |             32 |         2.13 |
|  GCLK_IBUF_BUFG | sha256d/sha2/w_counter/FSM_onehot_currentstate_reg[3]_10[0]       |                                                              |               14 |             32 |         2.29 |
|  GCLK_IBUF_BUFG | sha256d/sha2/w_counter/FSM_onehot_currentstate_reg[3]_44[0]       |                                                              |               15 |             32 |         2.13 |
|  GCLK_IBUF_BUFG | sha256d/sha2/w_counter/FSM_onehot_currentstate_reg[3]_31[0]       |                                                              |               13 |             32 |         2.46 |
|  GCLK_IBUF_BUFG | sha256d/sha2/w_counter/FSM_onehot_currentstate_reg[3]_32[0]       |                                                              |               13 |             32 |         2.46 |
|  GCLK_IBUF_BUFG | sha256d/sha2/w_counter/FSM_onehot_currentstate_reg[3]_38[0]       |                                                              |               15 |             32 |         2.13 |
|  GCLK_IBUF_BUFG | sha256d/sha2/w_counter/FSM_onehot_currentstate_reg[3]_26[0]       |                                                              |               16 |             32 |         2.00 |
|  GCLK_IBUF_BUFG | sha256d/sha2/w_counter/FSM_onehot_currentstate_reg[3]_8[0]        |                                                              |               13 |             32 |         2.46 |
|  GCLK_IBUF_BUFG | sha256d/sha2/w_counter/FSM_onehot_currentstate_reg[3]_36[0]       |                                                              |               15 |             32 |         2.13 |
|  GCLK_IBUF_BUFG | sha256d/sha2/w_counter/FSM_onehot_currentstate_reg[3]_35[0]       |                                                              |               17 |             32 |         1.88 |
|  GCLK_IBUF_BUFG | sha256d/sha2/w_counter/FSM_onehot_currentstate_reg[3]_29[0]       |                                                              |               16 |             32 |         2.00 |
|  GCLK_IBUF_BUFG | sha256d/sha2/w_counter/FSM_onehot_currentstate_reg[3]_20[0]       |                                                              |               16 |             32 |         2.00 |
|  GCLK_IBUF_BUFG | sha256d/sha2/w_counter/FSM_onehot_currentstate_reg[3]_42[0]       |                                                              |               16 |             32 |         2.00 |
|  GCLK_IBUF_BUFG | sha256d/sha2/w_counter/FSM_onehot_currentstate_reg[3]_18[0]       |                                                              |               19 |             32 |         1.68 |
|  GCLK_IBUF_BUFG | sha256d/sha2/w_counter/FSM_onehot_currentstate_reg[3]_34[0]       |                                                              |               15 |             32 |         2.13 |
|  GCLK_IBUF_BUFG | sha256d/sha2/w_counter/FSM_onehot_currentstate_reg[3]_4[0]        |                                                              |               14 |             32 |         2.29 |
|  GCLK_IBUF_BUFG | sha256d/sha2/w_counter/FSM_onehot_currentstate_reg[3]_23[0]       |                                                              |               14 |             32 |         2.29 |
|  GCLK_IBUF_BUFG | sha256d/sha2/w_counter/FSM_onehot_currentstate_reg[3]_33[0]       |                                                              |               16 |             32 |         2.00 |
|  GCLK_IBUF_BUFG | sha256d/sha2/w_counter/FSM_onehot_currentstate_reg[3]_45[0]       |                                                              |               14 |             32 |         2.29 |
|  GCLK_IBUF_BUFG | sha256d/sha2/w_counter/FSM_onehot_currentstate_reg[3]_5[0]        |                                                              |               13 |             32 |         2.46 |
|  GCLK_IBUF_BUFG | sha256d/sha2/w_counter/FSM_onehot_currentstate_reg[3]_21[0]       |                                                              |               14 |             32 |         2.29 |
|  GCLK_IBUF_BUFG | sha256d/sha2/w_counter/FSM_onehot_currentstate_reg[3]_6[0]        |                                                              |               13 |             32 |         2.46 |
|  GCLK_IBUF_BUFG | sha256d/sha2/w_counter/FSM_onehot_currentstate_reg[3]_40[0]       |                                                              |               16 |             32 |         2.00 |
|  GCLK_IBUF_BUFG | sha256d/sha2/w_counter/FSM_onehot_currentstate_reg[3]_39[0]       |                                                              |               15 |             32 |         2.13 |
|  GCLK_IBUF_BUFG | sha256d/sha2/w_counter/FSM_onehot_currentstate_reg[3]_16[0]       |                                                              |               17 |             32 |         1.88 |
|  GCLK_IBUF_BUFG | sha256d/sha2/w_counter/FSM_onehot_currentstate_reg[3]_37[0]       |                                                              |               13 |             32 |         2.46 |
|  GCLK_IBUF_BUFG | sha256d/sha2/w_counter/FSM_onehot_currentstate_reg[3]_19[0]       |                                                              |               20 |             32 |         1.60 |
|  GCLK_IBUF_BUFG | sha256d/sha2/w_counter/FSM_onehot_currentstate_reg[3]_41[0]       |                                                              |               15 |             32 |         2.13 |
|  GCLK_IBUF_BUFG | sha256d/sha2/w_counter/FSM_onehot_currentstate_reg[3]_3[0]        |                                                              |               15 |             32 |         2.13 |
|  GCLK_IBUF_BUFG | sha256d/sha2/w_counter/FSM_onehot_currentstate_reg[3]_30[0]       |                                                              |               12 |             32 |         2.67 |
|  GCLK_IBUF_BUFG | sha256d/sha2/w_counter/FSM_onehot_currentstate_reg[3]_17[0]       |                                                              |               14 |             32 |         2.29 |
|  GCLK_IBUF_BUFG | sha256d/sha2/w_counter/FSM_onehot_currentstate_reg[3]_7[0]        |                                                              |               15 |             32 |         2.13 |
|  GCLK_IBUF_BUFG | sha256d/sha2/w_counter/FSM_onehot_currentstate_reg[3]_9[0]        |                                                              |               14 |             32 |         2.29 |
|  GCLK_IBUF_BUFG | sha256d/sha2/w_counter/FSM_onehot_currentstate_reg[3]_28[0]       |                                                              |               13 |             32 |         2.46 |
|  GCLK_IBUF_BUFG | sha256d/sha2/w_counter/FSM_onehot_currentstate_reg[3]_24[0]       |                                                              |               12 |             32 |         2.67 |
|  GCLK_IBUF_BUFG | sha256d/sha2/w_counter/FSM_onehot_currentstate_reg[3]_22[0]       |                                                              |               17 |             32 |         1.88 |
|  GCLK_IBUF_BUFG | sha256d/sha2/w_counter/FSM_onehot_currentstate_reg[3]_25[0]       |                                                              |               15 |             32 |         2.13 |
|  GCLK_IBUF_BUFG | sha256d/sha2/w_counter/FSM_onehot_currentstate_reg[3]_27[0]       |                                                              |               18 |             32 |         1.78 |
|  GCLK_IBUF_BUFG | sha256d/sha2/w_counter/FSM_onehot_currentstate_reg[3]_43[0]       |                                                              |               17 |             32 |         1.88 |
|  GCLK_IBUF_BUFG | sha256d/sha2/w_counter/FSM_onehot_currentstate_reg[3]_2[0]        |                                                              |               17 |             32 |         1.88 |
|  GCLK_IBUF_BUFG | sha256d/sha1/w_counter/FSM_onehot_currentstate_reg[2]_rep__0_14   | sha256d/sha1/W[9][31]_i_1_n_0                                |               13 |             32 |         2.46 |
|  GCLK_IBUF_BUFG | sha256d/sha1/w_counter/FSM_onehot_currentstate_reg[2]_rep__0_12   | sha256d/sha1/W[13][31]_i_1_n_0                               |               11 |             32 |         2.91 |
|  GCLK_IBUF_BUFG | sha256d/sha1/w_counter/FSM_onehot_currentstate_reg[2]_rep__0_8    | sha256d/sha1/W[8][31]_i_1__0_n_0                             |               14 |             32 |         2.29 |
|  GCLK_IBUF_BUFG | sha256d/sha1/w_counter/FSM_onehot_currentstate_reg[2]_rep__0_9    | sha256d/sha1/W[12][31]_i_1_n_0                               |               15 |             32 |         2.13 |
|  GCLK_IBUF_BUFG | sha256d/sha1/w_counter/FSM_onehot_currentstate_reg[2]_rep__0_11   | sha256d/sha1/W[10][31]_i_1_n_0                               |               15 |             32 |         2.13 |
|  GCLK_IBUF_BUFG | sha256d/sha1/w_counter/FSM_onehot_currentstate_reg[2]_rep__0_1    | sha256d/sha1/W[7][31]_i_1__0_n_0                             |               13 |             32 |         2.46 |
|  GCLK_IBUF_BUFG | sha256d/sha1/w_counter/FSM_onehot_currentstate_reg[2]_rep__0_2    | sha256d/sha1/W[6][31]_i_1__0_n_0                             |               14 |             32 |         2.29 |
|  GCLK_IBUF_BUFG | sha256d/sha1/w_counter/FSM_onehot_currentstate_reg[2]_rep__0_5    | sha256d/sha1/W[3][31]_i_1__0_n_0                             |               14 |             32 |         2.29 |
|  GCLK_IBUF_BUFG | sha256d/sha1/w_counter/FSM_onehot_currentstate_reg[2]_rep__0_6    | sha256d/sha1/W[2][31]_i_1__0_n_0                             |               17 |             32 |         1.88 |
|  GCLK_IBUF_BUFG | sha256d/sha1/w_counter/FSM_onehot_currentstate_reg[2]_rep__0_4    | sha256d/sha1/W[4][31]_i_1__0_n_0                             |               13 |             32 |         2.46 |
|  GCLK_IBUF_BUFG | sha256d/sha1/w_counter/FSM_onehot_currentstate_reg[2]_rep__0_10   | sha256d/sha1/W[14][31]_i_1_n_0                               |               15 |             32 |         2.13 |
|  GCLK_IBUF_BUFG | sha256d/sha1/w_counter/FSM_onehot_currentstate_reg[2]_rep__0_3    | sha256d/sha1/W[5][31]_i_1__0_n_0                             |               12 |             32 |         2.67 |
|  GCLK_IBUF_BUFG | sha256d/sha1/w_counter/FSM_onehot_currentstate_reg[2]_rep__0_7    | sha256d/sha1/W[1][31]_i_1__0_n_0                             |               11 |             32 |         2.91 |
|  GCLK_IBUF_BUFG | sha256d/sha1/w_counter/FSM_onehot_currentstate_reg[2]_rep__0_13   | sha256d/sha1/W[11][31]_i_1_n_0                               |                9 |             32 |         3.56 |
|  GCLK_IBUF_BUFG | sha256d/sha2/w_counter/FSM_onehot_currentstate_reg[2]_rep__0_8    | sha256d/sha2/W[9][31]_i_1__0_n_0                             |               14 |             32 |         2.29 |
|  GCLK_IBUF_BUFG | sha256d/sha2/w_counter/FSM_onehot_currentstate_reg[2]_rep__0_6    | sha256d/sha2/W[13][31]_i_1__0_n_0                            |               14 |             32 |         2.29 |
|  GCLK_IBUF_BUFG | sha256d/sha2/w_counter/FSM_onehot_currentstate_reg[2]_rep__0_5    | sha256d/sha2/W[10][31]_i_1__0_n_0                            |                8 |             32 |         4.00 |
|  GCLK_IBUF_BUFG | sha256d/sha2/w_counter/FSM_onehot_currentstate_reg[2]_rep__0_4    | sha256d/sha2/W[14][31]_i_1__0_n_0                            |               12 |             32 |         2.67 |
|  GCLK_IBUF_BUFG | sha256d/sha2/w_counter/FSM_onehot_currentstate_reg[2]_rep__0_3    | sha256d/sha2/W[12][31]_i_1__0_n_0                            |               14 |             32 |         2.29 |
|  GCLK_IBUF_BUFG | sha256d/sha1/w_counter/FSM_onehot_currentstate_reg[3]_12[0]       |                                                              |               12 |             32 |         2.67 |
|  GCLK_IBUF_BUFG | sha256d/sha2/w_counter/FSM_onehot_currentstate_reg[2]_rep__0_7    | sha256d/sha2/W[11][31]_i_1__0_n_0                            |               17 |             32 |         1.88 |
|  GCLK_IBUF_BUFG | sha256d/sha1/w_counter/FSM_onehot_currentstate_reg[3][0]          |                                                              |               12 |             32 |         2.67 |
|  GCLK_IBUF_BUFG |                                                                   |                                                              |               21 |             41 |         1.95 |
|  GCLK_IBUF_BUFG | sha256d/sha2/w_counter/the_count[6]_i_1__3_n_0                    |                                                              |               33 |             45 |         1.36 |
|  GCLK_IBUF_BUFG | sha256d/sha1/w_counter/the_count[6]_i_1__0_n_0                    |                                                              |               29 |             45 |         1.55 |
|  GCLK_IBUF_BUFG | sha256d/sha1/T1                                                   |                                                              |               16 |             64 |         4.00 |
|  GCLK_IBUF_BUFG | sha256d/sha2/T1                                                   |                                                              |               16 |             64 |         4.00 |
|  GCLK_IBUF_BUFG | sha256d/sha1/hv[7]_0                                              | sha256d/sha1/hv_reg[7]0                                      |               64 |            256 |         4.00 |
|  GCLK_IBUF_BUFG | sha256d/sha1/words[7][31]_i_1_n_0                                 |                                                              |               87 |            256 |         2.94 |
|  GCLK_IBUF_BUFG | sha256d/sha1/done1                                                |                                                              |               84 |            256 |         3.05 |
|  GCLK_IBUF_BUFG | sha256d/sha2/hv[7]_72                                             | sha256d/sha2/hv_reg[7]0                                      |               64 |            256 |         4.00 |
|  GCLK_IBUF_BUFG | sha256d/sha2/words[7][31]_i_1__0_n_0                              |                                                              |               95 |            256 |         2.69 |
|  GCLK_IBUF_BUFG | sha256d/sha2/message_block_counter/E[0]                           |                                                              |               63 |            263 |         4.17 |
+-----------------+-------------------------------------------------------------------+--------------------------------------------------------------+------------------+----------------+--------------+


