Copyright 1986-2020 Xilinx, Inc. All Rights Reserved.
--------------------------------------------------------------------------------------------------------------------------------------------
| Tool Version : Vivado v.2020.2 (win64) Build 3064766 Wed Nov 18 09:12:45 MST 2020
| Date         : Tue May 25 14:12:47 2021
| Host         : LAPTOP-S28JR86F running 64-bit major release  (build 9200)
| Command      : report_methodology -file IO_methodology_drc_routed.rpt -pb IO_methodology_drc_routed.pb -rpx IO_methodology_drc_routed.rpx
| Design       : IO
| Device       : xc7z020clg484-1
| Speed File   : -1
| Design State : Fully Routed
--------------------------------------------------------------------------------------------------------------------------------------------

Report Methodology

Table of Contents
-----------------
1. REPORT SUMMARY
2. REPORT DETAILS

1. REPORT SUMMARY
-----------------
            Netlist: netlist
          Floorplan: design_1
      Design limits: <entire design considered>
             Max violations: <unlimited>
             Violations found: 15
+-----------+----------+-------------------------------+------------+
| Rule      | Severity | Description                   | Violations |
+-----------+----------+-------------------------------+------------+
| TIMING-18 | Warning  | Missing input or output delay | 15         |
+-----------+----------+-------------------------------+------------+

2. REPORT DETAILS
-----------------
TIMING-18#1 Warning
Missing input or output delay  
An input delay is missing on input[0] relative to clock(s) GCLK
Related violations: <none>

TIMING-18#2 Warning
Missing input or output delay  
An input delay is missing on input[1] relative to clock(s) GCLK
Related violations: <none>

TIMING-18#3 Warning
Missing input or output delay  
An input delay is missing on input[2] relative to clock(s) GCLK
Related violations: <none>

TIMING-18#4 Warning
Missing input or output delay  
An input delay is missing on input[3] relative to clock(s) GCLK
Related violations: <none>

TIMING-18#5 Warning
Missing input or output delay  
An input delay is missing on input[4] relative to clock(s) GCLK
Related violations: <none>

TIMING-18#6 Warning
Missing input or output delay  
An input delay is missing on input[5] relative to clock(s) GCLK
Related violations: <none>

TIMING-18#7 Warning
Missing input or output delay  
An input delay is missing on input[6] relative to clock(s) GCLK
Related violations: <none>

TIMING-18#8 Warning
Missing input or output delay  
An output delay is missing on outputLed[0] relative to clock(s) GCLK
Related violations: <none>

TIMING-18#9 Warning
Missing input or output delay  
An output delay is missing on outputLed[1] relative to clock(s) GCLK
Related violations: <none>

TIMING-18#10 Warning
Missing input or output delay  
An output delay is missing on outputLed[2] relative to clock(s) GCLK
Related violations: <none>

TIMING-18#11 Warning
Missing input or output delay  
An output delay is missing on outputLed[3] relative to clock(s) GCLK
Related violations: <none>

TIMING-18#12 Warning
Missing input or output delay  
An output delay is missing on outputLed[4] relative to clock(s) GCLK
Related violations: <none>

TIMING-18#13 Warning
Missing input or output delay  
An output delay is missing on outputLed[5] relative to clock(s) GCLK
Related violations: <none>

TIMING-18#14 Warning
Missing input or output delay  
An output delay is missing on outputLed[6] relative to clock(s) GCLK
Related violations: <none>

TIMING-18#15 Warning
Missing input or output delay  
An output delay is missing on outputLed[7] relative to clock(s) GCLK
Related violations: <none>


