
*** Running vivado
    with args -log design_1_multi_sha256d_axi_ip_0_1.vds -m64 -product Vivado -mode batch -messageDb vivado.pb -notrace -source design_1_multi_sha256d_axi_ip_0_1.tcl



****** Vivado v2020.2 (64-bit)
  **** SW Build 3064766 on Wed Nov 18 09:12:45 MST 2020
  **** IP Build 3064653 on Wed Nov 18 14:17:31 MST 2020
    ** Copyright 1986-2020 Xilinx, Inc. All Rights Reserved.

source design_1_multi_sha256d_axi_ip_0_1.tcl -notrace
INFO: [IP_Flow 19-234] Refreshing IP repositories
INFO: [IP_Flow 19-1700] Loaded user IP repository 'd:/Uni/RL/ip_repo/multi_sha256d_axi_ip_intr_1.0'.
INFO: [IP_Flow 19-1700] Loaded user IP repository 'd:/Uni/RL/sha256d_zedboard/ip_repo/multi_sha256d_axi_ip_1.0'.
INFO: [IP_Flow 19-1700] Loaded user IP repository 'd:/Uni/RL/sha256d_zedboard/ip_repo/sha256d_axi_ip_1.0'.
INFO: [IP_Flow 19-2313] Loaded Vivado IP repository 'D:/Xilinx/Vivado/2020.2/data/ip'.
Command: synth_design -top design_1_multi_sha256d_axi_ip_0_1 -part xc7z020clg484-1 -mode out_of_context
Starting synth_design
Attempting to get a license for feature 'Synthesis' and/or device 'xc7z020'
INFO: [Common 17-349] Got license for feature 'Synthesis' and/or device 'xc7z020'
INFO: [Device 21-403] Loading part xc7z020clg484-1
INFO: [Synth 8-7079] Multithreading enabled for synth_design using a maximum of 2 processes.
INFO: [Synth 8-7078] Launching helper process for spawning children vivado processes
INFO: [Synth 8-7075] Helper process launched with PID 58360
---------------------------------------------------------------------------------
Starting RTL Elaboration : Time (s): cpu = 00:00:07 ; elapsed = 00:00:06 . Memory (MB): peak = 1110.035 ; gain = 0.000
---------------------------------------------------------------------------------
INFO: [Synth 8-638] synthesizing module 'design_1_multi_sha256d_axi_ip_0_1' [d:/Uni/RL/sha256d_zedboard/sha256d_final.gen/sources_1/bd/design_1/ip/design_1_multi_sha256d_axi_ip_0_1/synth/design_1_multi_sha256d_axi_ip_0_1.vhd:105]
	Parameter C_S_AXI_INTR_DATA_WIDTH bound to: 32 - type: integer 
	Parameter C_S_AXI_INTR_ADDR_WIDTH bound to: 5 - type: integer 
	Parameter C_NUM_OF_INTR bound to: 1 - type: integer 
	Parameter C_INTR_SENSITIVITY bound to: 32'b11111111111111111111111111111111 
	Parameter C_INTR_ACTIVE_STATE bound to: 32'b11111111111111111111111111111111 
	Parameter C_IRQ_SENSITIVITY bound to: 1 - type: integer 
	Parameter C_IRQ_ACTIVE_STATE bound to: 1 - type: integer 
	Parameter C_S00_AXI_DATA_WIDTH bound to: 32 - type: integer 
	Parameter C_S00_AXI_ADDR_WIDTH bound to: 7 - type: integer 
	Parameter SHA256D_INST_N bound to: 8 - type: integer 
INFO: [Synth 8-3491] module 'multi_sha256d_axi_ip_intr_v1_0' declared at 'd:/Uni/RL/sha256d_zedboard/sha256d_final.gen/sources_1/bd/design_1/ipshared/42ef/hdl/multi_sha256d_axi_ip_intr_v1_0.vhd:5' bound to instance 'U0' of component 'multi_sha256d_axi_ip_intr_v1_0' [d:/Uni/RL/sha256d_zedboard/sha256d_final.gen/sources_1/bd/design_1/ip/design_1_multi_sha256d_axi_ip_0_1/synth/design_1_multi_sha256d_axi_ip_0_1.vhd:229]
INFO: [Synth 8-638] synthesizing module 'multi_sha256d_axi_ip_intr_v1_0' [d:/Uni/RL/sha256d_zedboard/sha256d_final.gen/sources_1/bd/design_1/ipshared/42ef/hdl/multi_sha256d_axi_ip_intr_v1_0.vhd:81]
	Parameter SHA256D_INST_N bound to: 8 - type: integer 
	Parameter C_S00_AXI_DATA_WIDTH bound to: 32 - type: integer 
	Parameter C_S00_AXI_ADDR_WIDTH bound to: 7 - type: integer 
	Parameter C_S_AXI_INTR_DATA_WIDTH bound to: 32 - type: integer 
	Parameter C_S_AXI_INTR_ADDR_WIDTH bound to: 5 - type: integer 
	Parameter C_NUM_OF_INTR bound to: 1 - type: integer 
	Parameter C_INTR_SENSITIVITY bound to: -1 - type: integer 
	Parameter C_INTR_ACTIVE_STATE bound to: -1 - type: integer 
	Parameter C_IRQ_SENSITIVITY bound to: 1 - type: integer 
	Parameter C_IRQ_ACTIVE_STATE bound to: 1 - type: integer 
	Parameter SIZE bound to: 640 - type: integer 
	Parameter SHA256D_INST_N bound to: 8 - type: integer 
	Parameter C_S_AXI_DATA_WIDTH bound to: 32 - type: integer 
	Parameter C_S_AXI_ADDR_WIDTH bound to: 7 - type: integer 
INFO: [Synth 8-3491] module 'multi_sha256d_axi_ip_intr_v1_0_S00_AXI' declared at 'd:/Uni/RL/sha256d_zedboard/sha256d_final.gen/sources_1/bd/design_1/ipshared/42ef/hdl/multi_sha256d_axi_ip_intr_v1_0_S00_AXI.vhd:5' bound to instance 'multi_sha256d_axi_ip_intr_v1_0_S00_AXI_inst' of component 'multi_sha256d_axi_ip_intr_v1_0_S00_AXI' [d:/Uni/RL/sha256d_zedboard/sha256d_final.gen/sources_1/bd/design_1/ipshared/42ef/hdl/multi_sha256d_axi_ip_intr_v1_0.vhd:202]
INFO: [Synth 8-638] synthesizing module 'multi_sha256d_axi_ip_intr_v1_0_S00_AXI' [d:/Uni/RL/sha256d_zedboard/sha256d_final.gen/sources_1/bd/design_1/ipshared/42ef/hdl/multi_sha256d_axi_ip_intr_v1_0_S00_AXI.vhd:88]
	Parameter SIZE bound to: 640 - type: integer 
	Parameter SHA256D_INST_N bound to: 8 - type: integer 
	Parameter C_S_AXI_DATA_WIDTH bound to: 32 - type: integer 
	Parameter C_S_AXI_ADDR_WIDTH bound to: 7 - type: integer 
WARNING: [Synth 8-614] signal 'output' is read in the process but is not in the sensitivity list [d:/Uni/RL/sha256d_zedboard/sha256d_final.gen/sources_1/bd/design_1/ipshared/42ef/hdl/multi_sha256d_axi_ip_intr_v1_0_S00_AXI.vhd:634]
WARNING: [Synth 8-614] signal 'hash' is read in the process but is not in the sensitivity list [d:/Uni/RL/sha256d_zedboard/sha256d_final.gen/sources_1/bd/design_1/ipshared/42ef/hdl/multi_sha256d_axi_ip_intr_v1_0_S00_AXI.vhd:634]
WARNING: [Synth 8-614] signal 'sha256d_done' is read in the process but is not in the sensitivity list [d:/Uni/RL/sha256d_zedboard/sha256d_final.gen/sources_1/bd/design_1/ipshared/42ef/hdl/multi_sha256d_axi_ip_intr_v1_0_S00_AXI.vhd:634]
	Parameter N_INST bound to: 8 - type: integer 
INFO: [Synth 8-3491] module 'multi_sha256d' declared at 'd:/Uni/RL/sha256d_zedboard/sha256d_final.gen/sources_1/bd/design_1/ipshared/42ef/src/multi_sha256d.vhd:34' bound to instance 'multi_sha256d_inst' of component 'multi_sha256d' [d:/Uni/RL/sha256d_zedboard/sha256d_final.gen/sources_1/bd/design_1/ipshared/42ef/hdl/multi_sha256d_axi_ip_intr_v1_0_S00_AXI.vhd:728]
INFO: [Synth 8-638] synthesizing module 'multi_sha256d' [d:/Uni/RL/sha256d_zedboard/sha256d_final.gen/sources_1/bd/design_1/ipshared/42ef/src/multi_sha256d.vhd:44]
	Parameter N_INST bound to: 8 - type: integer 
INFO: [Synth 8-638] synthesizing module 'sha256d' [d:/Uni/RL/sha256d_zedboard/sha256d_final.gen/sources_1/bd/design_1/ipshared/42ef/src/sha256d.vhd:47]
	Parameter SIZE bound to: 640 - type: integer 
INFO: [Synth 8-638] synthesizing module 'sha256' [d:/Uni/RL/sha256d_zedboard/sha256d_final.gen/sources_1/bd/design_1/ipshared/42ef/src/sha256.vhd:49]
	Parameter SIZE bound to: 640 - type: integer 
INFO: [Synth 8-638] synthesizing module 'counter' [d:/Uni/RL/sha256d_zedboard/sha256d_final.gen/sources_1/bd/design_1/ipshared/42ef/src/counter.vhd:33]
	Parameter SIZE bound to: 7 - type: integer 
	Parameter START bound to: 0 - type: integer 
	Parameter TERMINAL bound to: 1 - type: integer 
INFO: [Synth 8-256] done synthesizing module 'counter' (1#1) [d:/Uni/RL/sha256d_zedboard/sha256d_final.gen/sources_1/bd/design_1/ipshared/42ef/src/counter.vhd:33]
INFO: [Synth 8-638] synthesizing module 'counter__parameterized0' [d:/Uni/RL/sha256d_zedboard/sha256d_final.gen/sources_1/bd/design_1/ipshared/42ef/src/counter.vhd:33]
	Parameter SIZE bound to: 7 - type: integer 
	Parameter START bound to: 0 - type: integer 
	Parameter TERMINAL bound to: 63 - type: integer 
INFO: [Synth 8-256] done synthesizing module 'counter__parameterized0' (1#1) [d:/Uni/RL/sha256d_zedboard/sha256d_final.gen/sources_1/bd/design_1/ipshared/42ef/src/counter.vhd:33]
WARNING: [Synth 8-614] signal 'hv' is read in the process but is not in the sensitivity list [d:/Uni/RL/sha256d_zedboard/sha256d_final.gen/sources_1/bd/design_1/ipshared/42ef/src/sha256.vhd:137]
WARNING: [Synth 8-614] signal 'words' is read in the process but is not in the sensitivity list [d:/Uni/RL/sha256d_zedboard/sha256d_final.gen/sources_1/bd/design_1/ipshared/42ef/src/sha256.vhd:137]
WARNING: [Synth 8-614] signal 'T1' is read in the process but is not in the sensitivity list [d:/Uni/RL/sha256d_zedboard/sha256d_final.gen/sources_1/bd/design_1/ipshared/42ef/src/sha256.vhd:137]
WARNING: [Synth 8-614] signal 'T2' is read in the process but is not in the sensitivity list [d:/Uni/RL/sha256d_zedboard/sha256d_final.gen/sources_1/bd/design_1/ipshared/42ef/src/sha256.vhd:137]
WARNING: [Synth 8-614] signal 'smallS0' is read in the process but is not in the sensitivity list [d:/Uni/RL/sha256d_zedboard/sha256d_final.gen/sources_1/bd/design_1/ipshared/42ef/src/sha256.vhd:137]
WARNING: [Synth 8-614] signal 'smallS1' is read in the process but is not in the sensitivity list [d:/Uni/RL/sha256d_zedboard/sha256d_final.gen/sources_1/bd/design_1/ipshared/42ef/src/sha256.vhd:137]
WARNING: [Synth 8-614] signal 'W' is read in the process but is not in the sensitivity list [d:/Uni/RL/sha256d_zedboard/sha256d_final.gen/sources_1/bd/design_1/ipshared/42ef/src/sha256.vhd:137]
WARNING: [Synth 8-614] signal 'message_blocks' is read in the process but is not in the sensitivity list [d:/Uni/RL/sha256d_zedboard/sha256d_final.gen/sources_1/bd/design_1/ipshared/42ef/src/sha256.vhd:137]
WARNING: [Synth 8-614] signal 'w_counter_int_val' is read in the process but is not in the sensitivity list [d:/Uni/RL/sha256d_zedboard/sha256d_final.gen/sources_1/bd/design_1/ipshared/42ef/src/sha256.vhd:198]
INFO: [Synth 8-256] done synthesizing module 'sha256' (2#1) [d:/Uni/RL/sha256d_zedboard/sha256d_final.gen/sources_1/bd/design_1/ipshared/42ef/src/sha256.vhd:49]
INFO: [Synth 8-638] synthesizing module 'sha256__parameterized0' [d:/Uni/RL/sha256d_zedboard/sha256d_final.gen/sources_1/bd/design_1/ipshared/42ef/src/sha256.vhd:49]
	Parameter SIZE bound to: 256 - type: integer 
INFO: [Synth 8-638] synthesizing module 'counter__parameterized1' [d:/Uni/RL/sha256d_zedboard/sha256d_final.gen/sources_1/bd/design_1/ipshared/42ef/src/counter.vhd:33]
	Parameter SIZE bound to: 7 - type: integer 
	Parameter START bound to: 0 - type: integer 
	Parameter TERMINAL bound to: 0 - type: integer 
INFO: [Synth 8-256] done synthesizing module 'counter__parameterized1' (2#1) [d:/Uni/RL/sha256d_zedboard/sha256d_final.gen/sources_1/bd/design_1/ipshared/42ef/src/counter.vhd:33]
WARNING: [Synth 8-614] signal 'hv' is read in the process but is not in the sensitivity list [d:/Uni/RL/sha256d_zedboard/sha256d_final.gen/sources_1/bd/design_1/ipshared/42ef/src/sha256.vhd:137]
WARNING: [Synth 8-614] signal 'words' is read in the process but is not in the sensitivity list [d:/Uni/RL/sha256d_zedboard/sha256d_final.gen/sources_1/bd/design_1/ipshared/42ef/src/sha256.vhd:137]
WARNING: [Synth 8-614] signal 'T1' is read in the process but is not in the sensitivity list [d:/Uni/RL/sha256d_zedboard/sha256d_final.gen/sources_1/bd/design_1/ipshared/42ef/src/sha256.vhd:137]
WARNING: [Synth 8-614] signal 'T2' is read in the process but is not in the sensitivity list [d:/Uni/RL/sha256d_zedboard/sha256d_final.gen/sources_1/bd/design_1/ipshared/42ef/src/sha256.vhd:137]
WARNING: [Synth 8-614] signal 'smallS0' is read in the process but is not in the sensitivity list [d:/Uni/RL/sha256d_zedboard/sha256d_final.gen/sources_1/bd/design_1/ipshared/42ef/src/sha256.vhd:137]
WARNING: [Synth 8-614] signal 'smallS1' is read in the process but is not in the sensitivity list [d:/Uni/RL/sha256d_zedboard/sha256d_final.gen/sources_1/bd/design_1/ipshared/42ef/src/sha256.vhd:137]
WARNING: [Synth 8-614] signal 'W' is read in the process but is not in the sensitivity list [d:/Uni/RL/sha256d_zedboard/sha256d_final.gen/sources_1/bd/design_1/ipshared/42ef/src/sha256.vhd:137]
WARNING: [Synth 8-614] signal 'message_blocks' is read in the process but is not in the sensitivity list [d:/Uni/RL/sha256d_zedboard/sha256d_final.gen/sources_1/bd/design_1/ipshared/42ef/src/sha256.vhd:137]
WARNING: [Synth 8-614] signal 'w_counter_int_val' is read in the process but is not in the sensitivity list [d:/Uni/RL/sha256d_zedboard/sha256d_final.gen/sources_1/bd/design_1/ipshared/42ef/src/sha256.vhd:198]
INFO: [Synth 8-256] done synthesizing module 'sha256__parameterized0' (2#1) [d:/Uni/RL/sha256d_zedboard/sha256d_final.gen/sources_1/bd/design_1/ipshared/42ef/src/sha256.vhd:49]
WARNING: [Synth 8-614] signal 'ready1' is read in the process but is not in the sensitivity list [d:/Uni/RL/sha256d_zedboard/sha256d_final.gen/sources_1/bd/design_1/ipshared/42ef/src/sha256d.vhd:88]
WARNING: [Synth 8-614] signal 'ready2' is read in the process but is not in the sensitivity list [d:/Uni/RL/sha256d_zedboard/sha256d_final.gen/sources_1/bd/design_1/ipshared/42ef/src/sha256d.vhd:88]
INFO: [Synth 8-256] done synthesizing module 'sha256d' (3#1) [d:/Uni/RL/sha256d_zedboard/sha256d_final.gen/sources_1/bd/design_1/ipshared/42ef/src/sha256d.vhd:47]
WARNING: [Synth 8-614] signal 'nonce' is read in the process but is not in the sensitivity list [d:/Uni/RL/sha256d_zedboard/sha256d_final.gen/sources_1/bd/design_1/ipshared/42ef/src/multi_sha256d.vhd:161]
WARNING: [Synth 8-614] signal 'sha_done' is read in the process but is not in the sensitivity list [d:/Uni/RL/sha256d_zedboard/sha256d_final.gen/sources_1/bd/design_1/ipshared/42ef/src/multi_sha256d.vhd:161]
WARNING: [Synth 8-614] signal 'out_nonce' is read in the process but is not in the sensitivity list [d:/Uni/RL/sha256d_zedboard/sha256d_final.gen/sources_1/bd/design_1/ipshared/42ef/src/multi_sha256d.vhd:175]
WARNING: [Synth 8-614] signal 'out_hash' is read in the process but is not in the sensitivity list [d:/Uni/RL/sha256d_zedboard/sha256d_final.gen/sources_1/bd/design_1/ipshared/42ef/src/multi_sha256d.vhd:175]
WARNING: [Synth 8-614] signal 'nonce' is read in the process but is not in the sensitivity list [d:/Uni/RL/sha256d_zedboard/sha256d_final.gen/sources_1/bd/design_1/ipshared/42ef/src/multi_sha256d.vhd:175]
WARNING: [Synth 8-614] signal 'nonce_index' is read in the process but is not in the sensitivity list [d:/Uni/RL/sha256d_zedboard/sha256d_final.gen/sources_1/bd/design_1/ipshared/42ef/src/multi_sha256d.vhd:175]
WARNING: [Synth 8-614] signal 'output' is read in the process but is not in the sensitivity list [d:/Uni/RL/sha256d_zedboard/sha256d_final.gen/sources_1/bd/design_1/ipshared/42ef/src/multi_sha256d.vhd:175]
INFO: [Synth 8-256] done synthesizing module 'multi_sha256d' (4#1) [d:/Uni/RL/sha256d_zedboard/sha256d_final.gen/sources_1/bd/design_1/ipshared/42ef/src/multi_sha256d.vhd:44]
WARNING: [Synth 8-614] signal 'hash' is read in the process but is not in the sensitivity list [d:/Uni/RL/sha256d_zedboard/sha256d_final.gen/sources_1/bd/design_1/ipshared/42ef/hdl/multi_sha256d_axi_ip_intr_v1_0_S00_AXI.vhd:740]
WARNING: [Synth 8-614] signal 'output' is read in the process but is not in the sensitivity list [d:/Uni/RL/sha256d_zedboard/sha256d_final.gen/sources_1/bd/design_1/ipshared/42ef/hdl/multi_sha256d_axi_ip_intr_v1_0_S00_AXI.vhd:740]
WARNING: [Synth 8-614] signal 'sha256d_output' is read in the process but is not in the sensitivity list [d:/Uni/RL/sha256d_zedboard/sha256d_final.gen/sources_1/bd/design_1/ipshared/42ef/hdl/multi_sha256d_axi_ip_intr_v1_0_S00_AXI.vhd:740]
WARNING: [Synth 8-614] signal 'sha256d_hash' is read in the process but is not in the sensitivity list [d:/Uni/RL/sha256d_zedboard/sha256d_final.gen/sources_1/bd/design_1/ipshared/42ef/hdl/multi_sha256d_axi_ip_intr_v1_0_S00_AXI.vhd:740]
INFO: [Synth 8-256] done synthesizing module 'multi_sha256d_axi_ip_intr_v1_0_S00_AXI' (5#1) [d:/Uni/RL/sha256d_zedboard/sha256d_final.gen/sources_1/bd/design_1/ipshared/42ef/hdl/multi_sha256d_axi_ip_intr_v1_0_S00_AXI.vhd:88]
	Parameter C_S_AXI_DATA_WIDTH bound to: 32 - type: integer 
	Parameter C_S_AXI_ADDR_WIDTH bound to: 5 - type: integer 
	Parameter C_NUM_OF_INTR bound to: 1 - type: integer 
	Parameter C_INTR_SENSITIVITY bound to: 32'b11111111111111111111111111111111 
	Parameter C_INTR_ACTIVE_STATE bound to: 32'b11111111111111111111111111111111 
	Parameter C_IRQ_SENSITIVITY bound to: 1 - type: integer 
	Parameter C_IRQ_ACTIVE_STATE bound to: 1 - type: integer 
INFO: [Synth 8-3491] module 'multi_sha256d_axi_ip_intr_v1_0_S_AXI_INTR' declared at 'd:/Uni/RL/sha256d_zedboard/sha256d_final.gen/sources_1/bd/design_1/ipshared/42ef/hdl/multi_sha256d_axi_ip_intr_v1_0_S_AXI_INTR.vhd:5' bound to instance 'multi_sha256d_axi_ip_intr_v1_0_S_AXI_INTR_inst' of component 'multi_sha256d_axi_ip_intr_v1_0_S_AXI_INTR' [d:/Uni/RL/sha256d_zedboard/sha256d_final.gen/sources_1/bd/design_1/ipshared/42ef/hdl/multi_sha256d_axi_ip_intr_v1_0.vhd:237]
INFO: [Synth 8-638] synthesizing module 'multi_sha256d_axi_ip_intr_v1_0_S_AXI_INTR' [d:/Uni/RL/sha256d_zedboard/sha256d_final.gen/sources_1/bd/design_1/ipshared/42ef/hdl/multi_sha256d_axi_ip_intr_v1_0_S_AXI_INTR.vhd:98]
	Parameter C_S_AXI_DATA_WIDTH bound to: 32 - type: integer 
	Parameter C_S_AXI_ADDR_WIDTH bound to: 5 - type: integer 
	Parameter C_NUM_OF_INTR bound to: 1 - type: integer 
	Parameter C_INTR_SENSITIVITY bound to: -1 - type: integer 
	Parameter C_INTR_ACTIVE_STATE bound to: -1 - type: integer 
	Parameter C_IRQ_SENSITIVITY bound to: 1 - type: integer 
	Parameter C_IRQ_ACTIVE_STATE bound to: 1 - type: integer 
INFO: [Synth 8-256] done synthesizing module 'multi_sha256d_axi_ip_intr_v1_0_S_AXI_INTR' (6#1) [d:/Uni/RL/sha256d_zedboard/sha256d_final.gen/sources_1/bd/design_1/ipshared/42ef/hdl/multi_sha256d_axi_ip_intr_v1_0_S_AXI_INTR.vhd:98]
INFO: [Synth 8-256] done synthesizing module 'multi_sha256d_axi_ip_intr_v1_0' (7#1) [d:/Uni/RL/sha256d_zedboard/sha256d_final.gen/sources_1/bd/design_1/ipshared/42ef/hdl/multi_sha256d_axi_ip_intr_v1_0.vhd:81]
INFO: [Synth 8-256] done synthesizing module 'design_1_multi_sha256d_axi_ip_0_1' (8#1) [d:/Uni/RL/sha256d_zedboard/sha256d_final.gen/sources_1/bd/design_1/ip/design_1_multi_sha256d_axi_ip_0_1/synth/design_1_multi_sha256d_axi_ip_0_1.vhd:105]
---------------------------------------------------------------------------------
Finished RTL Elaboration : Time (s): cpu = 00:00:11 ; elapsed = 00:00:11 . Memory (MB): peak = 1188.812 ; gain = 78.777
---------------------------------------------------------------------------------
---------------------------------------------------------------------------------
Start Handling Custom Attributes
---------------------------------------------------------------------------------
---------------------------------------------------------------------------------
Finished Handling Custom Attributes : Time (s): cpu = 00:00:12 ; elapsed = 00:00:12 . Memory (MB): peak = 1188.812 ; gain = 78.777
---------------------------------------------------------------------------------
---------------------------------------------------------------------------------
Finished RTL Optimization Phase 1 : Time (s): cpu = 00:00:12 ; elapsed = 00:00:12 . Memory (MB): peak = 1188.812 ; gain = 78.777
---------------------------------------------------------------------------------
Netlist sorting complete. Time (s): cpu = 00:00:01 ; elapsed = 00:00:01 . Memory (MB): peak = 1188.812 ; gain = 0.000
INFO: [Project 1-570] Preparing netlist for logic optimization

Processing XDC Constraints
Initializing timing engine
